01/22/19 15:19:51 Setting maximum file descriptors to 80000.
01/22/19 15:19:51 ******************************************************
01/22/19 15:19:51 ** condor_scheduniv_exec.13535271.0 (CONDOR_DAGMAN) STARTING UP
01/22/19 15:19:51 ** /usr/bin/condor_dagman
01/22/19 15:19:51 ** SubsystemInfo: name=DAGMAN type=DAGMAN(10) class=DAEMON(1)
01/22/19 15:19:51 ** Configuration: subsystem:DAGMAN local:<NONE> class:DAEMON
01/22/19 15:19:51 ** $CondorVersion: 8.7.7 Mar 13 2018 BuildID: 435313 $
01/22/19 15:19:51 ** $CondorPlatform: x86_64_RedHat7 $
01/22/19 15:19:51 ** PID = 108201
01/22/19 15:19:51 ** Log last touched time unavailable (No such file or directory)
01/22/19 15:19:51 ******************************************************
01/22/19 15:19:51 Using config source: /etc/condor/condor_config
01/22/19 15:19:51 Using local config sources: 
01/22/19 15:19:51    /etc/condor/config.d/00_logging
01/22/19 15:19:51    /etc/condor/config.d/00_security
01/22/19 15:19:51    /etc/condor/config.d/20_ganglia
01/22/19 15:19:51    /etc/condor/config.d/20_master_daemons
01/22/19 15:19:51    /etc/condor/config.d/20_schedd
01/22/19 15:19:51    /etc/condor/config.d/20_schedd_limit_num_jobs
01/22/19 15:19:51    /etc/condor/config.d/20_schedd_stats
01/22/19 15:19:51    /etc/condor/config.d/20_schedd_stats_rss
01/22/19 15:19:51    /etc/condor/config.d/20_shared_port
01/22/19 15:19:51    /etc/condor/config.d/20_submit
01/22/19 15:19:51    /etc/condor/config.d/21_submit_singularity
01/22/19 15:19:51    /etc/condor/config.d/60_npx_submit
01/22/19 15:19:51    /etc/condor/config.d/60_npx_submit_sane_reqs
01/22/19 15:19:51    /etc/condor/config.d/99_block_submissions_group_long
01/22/19 15:19:51    /etc/condor/condor_config.local
01/22/19 15:19:51 config Macros = 134, Sorted = 134, StringBytes = 5430, TablesBytes = 4984
01/22/19 15:19:51 CLASSAD_CACHING is ENABLED
01/22/19 15:19:51 Daemon Log is logging: D_ALWAYS D_ERROR
01/22/19 15:19:51 DaemonCore: No command port requested.
01/22/19 15:19:51 DAGMAN_USE_STRICT setting: 1
01/22/19 15:19:51 DAGMAN_VERBOSITY setting: 3
01/22/19 15:19:51 DAGMAN_DEBUG_CACHE_SIZE setting: 5242880
01/22/19 15:19:51 DAGMAN_DEBUG_CACHE_ENABLE setting: False
01/22/19 15:19:51 DAGMAN_SUBMIT_DELAY setting: 1
01/22/19 15:19:51 DAGMAN_MAX_SUBMIT_ATTEMPTS setting: 6
01/22/19 15:19:51 DAGMAN_STARTUP_CYCLE_DETECT setting: False
01/22/19 15:19:51 DAGMAN_MAX_SUBMITS_PER_INTERVAL setting: 5
01/22/19 15:19:51 DAGMAN_AGGRESSIVE_SUBMIT setting: False
01/22/19 15:19:51 DAGMAN_USER_LOG_SCAN_INTERVAL setting: 5
01/22/19 15:19:51 DAGMAN_QUEUE_UPDATE_INTERVAL setting: 300
01/22/19 15:19:51 DAGMAN_DEFAULT_PRIORITY setting: 0
01/22/19 15:19:51 DAGMAN_SUPPRESS_NOTIFICATION setting: True
01/22/19 15:19:51 allow_events (DAGMAN_ALLOW_EVENTS) setting: 114
01/22/19 15:19:51 DAGMAN_RETRY_SUBMIT_FIRST setting: True
01/22/19 15:19:51 DAGMAN_RETRY_NODE_FIRST setting: False
01/22/19 15:19:51 DAGMAN_MAX_JOBS_IDLE setting: 1000
01/22/19 15:19:51 DAGMAN_MAX_JOBS_SUBMITTED setting: 0
01/22/19 15:19:51 DAGMAN_MAX_PRE_SCRIPTS setting: 20
01/22/19 15:19:51 DAGMAN_MAX_POST_SCRIPTS setting: 20
01/22/19 15:19:51 DAGMAN_MUNGE_NODE_NAMES setting: True
01/22/19 15:19:51 DAGMAN_PROHIBIT_MULTI_JOBS setting: False
01/22/19 15:19:51 DAGMAN_SUBMIT_DEPTH_FIRST setting: False
01/22/19 15:19:51 DAGMAN_ALWAYS_RUN_POST setting: False
01/22/19 15:19:51 DAGMAN_ABORT_DUPLICATES setting: True
01/22/19 15:19:51 DAGMAN_ABORT_ON_SCARY_SUBMIT setting: True
01/22/19 15:19:51 DAGMAN_PENDING_REPORT_INTERVAL setting: 600
01/22/19 15:19:51 DAGMAN_AUTO_RESCUE setting: True
01/22/19 15:19:51 DAGMAN_MAX_RESCUE_NUM setting: 100
01/22/19 15:19:51 DAGMAN_WRITE_PARTIAL_RESCUE setting: True
01/22/19 15:19:51 DAGMAN_DEFAULT_NODE_LOG setting: @(DAG_DIR)/@(DAG_FILE).nodes.log
01/22/19 15:19:51 DAGMAN_GENERATE_SUBDAG_SUBMITS setting: True
01/22/19 15:19:51 DAGMAN_MAX_JOB_HOLDS setting: 100
01/22/19 15:19:51 DAGMAN_HOLD_CLAIM_TIME setting: 20
01/22/19 15:19:51 ALL_DEBUG setting: 
01/22/19 15:19:51 DAGMAN_DEBUG setting: 
01/22/19 15:19:51 DAGMAN_SUPPRESS_JOB_LOGS setting: False
01/22/19 15:19:51 DAGMAN_REMOVE_NODE_JOBS setting: True
01/22/19 15:19:51 argv[0] == "condor_scheduniv_exec.13535271.0"
01/22/19 15:19:51 argv[1] == "-Lockfile"
01/22/19 15:19:51 argv[2] == "condor/submit/Nova_GRECO_processing_20190122_03.submit.lock"
01/22/19 15:19:51 argv[3] == "-AutoRescue"
01/22/19 15:19:51 argv[4] == "1"
01/22/19 15:19:51 argv[5] == "-DoRescueFrom"
01/22/19 15:19:51 argv[6] == "0"
01/22/19 15:19:51 argv[7] == "-Dag"
01/22/19 15:19:51 argv[8] == "condor/submit/Nova_GRECO_processing_20190122_03.submit"
01/22/19 15:19:51 argv[9] == "-Suppress_notification"
01/22/19 15:19:51 argv[10] == "-CsdVersion"
01/22/19 15:19:51 argv[11] == "$CondorVersion: 8.7.7 Mar 13 2018 BuildID: 435313 $"
01/22/19 15:19:51 argv[12] == "-Dagman"
01/22/19 15:19:51 argv[13] == "/usr/bin/condor_dagman"
01/22/19 15:19:52 Workflow batch-name: <Nova_GRECO_processing_20190122_03.submit+13535271>
01/22/19 15:19:52 Workflow accounting_group: <>
01/22/19 15:19:52 Workflow accounting_group_user: <>
01/22/19 15:19:52 Warning: failed to get attribute DAGNodeName
01/22/19 15:19:52 DAGMAN_LOG_ON_NFS_IS_ERROR setting: False
01/22/19 15:19:52 Default node log file is: </home/apizzuto/Nova/scripts/pycondorScripts/condor/submit/Nova_GRECO_processing_20190122_03.submit.nodes.log>
01/22/19 15:19:52 DAG Lockfile will be written to condor/submit/Nova_GRECO_processing_20190122_03.submit.lock
01/22/19 15:19:52 DAG Input file is condor/submit/Nova_GRECO_processing_20190122_03.submit
01/22/19 15:19:52 Parsing 1 dagfiles
01/22/19 15:19:52 Parsing condor/submit/Nova_GRECO_processing_20190122_03.submit ...
01/22/19 15:19:52 Dag contains 9 total jobs
01/22/19 15:19:52 Sleeping for 3 seconds to ensure ProcessId uniqueness
01/22/19 15:19:55 Bootstrapping...
01/22/19 15:19:55 Number of pre-completed nodes: 0
01/22/19 15:19:55 MultiLogFiles: truncating log file /home/apizzuto/Nova/scripts/pycondorScripts/condor/submit/Nova_GRECO_processing_20190122_03.submit.nodes.log
01/22/19 15:19:56 DAG status: 0 (DAG_STATUS_OK)
01/22/19 15:19:56 Of 9 nodes total:
01/22/19 15:19:56  Done     Pre   Queued    Post   Ready   Un-Ready   Failed
01/22/19 15:19:56   ===     ===      ===     ===     ===        ===      ===
01/22/19 15:19:56     0       0        0       0       9          0        0
01/22/19 15:19:56 0 job proc(s) currently held
01/22/19 15:19:56 DAGMan Runtime Statistics: [ EventCycleTimeSum = 0.0; EventCycleTimeCount = 0.0; SleepCycleTimeCount = 0.0; SubmitCycleTimeSum = 0.0; SubmitCycleTimeCount = 0.0; LogProcessCycleTimeSum = 0.0; SleepCycleTimeSum = 0.0; LogProcessCycleTimeCount = 0.0; ]
01/22/19 15:19:56 Registering condor_event_timer...
01/22/19 15:19:57 Sleeping for 1 s (DAGMAN_SUBMIT_DELAY) to throttle submissions...
01/22/19 15:19:58 Submitting HTCondor Node GRECO_Simulation_Processing_20190122_03_arg_0 job(s)...
01/22/19 15:19:58 Adding a DAGMan workflow log /home/apizzuto/Nova/scripts/pycondorScripts/condor/submit/Nova_GRECO_processing_20190122_03.submit.nodes.log
01/22/19 15:19:58 Masking the events recorded in the DAGMAN workflow log
01/22/19 15:19:58 Mask for workflow log is 0,1,2,4,5,7,9,10,11,12,13,16,17,24,27,35,36
01/22/19 15:19:58 submitting: /usr/bin/condor_submit -a dag_node_name' '=' 'GRECO_Simulation_Processing_20190122_03_arg_0 -a +DAGManJobId' '=' '13535271 -a DAGManJobId' '=' '13535271 -batch-name Nova_GRECO_processing_20190122_03.submit+13535271 -a submit_event_notes' '=' 'DAG' 'Node:' 'GRECO_Simulation_Processing_20190122_03_arg_0 -a dagman_log' '=' '/home/apizzuto/Nova/scripts/pycondorScripts/condor/submit/Nova_GRECO_processing_20190122_03.submit.nodes.log -a +DAGManNodesMask' '=' '"0,1,2,4,5,7,9,10,11,12,13,16,17,24,27,35,36" -a ARGS' '=' '/data/user/apizzuto/Nova/simulation/genie_nue' '/data/ana/LE/NBI_nutau_appearance/level7_5July2017/genie/12640/Level7*bz2 -a DAG_STATUS' '=' '0 -a FAILED_COUNT' '=' '0 -a notification' '=' 'never -a +DAGParentNodeNames' '=' '"" condor/submit/GRECO_Simulation_Processing_20190122_03.submit
01/22/19 15:19:58 From submit: Submitting job(s).
01/22/19 15:19:58 From submit: 1 job(s) submitted to cluster 13535425.
01/22/19 15:19:58 	assigned HTCondor ID (13535425.0.0)
01/22/19 15:19:58 Sleeping for 1 s (DAGMAN_SUBMIT_DELAY) to throttle submissions...
01/22/19 15:19:59 Submitting HTCondor Node GRECO_Simulation_Processing_20190122_03_arg_1 job(s)...
01/22/19 15:19:59 Adding a DAGMan workflow log /home/apizzuto/Nova/scripts/pycondorScripts/condor/submit/Nova_GRECO_processing_20190122_03.submit.nodes.log
01/22/19 15:19:59 Masking the events recorded in the DAGMAN workflow log
01/22/19 15:19:59 Mask for workflow log is 0,1,2,4,5,7,9,10,11,12,13,16,17,24,27,35,36
01/22/19 15:19:59 submitting: /usr/bin/condor_submit -a dag_node_name' '=' 'GRECO_Simulation_Processing_20190122_03_arg_1 -a +DAGManJobId' '=' '13535271 -a DAGManJobId' '=' '13535271 -batch-name Nova_GRECO_processing_20190122_03.submit+13535271 -a submit_event_notes' '=' 'DAG' 'Node:' 'GRECO_Simulation_Processing_20190122_03_arg_1 -a dagman_log' '=' '/home/apizzuto/Nova/scripts/pycondorScripts/condor/submit/Nova_GRECO_processing_20190122_03.submit.nodes.log -a +DAGManNodesMask' '=' '"0,1,2,4,5,7,9,10,11,12,13,16,17,24,27,35,36" -a ARGS' '=' '/data/user/apizzuto/Nova/simulation/genie_numu' '/data/ana/LE/NBI_nutau_appearance/level7_5July2017/genie/14640/Level7*bz2 -a DAG_STATUS' '=' '0 -a FAILED_COUNT' '=' '0 -a notification' '=' 'never -a +DAGParentNodeNames' '=' '"" condor/submit/GRECO_Simulation_Processing_20190122_03.submit
01/22/19 15:20:00 From submit: Submitting job(s).
01/22/19 15:20:00 From submit: 1 job(s) submitted to cluster 13535428.
01/22/19 15:20:00 	assigned HTCondor ID (13535428.0.0)
01/22/19 15:20:00 Sleeping for 1 s (DAGMAN_SUBMIT_DELAY) to throttle submissions...
01/22/19 15:20:01 Submitting HTCondor Node GRECO_Simulation_Processing_20190122_03_arg_2 job(s)...
01/22/19 15:20:01 Adding a DAGMan workflow log /home/apizzuto/Nova/scripts/pycondorScripts/condor/submit/Nova_GRECO_processing_20190122_03.submit.nodes.log
01/22/19 15:20:01 Masking the events recorded in the DAGMAN workflow log
01/22/19 15:20:01 Mask for workflow log is 0,1,2,4,5,7,9,10,11,12,13,16,17,24,27,35,36
01/22/19 15:20:01 submitting: /usr/bin/condor_submit -a dag_node_name' '=' 'GRECO_Simulation_Processing_20190122_03_arg_2 -a +DAGManJobId' '=' '13535271 -a DAGManJobId' '=' '13535271 -batch-name Nova_GRECO_processing_20190122_03.submit+13535271 -a submit_event_notes' '=' 'DAG' 'Node:' 'GRECO_Simulation_Processing_20190122_03_arg_2 -a dagman_log' '=' '/home/apizzuto/Nova/scripts/pycondorScripts/condor/submit/Nova_GRECO_processing_20190122_03.submit.nodes.log -a +DAGManNodesMask' '=' '"0,1,2,4,5,7,9,10,11,12,13,16,17,24,27,35,36" -a ARGS' '=' '/data/user/apizzuto/Nova/simulation/genie_nutau' '/data/ana/LE/NBI_nutau_appearance/level7_5July2017/genie/16640/Level7*bz2 -a DAG_STATUS' '=' '0 -a FAILED_COUNT' '=' '0 -a notification' '=' 'never -a +DAGParentNodeNames' '=' '"" condor/submit/GRECO_Simulation_Processing_20190122_03.submit
01/22/19 15:20:03 From submit: Submitting job(s).
01/22/19 15:20:03 From submit: 1 job(s) submitted to cluster 13535434.
01/22/19 15:20:03 	assigned HTCondor ID (13535434.0.0)
01/22/19 15:20:03 Warning: Submit cycle elapsed time (6 s) has exceeded log scan interval (5 s); bailing out of submit loop
01/22/19 15:20:03 Just submitted 3 jobs this cycle...
01/22/19 15:20:03 Currently monitoring 1 HTCondor log file(s)
01/22/19 15:20:03 Reassigning the id of job GRECO_Simulation_Processing_20190122_03_arg_0 from (13535425.0.0) to (13535425.0.0)
01/22/19 15:20:03 Event: ULOG_SUBMIT for HTCondor Node GRECO_Simulation_Processing_20190122_03_arg_0 (13535425.0.0) {01/22/19 15:19:58}
01/22/19 15:20:03 Number of idle job procs: 1
01/22/19 15:20:03 Reassigning the id of job GRECO_Simulation_Processing_20190122_03_arg_1 from (13535428.0.0) to (13535428.0.0)
01/22/19 15:20:03 Event: ULOG_SUBMIT for HTCondor Node GRECO_Simulation_Processing_20190122_03_arg_1 (13535428.0.0) {01/22/19 15:20:00}
01/22/19 15:20:03 Number of idle job procs: 2
01/22/19 15:20:03 Reassigning the id of job GRECO_Simulation_Processing_20190122_03_arg_2 from (13535434.0.0) to (13535434.0.0)
01/22/19 15:20:03 Event: ULOG_SUBMIT for HTCondor Node GRECO_Simulation_Processing_20190122_03_arg_2 (13535434.0.0) {01/22/19 15:20:03}
01/22/19 15:20:03 Number of idle job procs: 3
01/22/19 15:20:03 DAG status: 0 (DAG_STATUS_OK)
01/22/19 15:20:03 Of 9 nodes total:
01/22/19 15:20:03  Done     Pre   Queued    Post   Ready   Un-Ready   Failed
01/22/19 15:20:03   ===     ===      ===     ===     ===        ===      ===
01/22/19 15:20:03     0       0        3       0       6          0        0
01/22/19 15:20:03 0 job proc(s) currently held
01/22/19 15:20:03 DAGMan Runtime Statistics: [ EventCycleTimeCount = 0.0; SleepCycleTimeSum = 0.0; EventCycleTimeSum = 0.0; LogProcessCycleTimeCount = 1.0; LogProcessCycleTimeSum = 0.0002679824829101562; LogProcessCycleTimeMin = 0.0002679824829101562; LogProcessCycleTimeMax = 0.0002679824829101562; LogProcessCycleTimeAvg = 0.0002679824829101562; LogProcessCycleTimeStd = 0.0002679824829101562; SubmitCycleTimeMax = 6.523114919662476; SubmitCycleTimeCount = 1.0; SleepCycleTimeCount = 0.0; SubmitCycleTimeSum = 6.523114919662476; SubmitCycleTimeStd = 6.523114919662476; SubmitCycleTimeAvg = 6.523114919662476; SubmitCycleTimeMin = 6.523114919662476; ]
01/22/19 15:20:08 Sleeping for 1 s (DAGMAN_SUBMIT_DELAY) to throttle submissions...
01/22/19 15:20:09 Submitting HTCondor Node GRECO_Simulation_Processing_20190122_03_arg_3 job(s)...
01/22/19 15:20:09 Adding a DAGMan workflow log /home/apizzuto/Nova/scripts/pycondorScripts/condor/submit/Nova_GRECO_processing_20190122_03.submit.nodes.log
01/22/19 15:20:09 Masking the events recorded in the DAGMAN workflow log
01/22/19 15:20:09 Mask for workflow log is 0,1,2,4,5,7,9,10,11,12,13,16,17,24,27,35,36
01/22/19 15:20:09 submitting: /usr/bin/condor_submit -a dag_node_name' '=' 'GRECO_Simulation_Processing_20190122_03_arg_3 -a +DAGManJobId' '=' '13535271 -a DAGManJobId' '=' '13535271 -batch-name Nova_GRECO_processing_20190122_03.submit+13535271 -a submit_event_notes' '=' 'DAG' 'Node:' 'GRECO_Simulation_Processing_20190122_03_arg_3 -a dagman_log' '=' '/home/apizzuto/Nova/scripts/pycondorScripts/condor/submit/Nova_GRECO_processing_20190122_03.submit.nodes.log -a +DAGManNodesMask' '=' '"0,1,2,4,5,7,9,10,11,12,13,16,17,24,27,35,36" -a ARGS' '=' '/data/user/apizzuto/Nova/simulation/nugen_nue_LE' '/data/ana/LE/NBI_nutau_appearance/level7_5July2017/nugen/nue_LE/Level7*.bz2 -a DAG_STATUS' '=' '0 -a FAILED_COUNT' '=' '0 -a notification' '=' 'never -a +DAGParentNodeNames' '=' '"" condor/submit/GRECO_Simulation_Processing_20190122_03.submit
01/22/19 15:20:10 From submit: Submitting job(s).
01/22/19 15:20:10 From submit: 1 job(s) submitted to cluster 13535449.
01/22/19 15:20:10 	assigned HTCondor ID (13535449.0.0)
01/22/19 15:20:10 Sleeping for 1 s (DAGMAN_SUBMIT_DELAY) to throttle submissions...
01/22/19 15:20:11 Submitting HTCondor Node GRECO_Simulation_Processing_20190122_03_arg_4 job(s)...
01/22/19 15:20:11 Adding a DAGMan workflow log /home/apizzuto/Nova/scripts/pycondorScripts/condor/submit/Nova_GRECO_processing_20190122_03.submit.nodes.log
01/22/19 15:20:11 Masking the events recorded in the DAGMAN workflow log
01/22/19 15:20:11 Mask for workflow log is 0,1,2,4,5,7,9,10,11,12,13,16,17,24,27,35,36
01/22/19 15:20:11 submitting: /usr/bin/condor_submit -a dag_node_name' '=' 'GRECO_Simulation_Processing_20190122_03_arg_4 -a +DAGManJobId' '=' '13535271 -a DAGManJobId' '=' '13535271 -batch-name Nova_GRECO_processing_20190122_03.submit+13535271 -a submit_event_notes' '=' 'DAG' 'Node:' 'GRECO_Simulation_Processing_20190122_03_arg_4 -a dagman_log' '=' '/home/apizzuto/Nova/scripts/pycondorScripts/condor/submit/Nova_GRECO_processing_20190122_03.submit.nodes.log -a +DAGManNodesMask' '=' '"0,1,2,4,5,7,9,10,11,12,13,16,17,24,27,35,36" -a ARGS' '=' '/data/user/apizzuto/Nova/simulation/nugen_nue_ME' '/data/ana/LE/NBI_nutau_appearance/level7_5July2017/nugen/nue_ME/Level7*.bz2 -a DAG_STATUS' '=' '0 -a FAILED_COUNT' '=' '0 -a notification' '=' 'never -a +DAGParentNodeNames' '=' '"" condor/submit/GRECO_Simulation_Processing_20190122_03.submit
01/22/19 15:20:11 From submit: Submitting job(s).
01/22/19 15:20:11 From submit: 1 job(s) submitted to cluster 13535453.
01/22/19 15:20:11 	assigned HTCondor ID (13535453.0.0)
01/22/19 15:20:11 Sleeping for 1 s (DAGMAN_SUBMIT_DELAY) to throttle submissions...
01/22/19 15:20:12 Submitting HTCondor Node GRECO_Simulation_Processing_20190122_03_arg_5 job(s)...
01/22/19 15:20:12 Adding a DAGMan workflow log /home/apizzuto/Nova/scripts/pycondorScripts/condor/submit/Nova_GRECO_processing_20190122_03.submit.nodes.log
01/22/19 15:20:12 Masking the events recorded in the DAGMAN workflow log
01/22/19 15:20:12 Mask for workflow log is 0,1,2,4,5,7,9,10,11,12,13,16,17,24,27,35,36
01/22/19 15:20:12 submitting: /usr/bin/condor_submit -a dag_node_name' '=' 'GRECO_Simulation_Processing_20190122_03_arg_5 -a +DAGManJobId' '=' '13535271 -a DAGManJobId' '=' '13535271 -batch-name Nova_GRECO_processing_20190122_03.submit+13535271 -a submit_event_notes' '=' 'DAG' 'Node:' 'GRECO_Simulation_Processing_20190122_03_arg_5 -a dagman_log' '=' '/home/apizzuto/Nova/scripts/pycondorScripts/condor/submit/Nova_GRECO_processing_20190122_03.submit.nodes.log -a +DAGManNodesMask' '=' '"0,1,2,4,5,7,9,10,11,12,13,16,17,24,27,35,36" -a ARGS' '=' '/data/user/apizzuto/Nova/simulation/nugen_numu_LE' '/data/ana/LE/NBI_nutau_appearance/level7_5July2017/nugen/numu_LE/Level7*.bz2 -a DAG_STATUS' '=' '0 -a FAILED_COUNT' '=' '0 -a notification' '=' 'never -a +DAGParentNodeNames' '=' '"" condor/submit/GRECO_Simulation_Processing_20190122_03.submit
01/22/19 15:20:13 From submit: Submitting job(s).
01/22/19 15:20:13 From submit: 1 job(s) submitted to cluster 13535459.
01/22/19 15:20:13 	assigned HTCondor ID (13535459.0.0)
01/22/19 15:20:13 Sleeping for 1 s (DAGMAN_SUBMIT_DELAY) to throttle submissions...
01/22/19 15:20:14 Submitting HTCondor Node GRECO_Simulation_Processing_20190122_03_arg_6 job(s)...
01/22/19 15:20:14 Adding a DAGMan workflow log /home/apizzuto/Nova/scripts/pycondorScripts/condor/submit/Nova_GRECO_processing_20190122_03.submit.nodes.log
01/22/19 15:20:14 Masking the events recorded in the DAGMAN workflow log
01/22/19 15:20:14 Mask for workflow log is 0,1,2,4,5,7,9,10,11,12,13,16,17,24,27,35,36
01/22/19 15:20:14 submitting: /usr/bin/condor_submit -a dag_node_name' '=' 'GRECO_Simulation_Processing_20190122_03_arg_6 -a +DAGManJobId' '=' '13535271 -a DAGManJobId' '=' '13535271 -batch-name Nova_GRECO_processing_20190122_03.submit+13535271 -a submit_event_notes' '=' 'DAG' 'Node:' 'GRECO_Simulation_Processing_20190122_03_arg_6 -a dagman_log' '=' '/home/apizzuto/Nova/scripts/pycondorScripts/condor/submit/Nova_GRECO_processing_20190122_03.submit.nodes.log -a +DAGManNodesMask' '=' '"0,1,2,4,5,7,9,10,11,12,13,16,17,24,27,35,36" -a ARGS' '=' '/data/user/apizzuto/Nova/simulation/nugen_numu_ME' '/data/ana/LE/NBI_nutau_appearance/level7_5July2017/nugen/numu_ME/Level7*.bz2 -a DAG_STATUS' '=' '0 -a FAILED_COUNT' '=' '0 -a notification' '=' 'never -a +DAGParentNodeNames' '=' '"" condor/submit/GRECO_Simulation_Processing_20190122_03.submit
01/22/19 15:20:14 From submit: Submitting job(s).
01/22/19 15:20:14 From submit: 1 job(s) submitted to cluster 13535465.
01/22/19 15:20:14 	assigned HTCondor ID (13535465.0.0)
01/22/19 15:20:14 Warning: Submit cycle elapsed time (6 s) has exceeded log scan interval (5 s); bailing out of submit loop
01/22/19 15:20:14 Just submitted 4 jobs this cycle...
01/22/19 15:20:14 Currently monitoring 1 HTCondor log file(s)
01/22/19 15:20:14 Reassigning the id of job GRECO_Simulation_Processing_20190122_03_arg_3 from (13535449.0.0) to (13535449.0.0)
01/22/19 15:20:14 Event: ULOG_SUBMIT for HTCondor Node GRECO_Simulation_Processing_20190122_03_arg_3 (13535449.0.0) {01/22/19 15:20:10}
01/22/19 15:20:14 Number of idle job procs: 4
01/22/19 15:20:14 Reassigning the id of job GRECO_Simulation_Processing_20190122_03_arg_4 from (13535453.0.0) to (13535453.0.0)
01/22/19 15:20:14 Event: ULOG_SUBMIT for HTCondor Node GRECO_Simulation_Processing_20190122_03_arg_4 (13535453.0.0) {01/22/19 15:20:11}
01/22/19 15:20:14 Number of idle job procs: 5
01/22/19 15:20:14 Reassigning the id of job GRECO_Simulation_Processing_20190122_03_arg_5 from (13535459.0.0) to (13535459.0.0)
01/22/19 15:20:14 Event: ULOG_SUBMIT for HTCondor Node GRECO_Simulation_Processing_20190122_03_arg_5 (13535459.0.0) {01/22/19 15:20:13}
01/22/19 15:20:14 Number of idle job procs: 6
01/22/19 15:20:14 Reassigning the id of job GRECO_Simulation_Processing_20190122_03_arg_6 from (13535465.0.0) to (13535465.0.0)
01/22/19 15:20:14 Event: ULOG_SUBMIT for HTCondor Node GRECO_Simulation_Processing_20190122_03_arg_6 (13535465.0.0) {01/22/19 15:20:14}
01/22/19 15:20:14 Number of idle job procs: 7
01/22/19 15:20:14 DAG status: 0 (DAG_STATUS_OK)
01/22/19 15:20:14 Of 9 nodes total:
01/22/19 15:20:14  Done     Pre   Queued    Post   Ready   Un-Ready   Failed
01/22/19 15:20:14   ===     ===      ===     ===     ===        ===      ===
01/22/19 15:20:14     0       0        7       0       2          0        0
01/22/19 15:20:14 0 job proc(s) currently held
01/22/19 15:20:14 DAGMan Runtime Statistics: [ EventCycleTimeStd = 6.523543119430542; EventCycleTimeMax = 6.523543119430542; SubmitCycleTimeMin = 5.906610012054443; SubmitCycleTimeAvg = 6.214862465858459; SleepCycleTimeCount = 1.0; SubmitCycleTimeCount = 2.0; SubmitCycleTimeMax = 6.523114919662476; SleepCycleTimeMin = 5.005010843276978; SubmitCycleTimeSum = 12.42972493171692; LogProcessCycleTimeStd = 5.597101482246727E-05; SubmitCycleTimeStd = 0.4359348008044255; LogProcessCycleTimeAvg = 0.0002284049987792969; EventCycleTimeMin = 6.523543119430542; LogProcessCycleTimeMax = 0.0002679824829101562; LogProcessCycleTimeMin = 0.0001888275146484375; LogProcessCycleTimeSum = 0.0004568099975585938; LogProcessCycleTimeCount = 2.0; EventCycleTimeSum = 6.523543119430542; SleepCycleTimeSum = 5.005010843276978; SleepCycleTimeAvg = 5.005010843276978; SleepCycleTimeStd = 5.005010843276978; SleepCycleTimeMax = 5.005010843276978; EventCycleTimeCount = 1.0; EventCycleTimeAvg = 6.523543119430542; ]
01/22/19 15:20:19 Sleeping for 1 s (DAGMAN_SUBMIT_DELAY) to throttle submissions...
01/22/19 15:20:20 Submitting HTCondor Node GRECO_Simulation_Processing_20190122_03_arg_7 job(s)...
01/22/19 15:20:20 Adding a DAGMan workflow log /home/apizzuto/Nova/scripts/pycondorScripts/condor/submit/Nova_GRECO_processing_20190122_03.submit.nodes.log
01/22/19 15:20:20 Masking the events recorded in the DAGMAN workflow log
01/22/19 15:20:20 Mask for workflow log is 0,1,2,4,5,7,9,10,11,12,13,16,17,24,27,35,36
01/22/19 15:20:20 submitting: /usr/bin/condor_submit -a dag_node_name' '=' 'GRECO_Simulation_Processing_20190122_03_arg_7 -a +DAGManJobId' '=' '13535271 -a DAGManJobId' '=' '13535271 -batch-name Nova_GRECO_processing_20190122_03.submit+13535271 -a submit_event_notes' '=' 'DAG' 'Node:' 'GRECO_Simulation_Processing_20190122_03_arg_7 -a dagman_log' '=' '/home/apizzuto/Nova/scripts/pycondorScripts/condor/submit/Nova_GRECO_processing_20190122_03.submit.nodes.log -a +DAGManNodesMask' '=' '"0,1,2,4,5,7,9,10,11,12,13,16,17,24,27,35,36" -a ARGS' '=' '/data/user/apizzuto/Nova/simulation/nugen_nutau_LE' '/data/ana/LE/NBI_nutau_appearance/level7_5July2017/nugen/nutau_LE/Level7*.bz2 -a DAG_STATUS' '=' '0 -a FAILED_COUNT' '=' '0 -a notification' '=' 'never -a +DAGParentNodeNames' '=' '"" condor/submit/GRECO_Simulation_Processing_20190122_03.submit
01/22/19 15:20:21 From submit: Submitting job(s).
01/22/19 15:20:21 From submit: 1 job(s) submitted to cluster 13535482.
01/22/19 15:20:21 	assigned HTCondor ID (13535482.0.0)
01/22/19 15:20:21 Sleeping for 1 s (DAGMAN_SUBMIT_DELAY) to throttle submissions...
01/22/19 15:20:22 Submitting HTCondor Node GRECO_Simulation_Processing_20190122_03_arg_8 job(s)...
01/22/19 15:20:22 Adding a DAGMan workflow log /home/apizzuto/Nova/scripts/pycondorScripts/condor/submit/Nova_GRECO_processing_20190122_03.submit.nodes.log
01/22/19 15:20:22 Masking the events recorded in the DAGMAN workflow log
01/22/19 15:20:22 Mask for workflow log is 0,1,2,4,5,7,9,10,11,12,13,16,17,24,27,35,36
01/22/19 15:20:22 submitting: /usr/bin/condor_submit -a dag_node_name' '=' 'GRECO_Simulation_Processing_20190122_03_arg_8 -a +DAGManJobId' '=' '13535271 -a DAGManJobId' '=' '13535271 -batch-name Nova_GRECO_processing_20190122_03.submit+13535271 -a submit_event_notes' '=' 'DAG' 'Node:' 'GRECO_Simulation_Processing_20190122_03_arg_8 -a dagman_log' '=' '/home/apizzuto/Nova/scripts/pycondorScripts/condor/submit/Nova_GRECO_processing_20190122_03.submit.nodes.log -a +DAGManNodesMask' '=' '"0,1,2,4,5,7,9,10,11,12,13,16,17,24,27,35,36" -a ARGS' '=' '/data/user/apizzuto/Nova/simulation/nugen_nutau_ME' '/data/ana/LE/NBI_nutau_appearance/level7_5July2017/nugen/nutau_ME/Level7*.bz2 -a DAG_STATUS' '=' '0 -a FAILED_COUNT' '=' '0 -a notification' '=' 'never -a +DAGParentNodeNames' '=' '"" condor/submit/GRECO_Simulation_Processing_20190122_03.submit
01/22/19 15:20:22 From submit: Submitting job(s).
01/22/19 15:20:22 From submit: 1 job(s) submitted to cluster 13535485.
01/22/19 15:20:22 	assigned HTCondor ID (13535485.0.0)
01/22/19 15:20:22 Just submitted 2 jobs this cycle...
01/22/19 15:20:22 Currently monitoring 1 HTCondor log file(s)
01/22/19 15:20:22 Reassigning the id of job GRECO_Simulation_Processing_20190122_03_arg_7 from (13535482.0.0) to (13535482.0.0)
01/22/19 15:20:22 Event: ULOG_SUBMIT for HTCondor Node GRECO_Simulation_Processing_20190122_03_arg_7 (13535482.0.0) {01/22/19 15:20:21}
01/22/19 15:20:22 Number of idle job procs: 8
01/22/19 15:20:22 Reassigning the id of job GRECO_Simulation_Processing_20190122_03_arg_8 from (13535485.0.0) to (13535485.0.0)
01/22/19 15:20:22 Event: ULOG_SUBMIT for HTCondor Node GRECO_Simulation_Processing_20190122_03_arg_8 (13535485.0.0) {01/22/19 15:20:22}
01/22/19 15:20:22 Number of idle job procs: 9
01/22/19 15:20:22 DAG status: 0 (DAG_STATUS_OK)
01/22/19 15:20:22 Of 9 nodes total:
01/22/19 15:20:22  Done     Pre   Queued    Post   Ready   Un-Ready   Failed
01/22/19 15:20:22   ===     ===      ===     ===     ===        ===      ===
01/22/19 15:20:22     0       0        9       0       0          0        0
01/22/19 15:20:22 0 job proc(s) currently held
01/22/19 15:20:22 DAGMan Runtime Statistics: [ EventCycleTimeStd = 0.4359998755385264; EventCycleTimeMax = 6.523543119430542; SubmitCycleTimeMin = 2.937715768814087; SubmitCycleTimeAvg = 5.122480233510335; SleepCycleTimeCount = 2.0; SubmitCycleTimeCount = 3.0; SubmitCycleTimeMax = 6.523114919662476; SleepCycleTimeMin = 5.004984855651855; SubmitCycleTimeSum = 15.36744070053101; LogProcessCycleTimeStd = 7.808454160246349E-05; SubmitCycleTimeStd = 1.917007146550532; LogProcessCycleTimeAvg = 0.0001895427703857422; EventCycleTimeMin = 5.906946182250977; LogProcessCycleTimeMax = 0.0002679824829101562; LogProcessCycleTimeMin = 0.0001118183135986328; LogProcessCycleTimeSum = 0.0005686283111572266; LogProcessCycleTimeCount = 3.0; EventCycleTimeSum = 12.43048930168152; SleepCycleTimeSum = 10.00999569892883; SleepCycleTimeAvg = 5.004997849464417; SleepCycleTimeStd = 1.83760259507498E-05; SleepCycleTimeMax = 5.005010843276978; EventCycleTimeCount = 2.0; EventCycleTimeAvg = 6.215244650840759; ]
01/22/19 15:22:52 Currently monitoring 1 HTCondor log file(s)
01/22/19 15:22:52 Event: ULOG_EXECUTE for HTCondor Node GRECO_Simulation_Processing_20190122_03_arg_0 (13535425.0.0) {01/22/19 15:22:51}
01/22/19 15:22:52 Number of idle job procs: 8
01/22/19 15:22:52 Event: ULOG_SHADOW_EXCEPTION for HTCondor Node GRECO_Simulation_Processing_20190122_03_arg_0 (13535425.0.0) {01/22/19 15:22:51}
01/22/19 15:22:52 Number of idle job procs: 9
01/22/19 15:22:52 Event: ULOG_JOB_HELD for HTCondor Node GRECO_Simulation_Processing_20190122_03_arg_0 (13535425.0.0) {01/22/19 15:22:52}
01/22/19 15:22:52   Hold reason: Error from slot1_14@rad-4.icecube.wisc.edu: Failed to execute '/home/apizzuto/Nova/scripts/convert_l7mc_hdf5.py' with arguments /data/user/apizzuto/Nova/simulation/genie_nue /data/ana/LE/NBI_nutau_appearance/level7_5July2017/genie/12640/Level7*bz2: (errno=2: 'No such file or directory')
01/22/19 15:22:52 Number of idle job procs: 9
01/22/19 15:22:52 DAG status: 0 (DAG_STATUS_OK)
01/22/19 15:22:52 Of 9 nodes total:
01/22/19 15:22:52  Done     Pre   Queued    Post   Ready   Un-Ready   Failed
01/22/19 15:22:52   ===     ===      ===     ===     ===        ===      ===
01/22/19 15:22:52     0       0        9       0       0          0        0
01/22/19 15:22:52 1 job proc(s) currently held
01/22/19 15:22:52 DAGMan Runtime Statistics: [ EventCycleTimeStd = 1.589548541751587; EventCycleTimeMax = 6.523543119430542; SubmitCycleTimeMin = 8.106231689453125E-06; SubmitCycleTimeAvg = 0.4718553514191599; SleepCycleTimeCount = 32.0; SubmitCycleTimeCount = 33.0; SubmitCycleTimeMax = 6.523114919662476; SleepCycleTimeMin = 4.213060140609741; SubmitCycleTimeSum = 15.57122659683228; LogProcessCycleTimeStd = 0.02667434682299307; SubmitCycleTimeStd = 1.568602342816803; LogProcessCycleTimeAvg = 0.01352667808532715; EventCycleTimeMin = 1.883506774902344E-05; LogProcessCycleTimeMax = 0.05353808403015137; LogProcessCycleTimeMin = 0.0001118183135986328; LogProcessCycleTimeSum = 0.05410671234130859; LogProcessCycleTimeCount = 4.0; EventCycleTimeSum = 15.78498768806458; SleepCycleTimeSum = 159.6945452690125; SleepCycleTimeAvg = 4.990454539656639; SleepCycleTimeStd = 0.1532374905343994; SleepCycleTimeMax = 5.332924127578735; EventCycleTimeCount = 32.0; EventCycleTimeAvg = 0.493280865252018; ]
01/22/19 15:22:57 Currently monitoring 1 HTCondor log file(s)
01/22/19 15:22:57 Event: ULOG_EXECUTE for HTCondor Node GRECO_Simulation_Processing_20190122_03_arg_1 (13535428.0.0) {01/22/19 15:22:53}
01/22/19 15:22:57 Number of idle job procs: 8
01/22/19 15:22:57 Event: ULOG_SHADOW_EXCEPTION for HTCondor Node GRECO_Simulation_Processing_20190122_03_arg_1 (13535428.0.0) {01/22/19 15:22:53}
01/22/19 15:22:57 Number of idle job procs: 9
01/22/19 15:22:57 Event: ULOG_JOB_HELD for HTCondor Node GRECO_Simulation_Processing_20190122_03_arg_1 (13535428.0.0) {01/22/19 15:22:53}
01/22/19 15:22:57   Hold reason: Error from slot1_14@rad-4.icecube.wisc.edu: Failed to execute '/home/apizzuto/Nova/scripts/convert_l7mc_hdf5.py' with arguments /data/user/apizzuto/Nova/simulation/genie_numu /data/ana/LE/NBI_nutau_appearance/level7_5July2017/genie/14640/Level7*bz2: (errno=2: 'No such file or directory')
01/22/19 15:22:57 Number of idle job procs: 9
01/22/19 15:22:57 Event: ULOG_EXECUTE for HTCondor Node GRECO_Simulation_Processing_20190122_03_arg_2 (13535434.0.0) {01/22/19 15:22:54}
01/22/19 15:22:57 Number of idle job procs: 8
01/22/19 15:22:57 Event: ULOG_SHADOW_EXCEPTION for HTCondor Node GRECO_Simulation_Processing_20190122_03_arg_2 (13535434.0.0) {01/22/19 15:22:54}
01/22/19 15:22:57 Number of idle job procs: 9
01/22/19 15:22:57 Event: ULOG_JOB_HELD for HTCondor Node GRECO_Simulation_Processing_20190122_03_arg_2 (13535434.0.0) {01/22/19 15:22:54}
01/22/19 15:22:57   Hold reason: Error from slot1_14@rad-4.icecube.wisc.edu: Failed to execute '/home/apizzuto/Nova/scripts/convert_l7mc_hdf5.py' with arguments /data/user/apizzuto/Nova/simulation/genie_nutau /data/ana/LE/NBI_nutau_appearance/level7_5July2017/genie/16640/Level7*bz2: (errno=2: 'No such file or directory')
01/22/19 15:22:57 Number of idle job procs: 9
01/22/19 15:22:57 Event: ULOG_EXECUTE for HTCondor Node GRECO_Simulation_Processing_20190122_03_arg_3 (13535449.0.0) {01/22/19 15:22:55}
01/22/19 15:22:57 Number of idle job procs: 8
01/22/19 15:22:57 Event: ULOG_SHADOW_EXCEPTION for HTCondor Node GRECO_Simulation_Processing_20190122_03_arg_3 (13535449.0.0) {01/22/19 15:22:55}
01/22/19 15:22:57 Number of idle job procs: 9
01/22/19 15:22:57 Event: ULOG_JOB_HELD for HTCondor Node GRECO_Simulation_Processing_20190122_03_arg_3 (13535449.0.0) {01/22/19 15:22:55}
01/22/19 15:22:57   Hold reason: Error from slot1_14@rad-4.icecube.wisc.edu: Failed to execute '/home/apizzuto/Nova/scripts/convert_l7mc_hdf5.py' with arguments /data/user/apizzuto/Nova/simulation/nugen_nue_LE /data/ana/LE/NBI_nutau_appearance/level7_5July2017/nugen/nue_LE/Level7*.bz2: (errno=2: 'No such file or directory')
01/22/19 15:22:57 Number of idle job procs: 9
01/22/19 15:22:57 Event: ULOG_EXECUTE for HTCondor Node GRECO_Simulation_Processing_20190122_03_arg_4 (13535453.0.0) {01/22/19 15:22:56}
01/22/19 15:22:57 Number of idle job procs: 8
01/22/19 15:22:57 Event: ULOG_SHADOW_EXCEPTION for HTCondor Node GRECO_Simulation_Processing_20190122_03_arg_4 (13535453.0.0) {01/22/19 15:22:56}
01/22/19 15:22:57 Number of idle job procs: 9
01/22/19 15:22:57 Event: ULOG_JOB_HELD for HTCondor Node GRECO_Simulation_Processing_20190122_03_arg_4 (13535453.0.0) {01/22/19 15:22:56}
01/22/19 15:22:57   Hold reason: Error from slot1_14@rad-4.icecube.wisc.edu: Failed to execute '/home/apizzuto/Nova/scripts/convert_l7mc_hdf5.py' with arguments /data/user/apizzuto/Nova/simulation/nugen_nue_ME /data/ana/LE/NBI_nutau_appearance/level7_5July2017/nugen/nue_ME/Level7*.bz2: (errno=2: 'No such file or directory')
01/22/19 15:22:57 Number of idle job procs: 9
01/22/19 15:22:57 Event: ULOG_EXECUTE for HTCondor Node GRECO_Simulation_Processing_20190122_03_arg_5 (13535459.0.0) {01/22/19 15:22:57}
01/22/19 15:22:57 Number of idle job procs: 8
01/22/19 15:22:57 Event: ULOG_SHADOW_EXCEPTION for HTCondor Node GRECO_Simulation_Processing_20190122_03_arg_5 (13535459.0.0) {01/22/19 15:22:57}
01/22/19 15:22:57 Number of idle job procs: 9
01/22/19 15:22:57 Event: ULOG_JOB_HELD for HTCondor Node GRECO_Simulation_Processing_20190122_03_arg_5 (13535459.0.0) {01/22/19 15:22:57}
01/22/19 15:22:57   Hold reason: Error from slot1_14@rad-4.icecube.wisc.edu: Failed to execute '/home/apizzuto/Nova/scripts/convert_l7mc_hdf5.py' with arguments /data/user/apizzuto/Nova/simulation/nugen_numu_LE /data/ana/LE/NBI_nutau_appearance/level7_5July2017/nugen/numu_LE/Level7*.bz2: (errno=2: 'No such file or directory')
01/22/19 15:22:57 Number of idle job procs: 9
01/22/19 15:22:57 DAG status: 0 (DAG_STATUS_OK)
01/22/19 15:22:57 Of 9 nodes total:
01/22/19 15:22:57  Done     Pre   Queued    Post   Ready   Un-Ready   Failed
01/22/19 15:22:57   ===     ===      ===     ===     ===        ===      ===
01/22/19 15:22:57     0       0        9       0       0          0        0
01/22/19 15:22:57 6 job proc(s) currently held
01/22/19 15:22:57 DAGMan Runtime Statistics: [ EventCycleTimeStd = 1.566385104798895; EventCycleTimeMax = 6.523543119430542; SubmitCycleTimeMin = 7.867813110351562E-06; SubmitCycleTimeAvg = 0.457977484254276; SleepCycleTimeCount = 33.0; SubmitCycleTimeCount = 34.0; SubmitCycleTimeMax = 6.523114919662476; SleepCycleTimeMin = 4.213060140609741; SubmitCycleTimeSum = 15.57123446464539; LogProcessCycleTimeStd = 0.02382721877171705; SubmitCycleTimeStd = 1.546771003477669; LogProcessCycleTimeAvg = 0.01091532707214355; EventCycleTimeMin = 1.883506774902344E-05; LogProcessCycleTimeMax = 0.05353808403015137; LogProcessCycleTimeMin = 0.0001118183135986328; LogProcessCycleTimeSum = 0.05457663536071777; LogProcessCycleTimeCount = 5.0; EventCycleTimeSum = 15.83866882324219; SleepCycleTimeSum = 164.7880260944366; SleepCycleTimeAvg = 4.993576548316262; SleepCycleTimeStd = 0.151886712538733; SleepCycleTimeMax = 5.332924127578735; EventCycleTimeCount = 33.0; EventCycleTimeAvg = 0.4799596613103693; ]
01/22/19 15:23:02 Currently monitoring 1 HTCondor log file(s)
01/22/19 15:23:02 Event: ULOG_EXECUTE for HTCondor Node GRECO_Simulation_Processing_20190122_03_arg_6 (13535465.0.0) {01/22/19 15:22:58}
01/22/19 15:23:02 Number of idle job procs: 8
01/22/19 15:23:02 Event: ULOG_SHADOW_EXCEPTION for HTCondor Node GRECO_Simulation_Processing_20190122_03_arg_6 (13535465.0.0) {01/22/19 15:22:58}
01/22/19 15:23:02 Number of idle job procs: 9
01/22/19 15:23:02 Event: ULOG_JOB_HELD for HTCondor Node GRECO_Simulation_Processing_20190122_03_arg_6 (13535465.0.0) {01/22/19 15:22:58}
01/22/19 15:23:02   Hold reason: Error from slot1_14@rad-4.icecube.wisc.edu: Failed to execute '/home/apizzuto/Nova/scripts/convert_l7mc_hdf5.py' with arguments /data/user/apizzuto/Nova/simulation/nugen_numu_ME /data/ana/LE/NBI_nutau_appearance/level7_5July2017/nugen/numu_ME/Level7*.bz2: (errno=2: 'No such file or directory')
01/22/19 15:23:02 Number of idle job procs: 9
01/22/19 15:23:02 Event: ULOG_EXECUTE for HTCondor Node GRECO_Simulation_Processing_20190122_03_arg_7 (13535482.0.0) {01/22/19 15:22:58}
01/22/19 15:23:02 Number of idle job procs: 8
01/22/19 15:23:02 Event: ULOG_SHADOW_EXCEPTION for HTCondor Node GRECO_Simulation_Processing_20190122_03_arg_7 (13535482.0.0) {01/22/19 15:22:59}
01/22/19 15:23:02 Number of idle job procs: 9
01/22/19 15:23:02 Event: ULOG_JOB_HELD for HTCondor Node GRECO_Simulation_Processing_20190122_03_arg_7 (13535482.0.0) {01/22/19 15:22:59}
01/22/19 15:23:02   Hold reason: Error from slot1_14@rad-4.icecube.wisc.edu: Failed to execute '/home/apizzuto/Nova/scripts/convert_l7mc_hdf5.py' with arguments /data/user/apizzuto/Nova/simulation/nugen_nutau_LE /data/ana/LE/NBI_nutau_appearance/level7_5July2017/nugen/nutau_LE/Level7*.bz2: (errno=2: 'No such file or directory')
01/22/19 15:23:02 Number of idle job procs: 9
01/22/19 15:23:02 Event: ULOG_EXECUTE for HTCondor Node GRECO_Simulation_Processing_20190122_03_arg_8 (13535485.0.0) {01/22/19 15:22:59}
01/22/19 15:23:02 Number of idle job procs: 8
01/22/19 15:23:02 Event: ULOG_SHADOW_EXCEPTION for HTCondor Node GRECO_Simulation_Processing_20190122_03_arg_8 (13535485.0.0) {01/22/19 15:22:59}
01/22/19 15:23:02 Number of idle job procs: 9
01/22/19 15:23:02 Event: ULOG_JOB_HELD for HTCondor Node GRECO_Simulation_Processing_20190122_03_arg_8 (13535485.0.0) {01/22/19 15:23:00}
01/22/19 15:23:02   Hold reason: Error from slot1_14@rad-4.icecube.wisc.edu: Failed to execute '/home/apizzuto/Nova/scripts/convert_l7mc_hdf5.py' with arguments /data/user/apizzuto/Nova/simulation/nugen_nutau_ME /data/ana/LE/NBI_nutau_appearance/level7_5July2017/nugen/nutau_ME/Level7*.bz2: (errno=2: 'No such file or directory')
01/22/19 15:23:02 Number of idle job procs: 9
01/22/19 15:23:02 DAG status: 0 (DAG_STATUS_OK)
01/22/19 15:23:02 Of 9 nodes total:
01/22/19 15:23:02  Done     Pre   Queued    Post   Ready   Un-Ready   Failed
01/22/19 15:23:02   ===     ===      ===     ===     ===        ===      ===
01/22/19 15:23:02     0       0        9       0       0          0        0
01/22/19 15:23:02 9 job proc(s) currently held
01/22/19 15:23:02 DAGMan Runtime Statistics: [ EventCycleTimeStd = 1.544658588663859; EventCycleTimeMax = 6.523543119430542; SubmitCycleTimeMin = 7.867813110351562E-06; SubmitCycleTimeAvg = 0.444892726625715; SleepCycleTimeCount = 34.0; SubmitCycleTimeCount = 35.0; SubmitCycleTimeMax = 6.523114919662476; SleepCycleTimeMin = 4.213060140609741; SubmitCycleTimeSum = 15.57124543190002; LogProcessCycleTimeStd = 0.0247823935572406; SubmitCycleTimeStd = 1.525819535599622; LogProcessCycleTimeAvg = 0.01607894897460938; EventCycleTimeMin = 1.883506774902344E-05; LogProcessCycleTimeMax = 0.05353808403015137; LogProcessCycleTimeMin = 0.0001118183135986328; LogProcessCycleTimeSum = 0.09647369384765625; LogProcessCycleTimeCount = 6.0; EventCycleTimeSum = 15.83927488327026; SleepCycleTimeSum = 169.7922432422638; SleepCycleTimeAvg = 4.993889507125406; SleepCycleTimeStd = 0.1495788271513224; SleepCycleTimeMax = 5.332924127578735; EventCycleTimeCount = 34.0; EventCycleTimeAvg = 0.4658610259785372; ]
01/22/19 15:33:02 600 seconds since last log event
01/22/19 15:33:02 Pending DAG nodes:
01/22/19 15:33:02   Node GRECO_Simulation_Processing_20190122_03_arg_0, HTCondor ID 13535425, status STATUS_SUBMITTED
01/22/19 15:33:02   Node GRECO_Simulation_Processing_20190122_03_arg_1, HTCondor ID 13535428, status STATUS_SUBMITTED
01/22/19 15:33:02   Node GRECO_Simulation_Processing_20190122_03_arg_2, HTCondor ID 13535434, status STATUS_SUBMITTED
01/22/19 15:33:02   Node GRECO_Simulation_Processing_20190122_03_arg_3, HTCondor ID 13535449, status STATUS_SUBMITTED
01/22/19 15:33:02   Node GRECO_Simulation_Processing_20190122_03_arg_4, HTCondor ID 13535453, status STATUS_SUBMITTED
01/22/19 15:33:02   Node GRECO_Simulation_Processing_20190122_03_arg_5, HTCondor ID 13535459, status STATUS_SUBMITTED
01/22/19 15:33:02   Node GRECO_Simulation_Processing_20190122_03_arg_6, HTCondor ID 13535465, status STATUS_SUBMITTED
01/22/19 15:33:02   Node GRECO_Simulation_Processing_20190122_03_arg_7, HTCondor ID 13535482, status STATUS_SUBMITTED
01/22/19 15:33:02   Node GRECO_Simulation_Processing_20190122_03_arg_8, HTCondor ID 13535485, status STATUS_SUBMITTED
01/22/19 15:35:38 Received SIGUSR1
01/22/19 15:35:38 Aborting DAG...
01/22/19 15:35:38 Writing Rescue DAG to condor/submit/Nova_GRECO_processing_20190122_03.submit.rescue001...
01/22/19 15:35:38 Removing submitted jobs...
01/22/19 15:35:38 Removing any/all submitted HTCondor jobs...
01/22/19 15:35:38 Running: /usr/bin/condor_rm -const DAGManJobId' '=?=' '13535271
01/22/19 15:35:41 Note: 0 total job deferrals because of -MaxJobs limit (0)
01/22/19 15:35:41 Note: 0 total job deferrals because of -MaxIdle limit (1000)
01/22/19 15:35:41 Note: 0 total job deferrals because of node category throttles
01/22/19 15:35:41 Note: 0 total PRE script deferrals because of -MaxPre limit (20) or DEFER
01/22/19 15:35:41 Note: 0 total POST script deferrals because of -MaxPost limit (20) or DEFER
01/22/19 15:35:41 DAG status: 4 (DAG_STATUS_RM)
01/22/19 15:35:41 Of 9 nodes total:
01/22/19 15:35:41  Done     Pre   Queued    Post   Ready   Un-Ready   Failed
01/22/19 15:35:41   ===     ===      ===     ===     ===        ===      ===
01/22/19 15:35:41     0       0        9       0       0          0        0
01/22/19 15:35:41 9 job proc(s) currently held
01/22/19 15:35:41 DAGMan Runtime Statistics: [ EventCycleTimeStd = 0.6776199380777027; EventCycleTimeMax = 6.523543119430542; SubmitCycleTimeMin = 7.867813110351562E-06; SubmitCycleTimeAvg = 0.09455218443999419; SleepCycleTimeCount = 184.0; SubmitCycleTimeCount = 185.0; SubmitCycleTimeMax = 6.523114919662476; SleepCycleTimeMin = 4.213060140609741; SubmitCycleTimeSum = 17.49215412139893; LogProcessCycleTimeStd = 0.0247823935572406; SubmitCycleTimeStd = 0.6780500879184586; LogProcessCycleTimeAvg = 0.01607894897460938; EventCycleTimeMin = 1.811981201171875E-05; LogProcessCycleTimeMax = 0.05353808403015137; LogProcessCycleTimeMin = 0.0001118183135986328; LogProcessCycleTimeSum = 0.09647369384765625; LogProcessCycleTimeCount = 6.0; EventCycleTimeSum = 18.7106294631958; SleepCycleTimeSum = 922.5594346523285; SleepCycleTimeAvg = 5.013909970936568; SleepCycleTimeStd = 0.1145201027408858; SleepCycleTimeMax = 5.850409984588623; EventCycleTimeCount = 185.0; EventCycleTimeAvg = 0.1011385376388962; ]
01/22/19 15:35:41 Wrote metrics file condor/submit/Nova_GRECO_processing_20190122_03.submit.metrics.
01/22/19 15:35:41 Metrics not sent because of PEGASUS_METRICS or CONDOR_DEVELOPERS setting.
01/22/19 15:35:41 DAGMan Runtime Statistics: [ EventCycleTimeStd = 0.6776199380777027; EventCycleTimeMax = 6.523543119430542; SubmitCycleTimeMin = 7.867813110351562E-06; SubmitCycleTimeAvg = 0.09455218443999419; SleepCycleTimeCount = 184.0; SubmitCycleTimeCount = 185.0; SubmitCycleTimeMax = 6.523114919662476; SleepCycleTimeMin = 4.213060140609741; SubmitCycleTimeSum = 17.49215412139893; LogProcessCycleTimeStd = 0.0247823935572406; SubmitCycleTimeStd = 0.6780500879184586; LogProcessCycleTimeAvg = 0.01607894897460938; EventCycleTimeMin = 1.811981201171875E-05; LogProcessCycleTimeMax = 0.05353808403015137; LogProcessCycleTimeMin = 0.0001118183135986328; LogProcessCycleTimeSum = 0.09647369384765625; LogProcessCycleTimeCount = 6.0; EventCycleTimeSum = 18.7106294631958; SleepCycleTimeSum = 922.5594346523285; SleepCycleTimeAvg = 5.013909970936568; SleepCycleTimeStd = 0.1145201027408858; SleepCycleTimeMax = 5.850409984588623; EventCycleTimeCount = 185.0; EventCycleTimeAvg = 0.1011385376388962; ]
01/22/19 15:35:42 **** condor_scheduniv_exec.13535271.0 (condor_DAGMAN) pid 108201 EXITING WITH STATUS 2
