09/10/18 14:42:56 Setting maximum file descriptors to 80000.
09/10/18 14:42:56 ******************************************************
09/10/18 14:42:56 ** condor_scheduniv_exec.5698748.0 (CONDOR_DAGMAN) STARTING UP
09/10/18 14:42:56 ** /usr/bin/condor_dagman
09/10/18 14:42:56 ** SubsystemInfo: name=DAGMAN type=DAGMAN(10) class=DAEMON(1)
09/10/18 14:42:56 ** Configuration: subsystem:DAGMAN local:<NONE> class:DAEMON
09/10/18 14:42:56 ** $CondorVersion: 8.7.7 Mar 13 2018 BuildID: 435313 $
09/10/18 14:42:56 ** $CondorPlatform: x86_64_RedHat7 $
09/10/18 14:42:56 ** PID = 67522
09/10/18 14:42:56 ** Log last touched time unavailable (No such file or directory)
09/10/18 14:42:56 ******************************************************
09/10/18 14:42:56 Using config source: /etc/condor/condor_config
09/10/18 14:42:56 Using local config sources: 
09/10/18 14:42:56    /etc/condor/config.d/00_logging
09/10/18 14:42:56    /etc/condor/config.d/00_security
09/10/18 14:42:56    /etc/condor/config.d/20_ganglia
09/10/18 14:42:56    /etc/condor/config.d/20_master_daemons
09/10/18 14:42:56    /etc/condor/config.d/20_schedd
09/10/18 14:42:56    /etc/condor/config.d/20_schedd_limit_num_jobs
09/10/18 14:42:56    /etc/condor/config.d/20_schedd_stats
09/10/18 14:42:56    /etc/condor/config.d/20_schedd_stats_rss
09/10/18 14:42:56    /etc/condor/config.d/20_shared_port
09/10/18 14:42:56    /etc/condor/config.d/20_submit
09/10/18 14:42:56    /etc/condor/config.d/21_submit_singularity
09/10/18 14:42:56    /etc/condor/config.d/60_npx_submit
09/10/18 14:42:56    /etc/condor/config.d/60_npx_submit_sane_reqs
09/10/18 14:42:56    /etc/condor/config.d/99_block_submissions_group_long
09/10/18 14:42:56    /etc/condor/condor_config.local
09/10/18 14:42:56 config Macros = 134, Sorted = 134, StringBytes = 5421, TablesBytes = 4984
09/10/18 14:42:56 CLASSAD_CACHING is ENABLED
09/10/18 14:42:56 Daemon Log is logging: D_ALWAYS D_ERROR
09/10/18 14:42:56 DaemonCore: No command port requested.
09/10/18 14:42:56 DAGMAN_USE_STRICT setting: 1
09/10/18 14:42:56 DAGMAN_VERBOSITY setting: 3
09/10/18 14:42:56 DAGMAN_DEBUG_CACHE_SIZE setting: 5242880
09/10/18 14:42:56 DAGMAN_DEBUG_CACHE_ENABLE setting: False
09/10/18 14:42:56 DAGMAN_SUBMIT_DELAY setting: 1
09/10/18 14:42:56 DAGMAN_MAX_SUBMIT_ATTEMPTS setting: 6
09/10/18 14:42:56 DAGMAN_STARTUP_CYCLE_DETECT setting: False
09/10/18 14:42:56 DAGMAN_MAX_SUBMITS_PER_INTERVAL setting: 5
09/10/18 14:42:56 DAGMAN_AGGRESSIVE_SUBMIT setting: False
09/10/18 14:42:56 DAGMAN_USER_LOG_SCAN_INTERVAL setting: 5
09/10/18 14:42:56 DAGMAN_QUEUE_UPDATE_INTERVAL setting: 300
09/10/18 14:42:56 DAGMAN_DEFAULT_PRIORITY setting: 0
09/10/18 14:42:56 DAGMAN_SUPPRESS_NOTIFICATION setting: True
09/10/18 14:42:56 allow_events (DAGMAN_ALLOW_EVENTS) setting: 114
09/10/18 14:42:56 DAGMAN_RETRY_SUBMIT_FIRST setting: True
09/10/18 14:42:56 DAGMAN_RETRY_NODE_FIRST setting: False
09/10/18 14:42:56 DAGMAN_MAX_JOBS_IDLE setting: 1000
09/10/18 14:42:56 DAGMAN_MAX_JOBS_SUBMITTED setting: 0
09/10/18 14:42:56 DAGMAN_MAX_PRE_SCRIPTS setting: 20
09/10/18 14:42:56 DAGMAN_MAX_POST_SCRIPTS setting: 20
09/10/18 14:42:56 DAGMAN_MUNGE_NODE_NAMES setting: True
09/10/18 14:42:56 DAGMAN_PROHIBIT_MULTI_JOBS setting: False
09/10/18 14:42:56 DAGMAN_SUBMIT_DEPTH_FIRST setting: False
09/10/18 14:42:56 DAGMAN_ALWAYS_RUN_POST setting: False
09/10/18 14:42:56 DAGMAN_ABORT_DUPLICATES setting: True
09/10/18 14:42:56 DAGMAN_ABORT_ON_SCARY_SUBMIT setting: True
09/10/18 14:42:56 DAGMAN_PENDING_REPORT_INTERVAL setting: 600
09/10/18 14:42:56 DAGMAN_AUTO_RESCUE setting: True
09/10/18 14:42:56 DAGMAN_MAX_RESCUE_NUM setting: 100
09/10/18 14:42:56 DAGMAN_WRITE_PARTIAL_RESCUE setting: True
09/10/18 14:42:56 DAGMAN_DEFAULT_NODE_LOG setting: @(DAG_DIR)/@(DAG_FILE).nodes.log
09/10/18 14:42:56 DAGMAN_GENERATE_SUBDAG_SUBMITS setting: True
09/10/18 14:42:56 DAGMAN_MAX_JOB_HOLDS setting: 100
09/10/18 14:42:56 DAGMAN_HOLD_CLAIM_TIME setting: 20
09/10/18 14:42:56 ALL_DEBUG setting: 
09/10/18 14:42:56 DAGMAN_DEBUG setting: 
09/10/18 14:42:56 DAGMAN_SUPPRESS_JOB_LOGS setting: False
09/10/18 14:42:56 DAGMAN_REMOVE_NODE_JOBS setting: True
09/10/18 14:42:56 argv[0] == "condor_scheduniv_exec.5698748.0"
09/10/18 14:42:56 argv[1] == "-Lockfile"
09/10/18 14:42:56 argv[2] == "condor/submit/Nova_Random_Forest_20180910_02.submit.lock"
09/10/18 14:42:56 argv[3] == "-AutoRescue"
09/10/18 14:42:56 argv[4] == "1"
09/10/18 14:42:56 argv[5] == "-DoRescueFrom"
09/10/18 14:42:56 argv[6] == "0"
09/10/18 14:42:56 argv[7] == "-Dag"
09/10/18 14:42:56 argv[8] == "condor/submit/Nova_Random_Forest_20180910_02.submit"
09/10/18 14:42:56 argv[9] == "-MaxJobs"
09/10/18 14:42:56 argv[10] == "3000"
09/10/18 14:42:56 argv[11] == "-Suppress_notification"
09/10/18 14:42:56 argv[12] == "-CsdVersion"
09/10/18 14:42:56 argv[13] == "$CondorVersion: 8.7.7 Mar 13 2018 BuildID: 435313 $"
09/10/18 14:42:56 argv[14] == "-Dagman"
09/10/18 14:42:56 argv[15] == "/usr/bin/condor_dagman"
09/10/18 14:42:57 Workflow batch-name: <Nova_Random_Forest_20180910_02.submit+5698748>
09/10/18 14:42:57 Workflow accounting_group: <>
09/10/18 14:42:57 Workflow accounting_group_user: <>
09/10/18 14:42:57 Warning: failed to get attribute DAGNodeName
09/10/18 14:42:57 DAGMAN_LOG_ON_NFS_IS_ERROR setting: False
09/10/18 14:42:57 Default node log file is: </home/apizzuto/Nova/scripts/pycondorScripts/condor/submit/Nova_Random_Forest_20180910_02.submit.nodes.log>
09/10/18 14:42:57 DAG Lockfile will be written to condor/submit/Nova_Random_Forest_20180910_02.submit.lock
09/10/18 14:42:57 DAG Input file is condor/submit/Nova_Random_Forest_20180910_02.submit
09/10/18 14:42:57 Parsing 1 dagfiles
09/10/18 14:42:57 Parsing condor/submit/Nova_Random_Forest_20180910_02.submit ...
09/10/18 14:42:57 Dag contains 8 total jobs
09/10/18 14:42:57 Sleeping for 3 seconds to ensure ProcessId uniqueness
09/10/18 14:43:00 Bootstrapping...
09/10/18 14:43:00 Number of pre-completed nodes: 0
09/10/18 14:43:00 MultiLogFiles: truncating log file /home/apizzuto/Nova/scripts/pycondorScripts/condor/submit/Nova_Random_Forest_20180910_02.submit.nodes.log
09/10/18 14:43:00 DAG status: 0 (DAG_STATUS_OK)
09/10/18 14:43:00 Of 8 nodes total:
09/10/18 14:43:00  Done     Pre   Queued    Post   Ready   Un-Ready   Failed
09/10/18 14:43:00   ===     ===      ===     ===     ===        ===      ===
09/10/18 14:43:00     0       0        0       0       8          0        0
09/10/18 14:43:00 0 job proc(s) currently held
09/10/18 14:43:00 DAGMan Runtime Statistics: [ EventCycleTimeSum = 0.0; EventCycleTimeCount = 0.0; SleepCycleTimeCount = 0.0; SubmitCycleTimeSum = 0.0; SubmitCycleTimeCount = 0.0; LogProcessCycleTimeSum = 0.0; SleepCycleTimeSum = 0.0; LogProcessCycleTimeCount = 0.0; ]
09/10/18 14:43:00 Registering condor_event_timer...
09/10/18 14:43:01 Sleeping for 1 s (DAGMAN_SUBMIT_DELAY) to throttle submissions...
09/10/18 14:43:02 Submitting HTCondor Node Nova_Random_Forest_Training_20180910_01_arg_0 job(s)...
09/10/18 14:43:02 Adding a DAGMan workflow log /home/apizzuto/Nova/scripts/pycondorScripts/condor/submit/Nova_Random_Forest_20180910_02.submit.nodes.log
09/10/18 14:43:02 Masking the events recorded in the DAGMAN workflow log
09/10/18 14:43:02 Mask for workflow log is 0,1,2,4,5,7,9,10,11,12,13,16,17,24,27,35,36
09/10/18 14:43:02 submitting: /usr/bin/condor_submit -a dag_node_name' '=' 'Nova_Random_Forest_Training_20180910_01_arg_0 -a +DAGManJobId' '=' '5698748 -a DAGManJobId' '=' '5698748 -batch-name Nova_Random_Forest_20180910_02.submit+5698748 -a submit_event_notes' '=' 'DAG' 'Node:' 'Nova_Random_Forest_Training_20180910_01_arg_0 -a dagman_log' '=' '/home/apizzuto/Nova/scripts/pycondorScripts/condor/submit/Nova_Random_Forest_20180910_02.submit.nodes.log -a +DAGManNodesMask' '=' '"0,1,2,4,5,7,9,10,11,12,13,16,17,24,27,35,36" -a ARGS' '=' '--a=True' '--s=True' '--log=True -a DAG_STATUS' '=' '0 -a FAILED_COUNT' '=' '0 -a notification' '=' 'never -a +DAGParentNodeNames' '=' '"" condor/submit/Nova_Random_Forest_Training_20180910_01.submit
09/10/18 14:43:02 From submit: Submitting job(s).
09/10/18 14:43:02 From submit: 1 job(s) submitted to cluster 5698787.
09/10/18 14:43:02 	assigned HTCondor ID (5698787.0.0)
09/10/18 14:43:02 Sleeping for 1 s (DAGMAN_SUBMIT_DELAY) to throttle submissions...
09/10/18 14:43:03 Submitting HTCondor Node Nova_Random_Forest_Training_20180910_01_arg_1 job(s)...
09/10/18 14:43:03 Adding a DAGMan workflow log /home/apizzuto/Nova/scripts/pycondorScripts/condor/submit/Nova_Random_Forest_20180910_02.submit.nodes.log
09/10/18 14:43:03 Masking the events recorded in the DAGMAN workflow log
09/10/18 14:43:03 Mask for workflow log is 0,1,2,4,5,7,9,10,11,12,13,16,17,24,27,35,36
09/10/18 14:43:03 submitting: /usr/bin/condor_submit -a dag_node_name' '=' 'Nova_Random_Forest_Training_20180910_01_arg_1 -a +DAGManJobId' '=' '5698748 -a DAGManJobId' '=' '5698748 -batch-name Nova_Random_Forest_20180910_02.submit+5698748 -a submit_event_notes' '=' 'DAG' 'Node:' 'Nova_Random_Forest_Training_20180910_01_arg_1 -a dagman_log' '=' '/home/apizzuto/Nova/scripts/pycondorScripts/condor/submit/Nova_Random_Forest_20180910_02.submit.nodes.log -a +DAGManNodesMask' '=' '"0,1,2,4,5,7,9,10,11,12,13,16,17,24,27,35,36" -a ARGS' '=' '--a=True' '--s=True' '--log=False -a DAG_STATUS' '=' '0 -a FAILED_COUNT' '=' '0 -a notification' '=' 'never -a +DAGParentNodeNames' '=' '"" condor/submit/Nova_Random_Forest_Training_20180910_01.submit
09/10/18 14:43:04 From submit: Submitting job(s).
09/10/18 14:43:04 From submit: 1 job(s) submitted to cluster 5698789.
09/10/18 14:43:04 	assigned HTCondor ID (5698789.0.0)
09/10/18 14:43:04 Sleeping for 1 s (DAGMAN_SUBMIT_DELAY) to throttle submissions...
09/10/18 14:43:05 Submitting HTCondor Node Nova_Random_Forest_Training_20180910_01_arg_2 job(s)...
09/10/18 14:43:05 Adding a DAGMan workflow log /home/apizzuto/Nova/scripts/pycondorScripts/condor/submit/Nova_Random_Forest_20180910_02.submit.nodes.log
09/10/18 14:43:05 Masking the events recorded in the DAGMAN workflow log
09/10/18 14:43:05 Mask for workflow log is 0,1,2,4,5,7,9,10,11,12,13,16,17,24,27,35,36
09/10/18 14:43:05 submitting: /usr/bin/condor_submit -a dag_node_name' '=' 'Nova_Random_Forest_Training_20180910_01_arg_2 -a +DAGManJobId' '=' '5698748 -a DAGManJobId' '=' '5698748 -batch-name Nova_Random_Forest_20180910_02.submit+5698748 -a submit_event_notes' '=' 'DAG' 'Node:' 'Nova_Random_Forest_Training_20180910_01_arg_2 -a dagman_log' '=' '/home/apizzuto/Nova/scripts/pycondorScripts/condor/submit/Nova_Random_Forest_20180910_02.submit.nodes.log -a +DAGManNodesMask' '=' '"0,1,2,4,5,7,9,10,11,12,13,16,17,24,27,35,36" -a ARGS' '=' '--a=True' '--s=False' '--log=True -a DAG_STATUS' '=' '0 -a FAILED_COUNT' '=' '0 -a notification' '=' 'never -a +DAGParentNodeNames' '=' '"" condor/submit/Nova_Random_Forest_Training_20180910_01.submit
09/10/18 14:43:05 From submit: Submitting job(s).
09/10/18 14:43:05 From submit: 1 job(s) submitted to cluster 5698791.
09/10/18 14:43:05 	assigned HTCondor ID (5698791.0.0)
09/10/18 14:43:05 Sleeping for 1 s (DAGMAN_SUBMIT_DELAY) to throttle submissions...
09/10/18 14:43:06 Submitting HTCondor Node Nova_Random_Forest_Training_20180910_01_arg_3 job(s)...
09/10/18 14:43:06 Adding a DAGMan workflow log /home/apizzuto/Nova/scripts/pycondorScripts/condor/submit/Nova_Random_Forest_20180910_02.submit.nodes.log
09/10/18 14:43:06 Masking the events recorded in the DAGMAN workflow log
09/10/18 14:43:06 Mask for workflow log is 0,1,2,4,5,7,9,10,11,12,13,16,17,24,27,35,36
09/10/18 14:43:06 submitting: /usr/bin/condor_submit -a dag_node_name' '=' 'Nova_Random_Forest_Training_20180910_01_arg_3 -a +DAGManJobId' '=' '5698748 -a DAGManJobId' '=' '5698748 -batch-name Nova_Random_Forest_20180910_02.submit+5698748 -a submit_event_notes' '=' 'DAG' 'Node:' 'Nova_Random_Forest_Training_20180910_01_arg_3 -a dagman_log' '=' '/home/apizzuto/Nova/scripts/pycondorScripts/condor/submit/Nova_Random_Forest_20180910_02.submit.nodes.log -a +DAGManNodesMask' '=' '"0,1,2,4,5,7,9,10,11,12,13,16,17,24,27,35,36" -a ARGS' '=' '--a=True' '--s=False' '--log=False -a DAG_STATUS' '=' '0 -a FAILED_COUNT' '=' '0 -a notification' '=' 'never -a +DAGParentNodeNames' '=' '"" condor/submit/Nova_Random_Forest_Training_20180910_01.submit
09/10/18 14:43:06 From submit: Submitting job(s).
09/10/18 14:43:06 From submit: 1 job(s) submitted to cluster 5698793.
09/10/18 14:43:06 	assigned HTCondor ID (5698793.0.0)
09/10/18 14:43:06 Sleeping for 1 s (DAGMAN_SUBMIT_DELAY) to throttle submissions...
09/10/18 14:43:07 Submitting HTCondor Node Nova_Random_Forest_Training_20180910_01_arg_4 job(s)...
09/10/18 14:43:07 Adding a DAGMan workflow log /home/apizzuto/Nova/scripts/pycondorScripts/condor/submit/Nova_Random_Forest_20180910_02.submit.nodes.log
09/10/18 14:43:07 Masking the events recorded in the DAGMAN workflow log
09/10/18 14:43:07 Mask for workflow log is 0,1,2,4,5,7,9,10,11,12,13,16,17,24,27,35,36
09/10/18 14:43:07 submitting: /usr/bin/condor_submit -a dag_node_name' '=' 'Nova_Random_Forest_Training_20180910_01_arg_4 -a +DAGManJobId' '=' '5698748 -a DAGManJobId' '=' '5698748 -batch-name Nova_Random_Forest_20180910_02.submit+5698748 -a submit_event_notes' '=' 'DAG' 'Node:' 'Nova_Random_Forest_Training_20180910_01_arg_4 -a dagman_log' '=' '/home/apizzuto/Nova/scripts/pycondorScripts/condor/submit/Nova_Random_Forest_20180910_02.submit.nodes.log -a +DAGManNodesMask' '=' '"0,1,2,4,5,7,9,10,11,12,13,16,17,24,27,35,36" -a ARGS' '=' '--a=False' '--s=True' '--log=True -a DAG_STATUS' '=' '0 -a FAILED_COUNT' '=' '0 -a notification' '=' 'never -a +DAGParentNodeNames' '=' '"" condor/submit/Nova_Random_Forest_Training_20180910_01.submit
09/10/18 14:43:07 From submit: Submitting job(s).
09/10/18 14:43:07 From submit: 1 job(s) submitted to cluster 5698795.
09/10/18 14:43:07 	assigned HTCondor ID (5698795.0.0)
09/10/18 14:43:07 Just submitted 5 jobs this cycle...
09/10/18 14:43:07 Currently monitoring 1 HTCondor log file(s)
09/10/18 14:43:07 Reassigning the id of job Nova_Random_Forest_Training_20180910_01_arg_0 from (5698787.0.0) to (5698787.0.0)
09/10/18 14:43:07 Event: ULOG_SUBMIT for HTCondor Node Nova_Random_Forest_Training_20180910_01_arg_0 (5698787.0.0) {09/10/18 14:43:02}
09/10/18 14:43:07 Number of idle job procs: 1
09/10/18 14:43:07 Reassigning the id of job Nova_Random_Forest_Training_20180910_01_arg_1 from (5698789.0.0) to (5698789.0.0)
09/10/18 14:43:07 Event: ULOG_SUBMIT for HTCondor Node Nova_Random_Forest_Training_20180910_01_arg_1 (5698789.0.0) {09/10/18 14:43:04}
09/10/18 14:43:07 Number of idle job procs: 2
09/10/18 14:43:07 Reassigning the id of job Nova_Random_Forest_Training_20180910_01_arg_2 from (5698791.0.0) to (5698791.0.0)
09/10/18 14:43:07 Event: ULOG_SUBMIT for HTCondor Node Nova_Random_Forest_Training_20180910_01_arg_2 (5698791.0.0) {09/10/18 14:43:05}
09/10/18 14:43:07 Number of idle job procs: 3
09/10/18 14:43:07 Reassigning the id of job Nova_Random_Forest_Training_20180910_01_arg_3 from (5698793.0.0) to (5698793.0.0)
09/10/18 14:43:07 Event: ULOG_SUBMIT for HTCondor Node Nova_Random_Forest_Training_20180910_01_arg_3 (5698793.0.0) {09/10/18 14:43:06}
09/10/18 14:43:07 Number of idle job procs: 4
09/10/18 14:43:07 Reassigning the id of job Nova_Random_Forest_Training_20180910_01_arg_4 from (5698795.0.0) to (5698795.0.0)
09/10/18 14:43:07 Event: ULOG_SUBMIT for HTCondor Node Nova_Random_Forest_Training_20180910_01_arg_4 (5698795.0.0) {09/10/18 14:43:07}
09/10/18 14:43:07 Number of idle job procs: 5
09/10/18 14:43:07 DAG status: 0 (DAG_STATUS_OK)
09/10/18 14:43:07 Of 8 nodes total:
09/10/18 14:43:07  Done     Pre   Queued    Post   Ready   Un-Ready   Failed
09/10/18 14:43:07   ===     ===      ===     ===     ===        ===      ===
09/10/18 14:43:07     0       0        5       0       3          0        0
09/10/18 14:43:07 0 job proc(s) currently held
09/10/18 14:43:07 DAGMan Runtime Statistics: [ EventCycleTimeCount = 0.0; SleepCycleTimeSum = 0.0; EventCycleTimeSum = 0.0; LogProcessCycleTimeCount = 1.0; LogProcessCycleTimeSum = 0.0002460479736328125; LogProcessCycleTimeMin = 0.0002460479736328125; LogProcessCycleTimeMax = 0.0002460479736328125; LogProcessCycleTimeAvg = 0.0002460479736328125; LogProcessCycleTimeStd = 0.0002460479736328125; SubmitCycleTimeMax = 6.511148929595947; SubmitCycleTimeCount = 1.0; SleepCycleTimeCount = 0.0; SubmitCycleTimeSum = 6.511148929595947; SubmitCycleTimeStd = 6.511148929595947; SubmitCycleTimeAvg = 6.511148929595947; SubmitCycleTimeMin = 6.511148929595947; ]
09/10/18 14:43:12 Sleeping for 1 s (DAGMAN_SUBMIT_DELAY) to throttle submissions...
09/10/18 14:43:14 Submitting HTCondor Node Nova_Random_Forest_Training_20180910_01_arg_5 job(s)...
09/10/18 14:43:14 Adding a DAGMan workflow log /home/apizzuto/Nova/scripts/pycondorScripts/condor/submit/Nova_Random_Forest_20180910_02.submit.nodes.log
09/10/18 14:43:14 Masking the events recorded in the DAGMAN workflow log
09/10/18 14:43:14 Mask for workflow log is 0,1,2,4,5,7,9,10,11,12,13,16,17,24,27,35,36
09/10/18 14:43:14 submitting: /usr/bin/condor_submit -a dag_node_name' '=' 'Nova_Random_Forest_Training_20180910_01_arg_5 -a +DAGManJobId' '=' '5698748 -a DAGManJobId' '=' '5698748 -batch-name Nova_Random_Forest_20180910_02.submit+5698748 -a submit_event_notes' '=' 'DAG' 'Node:' 'Nova_Random_Forest_Training_20180910_01_arg_5 -a dagman_log' '=' '/home/apizzuto/Nova/scripts/pycondorScripts/condor/submit/Nova_Random_Forest_20180910_02.submit.nodes.log -a +DAGManNodesMask' '=' '"0,1,2,4,5,7,9,10,11,12,13,16,17,24,27,35,36" -a ARGS' '=' '--a=False' '--s=True' '--log=False -a DAG_STATUS' '=' '0 -a FAILED_COUNT' '=' '0 -a notification' '=' 'never -a +DAGParentNodeNames' '=' '"" condor/submit/Nova_Random_Forest_Training_20180910_01.submit
09/10/18 14:43:14 From submit: Submitting job(s).
09/10/18 14:43:14 From submit: 1 job(s) submitted to cluster 5698803.
09/10/18 14:43:14 	assigned HTCondor ID (5698803.0.0)
09/10/18 14:43:14 Sleeping for 1 s (DAGMAN_SUBMIT_DELAY) to throttle submissions...
09/10/18 14:43:15 Submitting HTCondor Node Nova_Random_Forest_Training_20180910_01_arg_6 job(s)...
09/10/18 14:43:15 Adding a DAGMan workflow log /home/apizzuto/Nova/scripts/pycondorScripts/condor/submit/Nova_Random_Forest_20180910_02.submit.nodes.log
09/10/18 14:43:15 Masking the events recorded in the DAGMAN workflow log
09/10/18 14:43:15 Mask for workflow log is 0,1,2,4,5,7,9,10,11,12,13,16,17,24,27,35,36
09/10/18 14:43:15 submitting: /usr/bin/condor_submit -a dag_node_name' '=' 'Nova_Random_Forest_Training_20180910_01_arg_6 -a +DAGManJobId' '=' '5698748 -a DAGManJobId' '=' '5698748 -batch-name Nova_Random_Forest_20180910_02.submit+5698748 -a submit_event_notes' '=' 'DAG' 'Node:' 'Nova_Random_Forest_Training_20180910_01_arg_6 -a dagman_log' '=' '/home/apizzuto/Nova/scripts/pycondorScripts/condor/submit/Nova_Random_Forest_20180910_02.submit.nodes.log -a +DAGManNodesMask' '=' '"0,1,2,4,5,7,9,10,11,12,13,16,17,24,27,35,36" -a ARGS' '=' '--a=False' '--s=False' '--log=True -a DAG_STATUS' '=' '0 -a FAILED_COUNT' '=' '0 -a notification' '=' 'never -a +DAGParentNodeNames' '=' '"" condor/submit/Nova_Random_Forest_Training_20180910_01.submit
09/10/18 14:43:15 From submit: Submitting job(s).
09/10/18 14:43:15 From submit: 1 job(s) submitted to cluster 5698805.
09/10/18 14:43:15 	assigned HTCondor ID (5698805.0.0)
09/10/18 14:43:15 Sleeping for 1 s (DAGMAN_SUBMIT_DELAY) to throttle submissions...
09/10/18 14:43:16 Submitting HTCondor Node Nova_Random_Forest_Training_20180910_01_arg_7 job(s)...
09/10/18 14:43:16 Adding a DAGMan workflow log /home/apizzuto/Nova/scripts/pycondorScripts/condor/submit/Nova_Random_Forest_20180910_02.submit.nodes.log
09/10/18 14:43:16 Masking the events recorded in the DAGMAN workflow log
09/10/18 14:43:16 Mask for workflow log is 0,1,2,4,5,7,9,10,11,12,13,16,17,24,27,35,36
09/10/18 14:43:16 submitting: /usr/bin/condor_submit -a dag_node_name' '=' 'Nova_Random_Forest_Training_20180910_01_arg_7 -a +DAGManJobId' '=' '5698748 -a DAGManJobId' '=' '5698748 -batch-name Nova_Random_Forest_20180910_02.submit+5698748 -a submit_event_notes' '=' 'DAG' 'Node:' 'Nova_Random_Forest_Training_20180910_01_arg_7 -a dagman_log' '=' '/home/apizzuto/Nova/scripts/pycondorScripts/condor/submit/Nova_Random_Forest_20180910_02.submit.nodes.log -a +DAGManNodesMask' '=' '"0,1,2,4,5,7,9,10,11,12,13,16,17,24,27,35,36" -a ARGS' '=' '--a=False' '--s=False' '--log=False -a DAG_STATUS' '=' '0 -a FAILED_COUNT' '=' '0 -a notification' '=' 'never -a +DAGParentNodeNames' '=' '"" condor/submit/Nova_Random_Forest_Training_20180910_01.submit
09/10/18 14:43:16 From submit: Submitting job(s).
09/10/18 14:43:16 From submit: 1 job(s) submitted to cluster 5698808.
09/10/18 14:43:16 	assigned HTCondor ID (5698808.0.0)
09/10/18 14:43:16 Just submitted 3 jobs this cycle...
09/10/18 14:43:16 Currently monitoring 1 HTCondor log file(s)
09/10/18 14:43:16 Reassigning the id of job Nova_Random_Forest_Training_20180910_01_arg_5 from (5698803.0.0) to (5698803.0.0)
09/10/18 14:43:16 Event: ULOG_SUBMIT for HTCondor Node Nova_Random_Forest_Training_20180910_01_arg_5 (5698803.0.0) {09/10/18 14:43:14}
09/10/18 14:43:16 Number of idle job procs: 6
09/10/18 14:43:16 Reassigning the id of job Nova_Random_Forest_Training_20180910_01_arg_6 from (5698805.0.0) to (5698805.0.0)
09/10/18 14:43:16 Event: ULOG_SUBMIT for HTCondor Node Nova_Random_Forest_Training_20180910_01_arg_6 (5698805.0.0) {09/10/18 14:43:15}
09/10/18 14:43:16 Number of idle job procs: 7
09/10/18 14:43:16 Reassigning the id of job Nova_Random_Forest_Training_20180910_01_arg_7 from (5698808.0.0) to (5698808.0.0)
09/10/18 14:43:16 Event: ULOG_SUBMIT for HTCondor Node Nova_Random_Forest_Training_20180910_01_arg_7 (5698808.0.0) {09/10/18 14:43:16}
09/10/18 14:43:16 Number of idle job procs: 8
09/10/18 14:43:16 DAG status: 0 (DAG_STATUS_OK)
09/10/18 14:43:16 Of 8 nodes total:
09/10/18 14:43:16  Done     Pre   Queued    Post   Ready   Un-Ready   Failed
09/10/18 14:43:16   ===     ===      ===     ===     ===        ===      ===
09/10/18 14:43:16     0       0        8       0       0          0        0
09/10/18 14:43:16 0 job proc(s) currently held
09/10/18 14:43:16 DAGMan Runtime Statistics: [ EventCycleTimeStd = 6.511536836624146; EventCycleTimeMax = 6.511536836624146; SubmitCycleTimeMin = 3.824373960494995; SubmitCycleTimeAvg = 5.167761445045471; SleepCycleTimeCount = 1.0; SubmitCycleTimeCount = 2.0; SubmitCycleTimeMax = 6.511148929595947; SleepCycleTimeMin = 5.004555225372314; SubmitCycleTimeSum = 10.33552289009094; LogProcessCycleTimeStd = 6.861506937573548E-05; SubmitCycleTimeStd = 1.89983680017356; LogProcessCycleTimeAvg = 0.0001975297927856445; EventCycleTimeMin = 6.511536836624146; LogProcessCycleTimeMax = 0.0002460479736328125; LogProcessCycleTimeMin = 0.0001490116119384766; LogProcessCycleTimeSum = 0.0003950595855712891; LogProcessCycleTimeCount = 2.0; EventCycleTimeSum = 6.511536836624146; SleepCycleTimeSum = 5.004555225372314; SleepCycleTimeAvg = 5.004555225372314; SleepCycleTimeStd = 5.004555225372314; SleepCycleTimeMax = 5.004555225372314; EventCycleTimeCount = 1.0; EventCycleTimeAvg = 6.511536836624146; ]
09/10/18 14:43:56 Currently monitoring 1 HTCondor log file(s)
09/10/18 14:43:56 Event: ULOG_EXECUTE for HTCondor Node Nova_Random_Forest_Training_20180910_01_arg_6 (5698805.0.0) {09/10/18 14:43:56}
09/10/18 14:43:56 Number of idle job procs: 7
09/10/18 14:43:56 Event: ULOG_EXECUTE for HTCondor Node Nova_Random_Forest_Training_20180910_01_arg_3 (5698793.0.0) {09/10/18 14:43:56}
09/10/18 14:43:56 Number of idle job procs: 6
09/10/18 14:43:56 Event: ULOG_EXECUTE for HTCondor Node Nova_Random_Forest_Training_20180910_01_arg_5 (5698803.0.0) {09/10/18 14:43:56}
09/10/18 14:43:56 Number of idle job procs: 5
09/10/18 14:43:56 Event: ULOG_SHADOW_EXCEPTION for HTCondor Node Nova_Random_Forest_Training_20180910_01_arg_6 (5698805.0.0) {09/10/18 14:43:56}
09/10/18 14:43:56 Number of idle job procs: 6
09/10/18 14:43:56 Event: ULOG_JOB_HELD for HTCondor Node Nova_Random_Forest_Training_20180910_01_arg_6 (5698805.0.0) {09/10/18 14:43:56}
09/10/18 14:43:56   Hold reason: Error from slot1_7@gtx-28.icecube.wisc.edu: Failed to execute '/home/apizzuto/Nova/scripts/pycondorScripts/../angularError_randomForest.py' with arguments --a=False --s=False --log=True: invalid interpreter (usr/bin/env) specified on first line of script (errno=2: 'No such file or directory')
09/10/18 14:43:56 Number of idle job procs: 6
09/10/18 14:43:56 Event: ULOG_EXECUTE for HTCondor Node Nova_Random_Forest_Training_20180910_01_arg_7 (5698808.0.0) {09/10/18 14:43:56}
09/10/18 14:43:56 Number of idle job procs: 5
09/10/18 14:43:56 Event: ULOG_SHADOW_EXCEPTION for HTCondor Node Nova_Random_Forest_Training_20180910_01_arg_3 (5698793.0.0) {09/10/18 14:43:56}
09/10/18 14:43:56 Number of idle job procs: 6
09/10/18 14:43:56 Event: ULOG_JOB_HELD for HTCondor Node Nova_Random_Forest_Training_20180910_01_arg_3 (5698793.0.0) {09/10/18 14:43:56}
09/10/18 14:43:56   Hold reason: Error from slot1_12@node132.icecube.wisc.edu: Failed to execute '/home/apizzuto/Nova/scripts/pycondorScripts/../angularError_randomForest.py' with arguments --a=True --s=False --log=False: invalid interpreter (usr/bin/env) specified on first line of script (errno=2: 'No such file or directory')
09/10/18 14:43:56 Number of idle job procs: 6
09/10/18 14:43:56 Event: ULOG_SHADOW_EXCEPTION for HTCondor Node Nova_Random_Forest_Training_20180910_01_arg_5 (5698803.0.0) {09/10/18 14:43:56}
09/10/18 14:43:56 Number of idle job procs: 7
09/10/18 14:43:56 Event: ULOG_JOB_HELD for HTCondor Node Nova_Random_Forest_Training_20180910_01_arg_5 (5698803.0.0) {09/10/18 14:43:56}
09/10/18 14:43:56   Hold reason: Error from slot1_8@gtx-38.icecube.wisc.edu: Failed to execute '/home/apizzuto/Nova/scripts/pycondorScripts/../angularError_randomForest.py' with arguments --a=False --s=True --log=False: invalid interpreter (usr/bin/env) specified on first line of script (errno=2: 'No such file or directory')
09/10/18 14:43:56 Number of idle job procs: 7
09/10/18 14:43:56 Event: ULOG_SHADOW_EXCEPTION for HTCondor Node Nova_Random_Forest_Training_20180910_01_arg_7 (5698808.0.0) {09/10/18 14:43:56}
09/10/18 14:43:56 Number of idle job procs: 8
09/10/18 14:43:56 Event: ULOG_JOB_HELD for HTCondor Node Nova_Random_Forest_Training_20180910_01_arg_7 (5698808.0.0) {09/10/18 14:43:56}
09/10/18 14:43:56   Hold reason: Error from slot1_1@node029.icecube.wisc.edu: Failed to execute '/home/apizzuto/Nova/scripts/pycondorScripts/../angularError_randomForest.py' with arguments --a=False --s=False --log=False: invalid interpreter (usr/bin/env) specified on first line of script (errno=2: 'No such file or directory')
09/10/18 14:43:56 Number of idle job procs: 8
09/10/18 14:43:56 Event: ULOG_EXECUTE for HTCondor Node Nova_Random_Forest_Training_20180910_01_arg_1 (5698789.0.0) {09/10/18 14:43:56}
09/10/18 14:43:56 Number of idle job procs: 7
09/10/18 14:43:56 Event: ULOG_EXECUTE for HTCondor Node Nova_Random_Forest_Training_20180910_01_arg_4 (5698795.0.0) {09/10/18 14:43:56}
09/10/18 14:43:56 Number of idle job procs: 6
09/10/18 14:43:56 Event: ULOG_EXECUTE for HTCondor Node Nova_Random_Forest_Training_20180910_01_arg_0 (5698787.0.0) {09/10/18 14:43:56}
09/10/18 14:43:56 Number of idle job procs: 5
09/10/18 14:43:56 Event: ULOG_EXECUTE for HTCondor Node Nova_Random_Forest_Training_20180910_01_arg_2 (5698791.0.0) {09/10/18 14:43:56}
09/10/18 14:43:56 Number of idle job procs: 4
09/10/18 14:43:56 Event: ULOG_SHADOW_EXCEPTION for HTCondor Node Nova_Random_Forest_Training_20180910_01_arg_4 (5698795.0.0) {09/10/18 14:43:56}
09/10/18 14:43:56 Number of idle job procs: 5
09/10/18 14:43:56 Event: ULOG_JOB_HELD for HTCondor Node Nova_Random_Forest_Training_20180910_01_arg_4 (5698795.0.0) {09/10/18 14:43:56}
09/10/18 14:43:56   Hold reason: Error from slot1_13@c9-7.icecube.wisc.edu: Failed to execute '/home/apizzuto/Nova/scripts/pycondorScripts/../angularError_randomForest.py' with arguments --a=False --s=True --log=True: invalid interpreter (usr/bin/env) specified on first line of script (errno=2: 'No such file or directory')
09/10/18 14:43:56 Number of idle job procs: 5
09/10/18 14:43:56 Event: ULOG_SHADOW_EXCEPTION for HTCondor Node Nova_Random_Forest_Training_20180910_01_arg_2 (5698791.0.0) {09/10/18 14:43:56}
09/10/18 14:43:56 Number of idle job procs: 6
09/10/18 14:43:56 Event: ULOG_SHADOW_EXCEPTION for HTCondor Node Nova_Random_Forest_Training_20180910_01_arg_1 (5698789.0.0) {09/10/18 14:43:56}
09/10/18 14:43:56 Number of idle job procs: 7
09/10/18 14:43:56 Event: ULOG_JOB_HELD for HTCondor Node Nova_Random_Forest_Training_20180910_01_arg_1 (5698789.0.0) {09/10/18 14:43:56}
09/10/18 14:43:56   Hold reason: Error from slot1_3@burn-in16.icecube.wisc.edu: Failed to execute '/home/apizzuto/Nova/scripts/pycondorScripts/../angularError_randomForest.py' with arguments --a=True --s=True --log=False: invalid interpreter (usr/bin/env) specified on first line of script (errno=2: 'No such file or directory')
09/10/18 14:43:56 Number of idle job procs: 7
09/10/18 14:43:56 Event: ULOG_JOB_HELD for HTCondor Node Nova_Random_Forest_Training_20180910_01_arg_2 (5698791.0.0) {09/10/18 14:43:56}
09/10/18 14:43:56   Hold reason: Error from slot1_4@node128.icecube.wisc.edu: Failed to execute '/home/apizzuto/Nova/scripts/pycondorScripts/../angularError_randomForest.py' with arguments --a=True --s=False --log=True: invalid interpreter (usr/bin/env) specified on first line of script (errno=2: 'No such file or directory')
09/10/18 14:43:56 Number of idle job procs: 7
09/10/18 14:43:56 Event: ULOG_SHADOW_EXCEPTION for HTCondor Node Nova_Random_Forest_Training_20180910_01_arg_0 (5698787.0.0) {09/10/18 14:43:56}
09/10/18 14:43:56 Number of idle job procs: 8
09/10/18 14:43:56 Event: ULOG_JOB_HELD for HTCondor Node Nova_Random_Forest_Training_20180910_01_arg_0 (5698787.0.0) {09/10/18 14:43:56}
09/10/18 14:43:56   Hold reason: Error from slot1_37@burn-in14.icecube.wisc.edu: Failed to execute '/home/apizzuto/Nova/scripts/pycondorScripts/../angularError_randomForest.py' with arguments --a=True --s=True --log=True: invalid interpreter (usr/bin/env) specified on first line of script (errno=2: 'No such file or directory')
09/10/18 14:43:56 Number of idle job procs: 8
09/10/18 14:43:56 DAG status: 0 (DAG_STATUS_OK)
09/10/18 14:43:56 Of 8 nodes total:
09/10/18 14:43:56  Done     Pre   Queued    Post   Ready   Un-Ready   Failed
09/10/18 14:43:56   ===     ===      ===     ===     ===        ===      ===
09/10/18 14:43:56     0       0        8       0       0          0        0
09/10/18 14:43:56 8 job proc(s) currently held
09/10/18 14:43:56 DAGMan Runtime Statistics: [ EventCycleTimeStd = 2.375705071805892; EventCycleTimeMax = 6.511536836624146; SubmitCycleTimeMin = 1.096725463867188E-05; SubmitCycleTimeAvg = 1.033692049980164; SleepCycleTimeCount = 9.0; SubmitCycleTimeCount = 10.0; SubmitCycleTimeMax = 6.511148929595947; SleepCycleTimeMin = 5.004086017608643; SubmitCycleTimeSum = 10.33692049980164; LogProcessCycleTimeStd = 0.0004744239978792846; SubmitCycleTimeStd = 2.26901115760223; LogProcessCycleTimeAvg = 0.0004700024922688802; EventCycleTimeMin = 2.002716064453125E-05; LogProcessCycleTimeMax = 0.001014947891235352; LogProcessCycleTimeMin = 0.0001490116119384766; LogProcessCycleTimeSum = 0.001410007476806641; LogProcessCycleTimeCount = 3.0; EventCycleTimeSum = 10.33859658241272; SleepCycleTimeSum = 45.04339933395386; SleepCycleTimeAvg = 5.004822148217095; SleepCycleTimeStd = 0.0003651185743507979; SleepCycleTimeMax = 5.005073070526123; EventCycleTimeCount = 9.0; EventCycleTimeAvg = 1.148732953601413; ]
09/10/18 14:46:45 Received SIGUSR1
09/10/18 14:46:45 Aborting DAG...
09/10/18 14:46:45 Writing Rescue DAG to condor/submit/Nova_Random_Forest_20180910_02.submit.rescue001...
09/10/18 14:46:45 Removing submitted jobs...
09/10/18 14:46:45 Removing any/all submitted HTCondor jobs...
09/10/18 14:46:45 Running: /usr/bin/condor_rm -const DAGManJobId' '=?=' '5698748
09/10/18 14:46:46 Note: 0 total job deferrals because of -MaxJobs limit (3000)
09/10/18 14:46:46 Note: 0 total job deferrals because of -MaxIdle limit (1000)
09/10/18 14:46:46 Note: 0 total job deferrals because of node category throttles
09/10/18 14:46:46 Note: 0 total PRE script deferrals because of -MaxPre limit (20) or DEFER
09/10/18 14:46:46 Note: 0 total POST script deferrals because of -MaxPost limit (20) or DEFER
09/10/18 14:46:46 DAG status: 4 (DAG_STATUS_RM)
09/10/18 14:46:46 Of 8 nodes total:
09/10/18 14:46:46  Done     Pre   Queued    Post   Ready   Un-Ready   Failed
09/10/18 14:46:46   ===     ===      ===     ===     ===        ===      ===
09/10/18 14:46:46     0       0        8       0       0          0        0
09/10/18 14:46:46 8 job proc(s) currently held
09/10/18 14:46:46 DAGMan Runtime Statistics: [ EventCycleTimeStd = 1.139482546125938; EventCycleTimeMax = 6.511536836624146; SubmitCycleTimeMin = 9.059906005859375E-06; SubmitCycleTimeAvg = 0.240638256072998; SleepCycleTimeCount = 42.0; SubmitCycleTimeCount = 43.0; SubmitCycleTimeMax = 6.511148929595947; SleepCycleTimeMin = 5.00062108039856; SubmitCycleTimeSum = 10.34744501113892; LogProcessCycleTimeStd = 0.0004744239978792846; SubmitCycleTimeStd = 1.139454007704992; LogProcessCycleTimeAvg = 0.0004700024922688802; EventCycleTimeMin = 1.811981201171875E-05; LogProcessCycleTimeMax = 0.001014947891235352; LogProcessCycleTimeMin = 0.0001490116119384766; LogProcessCycleTimeSum = 0.001410007476806641; LogProcessCycleTimeCount = 3.0; EventCycleTimeSum = 10.35672450065613; SleepCycleTimeSum = 210.2093143463135; SleepCycleTimeAvg = 5.004983674912226; SleepCycleTimeStd = 0.00134740561269026; SleepCycleTimeMax = 5.010086059570312; EventCycleTimeCount = 43.0; EventCycleTimeAvg = 0.2408540581547937; ]
09/10/18 14:46:46 Wrote metrics file condor/submit/Nova_Random_Forest_20180910_02.submit.metrics.
09/10/18 14:46:46 Metrics not sent because of PEGASUS_METRICS or CONDOR_DEVELOPERS setting.
09/10/18 14:46:46 DAGMan Runtime Statistics: [ EventCycleTimeStd = 1.139482546125938; EventCycleTimeMax = 6.511536836624146; SubmitCycleTimeMin = 9.059906005859375E-06; SubmitCycleTimeAvg = 0.240638256072998; SleepCycleTimeCount = 42.0; SubmitCycleTimeCount = 43.0; SubmitCycleTimeMax = 6.511148929595947; SleepCycleTimeMin = 5.00062108039856; SubmitCycleTimeSum = 10.34744501113892; LogProcessCycleTimeStd = 0.0004744239978792846; SubmitCycleTimeStd = 1.139454007704992; LogProcessCycleTimeAvg = 0.0004700024922688802; EventCycleTimeMin = 1.811981201171875E-05; LogProcessCycleTimeMax = 0.001014947891235352; LogProcessCycleTimeMin = 0.0001490116119384766; LogProcessCycleTimeSum = 0.001410007476806641; LogProcessCycleTimeCount = 3.0; EventCycleTimeSum = 10.35672450065613; SleepCycleTimeSum = 210.2093143463135; SleepCycleTimeAvg = 5.004983674912226; SleepCycleTimeStd = 0.00134740561269026; SleepCycleTimeMax = 5.010086059570312; EventCycleTimeCount = 43.0; EventCycleTimeAvg = 0.2408540581547937; ]
09/10/18 14:46:46 **** condor_scheduniv_exec.5698748.0 (condor_DAGMAN) pid 67522 EXITING WITH STATUS 2
