09/10/18 14:37:56 Setting maximum file descriptors to 80000.
09/10/18 14:37:56 ******************************************************
09/10/18 14:37:56 ** condor_scheduniv_exec.5698448.0 (CONDOR_DAGMAN) STARTING UP
09/10/18 14:37:56 ** /usr/bin/condor_dagman
09/10/18 14:37:56 ** SubsystemInfo: name=DAGMAN type=DAGMAN(10) class=DAEMON(1)
09/10/18 14:37:56 ** Configuration: subsystem:DAGMAN local:<NONE> class:DAEMON
09/10/18 14:37:56 ** $CondorVersion: 8.7.7 Mar 13 2018 BuildID: 435313 $
09/10/18 14:37:56 ** $CondorPlatform: x86_64_RedHat7 $
09/10/18 14:37:56 ** PID = 62643
09/10/18 14:37:56 ** Log last touched time unavailable (No such file or directory)
09/10/18 14:37:56 ******************************************************
09/10/18 14:37:56 Using config source: /etc/condor/condor_config
09/10/18 14:37:56 Using local config sources: 
09/10/18 14:37:56    /etc/condor/config.d/00_logging
09/10/18 14:37:56    /etc/condor/config.d/00_security
09/10/18 14:37:56    /etc/condor/config.d/20_ganglia
09/10/18 14:37:56    /etc/condor/config.d/20_master_daemons
09/10/18 14:37:56    /etc/condor/config.d/20_schedd
09/10/18 14:37:56    /etc/condor/config.d/20_schedd_limit_num_jobs
09/10/18 14:37:56    /etc/condor/config.d/20_schedd_stats
09/10/18 14:37:56    /etc/condor/config.d/20_schedd_stats_rss
09/10/18 14:37:56    /etc/condor/config.d/20_shared_port
09/10/18 14:37:56    /etc/condor/config.d/20_submit
09/10/18 14:37:56    /etc/condor/config.d/21_submit_singularity
09/10/18 14:37:56    /etc/condor/config.d/60_npx_submit
09/10/18 14:37:56    /etc/condor/config.d/60_npx_submit_sane_reqs
09/10/18 14:37:56    /etc/condor/config.d/99_block_submissions_group_long
09/10/18 14:37:56    /etc/condor/condor_config.local
09/10/18 14:37:56 config Macros = 134, Sorted = 134, StringBytes = 5421, TablesBytes = 4984
09/10/18 14:37:56 CLASSAD_CACHING is ENABLED
09/10/18 14:37:56 Daemon Log is logging: D_ALWAYS D_ERROR
09/10/18 14:37:56 DaemonCore: No command port requested.
09/10/18 14:37:56 DAGMAN_USE_STRICT setting: 1
09/10/18 14:37:56 DAGMAN_VERBOSITY setting: 3
09/10/18 14:37:56 DAGMAN_DEBUG_CACHE_SIZE setting: 5242880
09/10/18 14:37:56 DAGMAN_DEBUG_CACHE_ENABLE setting: False
09/10/18 14:37:56 DAGMAN_SUBMIT_DELAY setting: 1
09/10/18 14:37:56 DAGMAN_MAX_SUBMIT_ATTEMPTS setting: 6
09/10/18 14:37:56 DAGMAN_STARTUP_CYCLE_DETECT setting: False
09/10/18 14:37:56 DAGMAN_MAX_SUBMITS_PER_INTERVAL setting: 5
09/10/18 14:37:56 DAGMAN_AGGRESSIVE_SUBMIT setting: False
09/10/18 14:37:56 DAGMAN_USER_LOG_SCAN_INTERVAL setting: 5
09/10/18 14:37:56 DAGMAN_QUEUE_UPDATE_INTERVAL setting: 300
09/10/18 14:37:56 DAGMAN_DEFAULT_PRIORITY setting: 0
09/10/18 14:37:56 DAGMAN_SUPPRESS_NOTIFICATION setting: True
09/10/18 14:37:56 allow_events (DAGMAN_ALLOW_EVENTS) setting: 114
09/10/18 14:37:56 DAGMAN_RETRY_SUBMIT_FIRST setting: True
09/10/18 14:37:56 DAGMAN_RETRY_NODE_FIRST setting: False
09/10/18 14:37:56 DAGMAN_MAX_JOBS_IDLE setting: 1000
09/10/18 14:37:56 DAGMAN_MAX_JOBS_SUBMITTED setting: 0
09/10/18 14:37:56 DAGMAN_MAX_PRE_SCRIPTS setting: 20
09/10/18 14:37:56 DAGMAN_MAX_POST_SCRIPTS setting: 20
09/10/18 14:37:56 DAGMAN_MUNGE_NODE_NAMES setting: True
09/10/18 14:37:56 DAGMAN_PROHIBIT_MULTI_JOBS setting: False
09/10/18 14:37:56 DAGMAN_SUBMIT_DEPTH_FIRST setting: False
09/10/18 14:37:56 DAGMAN_ALWAYS_RUN_POST setting: False
09/10/18 14:37:56 DAGMAN_ABORT_DUPLICATES setting: True
09/10/18 14:37:56 DAGMAN_ABORT_ON_SCARY_SUBMIT setting: True
09/10/18 14:37:56 DAGMAN_PENDING_REPORT_INTERVAL setting: 600
09/10/18 14:37:56 DAGMAN_AUTO_RESCUE setting: True
09/10/18 14:37:56 DAGMAN_MAX_RESCUE_NUM setting: 100
09/10/18 14:37:56 DAGMAN_WRITE_PARTIAL_RESCUE setting: True
09/10/18 14:37:56 DAGMAN_DEFAULT_NODE_LOG setting: @(DAG_DIR)/@(DAG_FILE).nodes.log
09/10/18 14:37:56 DAGMAN_GENERATE_SUBDAG_SUBMITS setting: True
09/10/18 14:37:56 DAGMAN_MAX_JOB_HOLDS setting: 100
09/10/18 14:37:56 DAGMAN_HOLD_CLAIM_TIME setting: 20
09/10/18 14:37:56 ALL_DEBUG setting: 
09/10/18 14:37:56 DAGMAN_DEBUG setting: 
09/10/18 14:37:56 DAGMAN_SUPPRESS_JOB_LOGS setting: False
09/10/18 14:37:56 DAGMAN_REMOVE_NODE_JOBS setting: True
09/10/18 14:37:56 argv[0] == "condor_scheduniv_exec.5698448.0"
09/10/18 14:37:56 argv[1] == "-Lockfile"
09/10/18 14:37:56 argv[2] == "condor/submit/Nova_Random_Forest_20180910_01.submit.lock"
09/10/18 14:37:56 argv[3] == "-AutoRescue"
09/10/18 14:37:56 argv[4] == "1"
09/10/18 14:37:56 argv[5] == "-DoRescueFrom"
09/10/18 14:37:56 argv[6] == "0"
09/10/18 14:37:56 argv[7] == "-Dag"
09/10/18 14:37:56 argv[8] == "condor/submit/Nova_Random_Forest_20180910_01.submit"
09/10/18 14:37:56 argv[9] == "-MaxJobs"
09/10/18 14:37:56 argv[10] == "3000"
09/10/18 14:37:56 argv[11] == "-Suppress_notification"
09/10/18 14:37:56 argv[12] == "-CsdVersion"
09/10/18 14:37:56 argv[13] == "$CondorVersion: 8.7.7 Mar 13 2018 BuildID: 435313 $"
09/10/18 14:37:56 argv[14] == "-Dagman"
09/10/18 14:37:56 argv[15] == "/usr/bin/condor_dagman"
09/10/18 14:37:56 Workflow batch-name: <Nova_Random_Forest_20180910_01.submit+5698448>
09/10/18 14:37:56 Workflow accounting_group: <>
09/10/18 14:37:56 Workflow accounting_group_user: <>
09/10/18 14:37:56 Warning: failed to get attribute DAGNodeName
09/10/18 14:37:56 DAGMAN_LOG_ON_NFS_IS_ERROR setting: False
09/10/18 14:37:56 Default node log file is: </home/apizzuto/Nova/scripts/pycondorScripts/condor/submit/Nova_Random_Forest_20180910_01.submit.nodes.log>
09/10/18 14:37:56 DAG Lockfile will be written to condor/submit/Nova_Random_Forest_20180910_01.submit.lock
09/10/18 14:37:56 DAG Input file is condor/submit/Nova_Random_Forest_20180910_01.submit
09/10/18 14:37:56 Parsing 1 dagfiles
09/10/18 14:37:56 Parsing condor/submit/Nova_Random_Forest_20180910_01.submit ...
09/10/18 14:37:56 ERROR: condor/submit/Nova_Random_Forest_20180910_01.submit (line 1): invalid parameter "Forest"
09/10/18 14:37:56 Example syntax is: JOB <nodename> <submitfile> [DIR directory] [NOOP] [DONE]
09/10/18 14:37:56 Removing any/all submitted HTCondor jobs...
09/10/18 14:37:56 Running: /usr/bin/condor_rm -const DAGManJobId' '=?=' '5698448
09/10/18 14:37:57 Disabling log line cache.
09/10/18 14:37:57 Failed to parse condor/submit/Nova_Random_Forest_20180910_01.submit
09/10/18 14:37:57 **** condor_scheduniv_exec.5698448.0 (condor_DAGMAN) pid 62643 EXITING WITH STATUS 1
