01/22/19 15:50:54 Setting maximum file descriptors to 80000.
01/22/19 15:50:54 ******************************************************
01/22/19 15:50:54 ** condor_scheduniv_exec.13539216.0 (CONDOR_DAGMAN) STARTING UP
01/22/19 15:50:54 ** /usr/bin/condor_dagman
01/22/19 15:50:54 ** SubsystemInfo: name=DAGMAN type=DAGMAN(10) class=DAEMON(1)
01/22/19 15:50:54 ** Configuration: subsystem:DAGMAN local:<NONE> class:DAEMON
01/22/19 15:50:54 ** $CondorVersion: 8.7.7 Mar 13 2018 BuildID: 435313 $
01/22/19 15:50:54 ** $CondorPlatform: x86_64_RedHat7 $
01/22/19 15:50:54 ** PID = 34324
01/22/19 15:50:54 ** Log last touched time unavailable (No such file or directory)
01/22/19 15:50:54 ******************************************************
01/22/19 15:50:54 Using config source: /etc/condor/condor_config
01/22/19 15:50:54 Using local config sources: 
01/22/19 15:50:54    /etc/condor/config.d/00_logging
01/22/19 15:50:54    /etc/condor/config.d/00_security
01/22/19 15:50:54    /etc/condor/config.d/20_ganglia
01/22/19 15:50:54    /etc/condor/config.d/20_master_daemons
01/22/19 15:50:54    /etc/condor/config.d/20_schedd
01/22/19 15:50:54    /etc/condor/config.d/20_schedd_limit_num_jobs
01/22/19 15:50:54    /etc/condor/config.d/20_schedd_stats
01/22/19 15:50:54    /etc/condor/config.d/20_schedd_stats_rss
01/22/19 15:50:54    /etc/condor/config.d/20_shared_port
01/22/19 15:50:54    /etc/condor/config.d/20_submit
01/22/19 15:50:54    /etc/condor/config.d/21_submit_singularity
01/22/19 15:50:54    /etc/condor/config.d/60_npx_submit
01/22/19 15:50:54    /etc/condor/config.d/60_npx_submit_sane_reqs
01/22/19 15:50:54    /etc/condor/config.d/99_block_submissions_group_long
01/22/19 15:50:54    /etc/condor/condor_config.local
01/22/19 15:50:54 config Macros = 134, Sorted = 134, StringBytes = 5428, TablesBytes = 4984
01/22/19 15:50:54 CLASSAD_CACHING is ENABLED
01/22/19 15:50:54 Daemon Log is logging: D_ALWAYS D_ERROR
01/22/19 15:50:54 DaemonCore: No command port requested.
01/22/19 15:50:54 DAGMAN_USE_STRICT setting: 1
01/22/19 15:50:54 DAGMAN_VERBOSITY setting: 3
01/22/19 15:50:54 DAGMAN_DEBUG_CACHE_SIZE setting: 5242880
01/22/19 15:50:54 DAGMAN_DEBUG_CACHE_ENABLE setting: False
01/22/19 15:50:54 DAGMAN_SUBMIT_DELAY setting: 1
01/22/19 15:50:54 DAGMAN_MAX_SUBMIT_ATTEMPTS setting: 6
01/22/19 15:50:54 DAGMAN_STARTUP_CYCLE_DETECT setting: False
01/22/19 15:50:54 DAGMAN_MAX_SUBMITS_PER_INTERVAL setting: 5
01/22/19 15:50:54 DAGMAN_AGGRESSIVE_SUBMIT setting: False
01/22/19 15:50:54 DAGMAN_USER_LOG_SCAN_INTERVAL setting: 5
01/22/19 15:50:54 DAGMAN_QUEUE_UPDATE_INTERVAL setting: 300
01/22/19 15:50:54 DAGMAN_DEFAULT_PRIORITY setting: 0
01/22/19 15:50:54 DAGMAN_SUPPRESS_NOTIFICATION setting: True
01/22/19 15:50:54 allow_events (DAGMAN_ALLOW_EVENTS) setting: 114
01/22/19 15:50:54 DAGMAN_RETRY_SUBMIT_FIRST setting: True
01/22/19 15:50:54 DAGMAN_RETRY_NODE_FIRST setting: False
01/22/19 15:50:54 DAGMAN_MAX_JOBS_IDLE setting: 1000
01/22/19 15:50:54 DAGMAN_MAX_JOBS_SUBMITTED setting: 0
01/22/19 15:50:54 DAGMAN_MAX_PRE_SCRIPTS setting: 20
01/22/19 15:50:54 DAGMAN_MAX_POST_SCRIPTS setting: 20
01/22/19 15:50:54 DAGMAN_MUNGE_NODE_NAMES setting: True
01/22/19 15:50:54 DAGMAN_PROHIBIT_MULTI_JOBS setting: False
01/22/19 15:50:54 DAGMAN_SUBMIT_DEPTH_FIRST setting: False
01/22/19 15:50:54 DAGMAN_ALWAYS_RUN_POST setting: False
01/22/19 15:50:54 DAGMAN_ABORT_DUPLICATES setting: True
01/22/19 15:50:54 DAGMAN_ABORT_ON_SCARY_SUBMIT setting: True
01/22/19 15:50:54 DAGMAN_PENDING_REPORT_INTERVAL setting: 600
01/22/19 15:50:54 DAGMAN_AUTO_RESCUE setting: True
01/22/19 15:50:54 DAGMAN_MAX_RESCUE_NUM setting: 100
01/22/19 15:50:54 DAGMAN_WRITE_PARTIAL_RESCUE setting: True
01/22/19 15:50:54 DAGMAN_DEFAULT_NODE_LOG setting: @(DAG_DIR)/@(DAG_FILE).nodes.log
01/22/19 15:50:54 DAGMAN_GENERATE_SUBDAG_SUBMITS setting: True
01/22/19 15:50:54 DAGMAN_MAX_JOB_HOLDS setting: 100
01/22/19 15:50:54 DAGMAN_HOLD_CLAIM_TIME setting: 20
01/22/19 15:50:54 ALL_DEBUG setting: 
01/22/19 15:50:54 DAGMAN_DEBUG setting: 
01/22/19 15:50:54 DAGMAN_SUPPRESS_JOB_LOGS setting: False
01/22/19 15:50:54 DAGMAN_REMOVE_NODE_JOBS setting: True
01/22/19 15:50:54 argv[0] == "condor_scheduniv_exec.13539216.0"
01/22/19 15:50:54 argv[1] == "-Lockfile"
01/22/19 15:50:54 argv[2] == "condor/submit/Nova_GRECO_processing_20190122_06.submit.lock"
01/22/19 15:50:54 argv[3] == "-AutoRescue"
01/22/19 15:50:54 argv[4] == "1"
01/22/19 15:50:54 argv[5] == "-DoRescueFrom"
01/22/19 15:50:54 argv[6] == "0"
01/22/19 15:50:54 argv[7] == "-Dag"
01/22/19 15:50:54 argv[8] == "condor/submit/Nova_GRECO_processing_20190122_06.submit"
01/22/19 15:50:54 argv[9] == "-Suppress_notification"
01/22/19 15:50:54 argv[10] == "-CsdVersion"
01/22/19 15:50:54 argv[11] == "$CondorVersion: 8.7.7 Mar 13 2018 BuildID: 435313 $"
01/22/19 15:50:54 argv[12] == "-Dagman"
01/22/19 15:50:54 argv[13] == "/usr/bin/condor_dagman"
01/22/19 15:50:54 Workflow batch-name: <Nova_GRECO_processing_20190122_06.submit+13539216>
01/22/19 15:50:54 Workflow accounting_group: <>
01/22/19 15:50:54 Workflow accounting_group_user: <>
01/22/19 15:50:54 Warning: failed to get attribute DAGNodeName
01/22/19 15:50:54 DAGMAN_LOG_ON_NFS_IS_ERROR setting: False
01/22/19 15:50:54 Default node log file is: </home/apizzuto/Nova/scripts/pycondorScripts/condor/submit/Nova_GRECO_processing_20190122_06.submit.nodes.log>
01/22/19 15:50:54 DAG Lockfile will be written to condor/submit/Nova_GRECO_processing_20190122_06.submit.lock
01/22/19 15:50:54 DAG Input file is condor/submit/Nova_GRECO_processing_20190122_06.submit
01/22/19 15:50:54 Parsing 1 dagfiles
01/22/19 15:50:54 Parsing condor/submit/Nova_GRECO_processing_20190122_06.submit ...
01/22/19 15:50:54 Dag contains 9 total jobs
01/22/19 15:50:55 Sleeping for 3 seconds to ensure ProcessId uniqueness
01/22/19 15:50:58 Bootstrapping...
01/22/19 15:50:58 Number of pre-completed nodes: 0
01/22/19 15:50:58 MultiLogFiles: truncating log file /home/apizzuto/Nova/scripts/pycondorScripts/condor/submit/Nova_GRECO_processing_20190122_06.submit.nodes.log
01/22/19 15:50:58 DAG status: 0 (DAG_STATUS_OK)
01/22/19 15:50:58 Of 9 nodes total:
01/22/19 15:50:58  Done     Pre   Queued    Post   Ready   Un-Ready   Failed
01/22/19 15:50:58   ===     ===      ===     ===     ===        ===      ===
01/22/19 15:50:58     0       0        0       0       9          0        0
01/22/19 15:50:58 0 job proc(s) currently held
01/22/19 15:50:58 DAGMan Runtime Statistics: [ EventCycleTimeSum = 0.0; EventCycleTimeCount = 0.0; SleepCycleTimeCount = 0.0; SubmitCycleTimeSum = 0.0; SubmitCycleTimeCount = 0.0; LogProcessCycleTimeSum = 0.0; SleepCycleTimeSum = 0.0; LogProcessCycleTimeCount = 0.0; ]
01/22/19 15:50:58 Registering condor_event_timer...
01/22/19 15:50:59 Sleeping for 1 s (DAGMAN_SUBMIT_DELAY) to throttle submissions...
01/22/19 15:51:00 Submitting HTCondor Node GRECO_Simulation_Processing_20190122_06_arg_0 job(s)...
01/22/19 15:51:00 Adding a DAGMan workflow log /home/apizzuto/Nova/scripts/pycondorScripts/condor/submit/Nova_GRECO_processing_20190122_06.submit.nodes.log
01/22/19 15:51:00 Masking the events recorded in the DAGMAN workflow log
01/22/19 15:51:00 Mask for workflow log is 0,1,2,4,5,7,9,10,11,12,13,16,17,24,27,35,36
01/22/19 15:51:00 submitting: /usr/bin/condor_submit -a dag_node_name' '=' 'GRECO_Simulation_Processing_20190122_06_arg_0 -a +DAGManJobId' '=' '13539216 -a DAGManJobId' '=' '13539216 -batch-name Nova_GRECO_processing_20190122_06.submit+13539216 -a submit_event_notes' '=' 'DAG' 'Node:' 'GRECO_Simulation_Processing_20190122_06_arg_0 -a dagman_log' '=' '/home/apizzuto/Nova/scripts/pycondorScripts/condor/submit/Nova_GRECO_processing_20190122_06.submit.nodes.log -a +DAGManNodesMask' '=' '"0,1,2,4,5,7,9,10,11,12,13,16,17,24,27,35,36" -a ARGS' '=' '/data/user/apizzuto/Nova/simulation/genie_nue' '/data/ana/LE/NBI_nutau_appearance/level7_5July2017/genie/12640/Level7*bz2 -a DAG_STATUS' '=' '0 -a FAILED_COUNT' '=' '0 -a notification' '=' 'never -a +DAGParentNodeNames' '=' '"" condor/submit/GRECO_Simulation_Processing_20190122_06.submit
01/22/19 15:51:01 From submit: Submitting job(s).
01/22/19 15:51:01 From submit: 1 job(s) submitted to cluster 13539280.
01/22/19 15:51:01 	assigned HTCondor ID (13539280.0.0)
01/22/19 15:51:01 Sleeping for 1 s (DAGMAN_SUBMIT_DELAY) to throttle submissions...
01/22/19 15:51:02 Submitting HTCondor Node GRECO_Simulation_Processing_20190122_06_arg_1 job(s)...
01/22/19 15:51:02 Adding a DAGMan workflow log /home/apizzuto/Nova/scripts/pycondorScripts/condor/submit/Nova_GRECO_processing_20190122_06.submit.nodes.log
01/22/19 15:51:02 Masking the events recorded in the DAGMAN workflow log
01/22/19 15:51:02 Mask for workflow log is 0,1,2,4,5,7,9,10,11,12,13,16,17,24,27,35,36
01/22/19 15:51:02 submitting: /usr/bin/condor_submit -a dag_node_name' '=' 'GRECO_Simulation_Processing_20190122_06_arg_1 -a +DAGManJobId' '=' '13539216 -a DAGManJobId' '=' '13539216 -batch-name Nova_GRECO_processing_20190122_06.submit+13539216 -a submit_event_notes' '=' 'DAG' 'Node:' 'GRECO_Simulation_Processing_20190122_06_arg_1 -a dagman_log' '=' '/home/apizzuto/Nova/scripts/pycondorScripts/condor/submit/Nova_GRECO_processing_20190122_06.submit.nodes.log -a +DAGManNodesMask' '=' '"0,1,2,4,5,7,9,10,11,12,13,16,17,24,27,35,36" -a ARGS' '=' '/data/user/apizzuto/Nova/simulation/genie_numu' '/data/ana/LE/NBI_nutau_appearance/level7_5July2017/genie/14640/Level7*bz2 -a DAG_STATUS' '=' '0 -a FAILED_COUNT' '=' '0 -a notification' '=' 'never -a +DAGParentNodeNames' '=' '"" condor/submit/GRECO_Simulation_Processing_20190122_06.submit
01/22/19 15:51:03 From submit: Submitting job(s).
01/22/19 15:51:03 From submit: 1 job(s) submitted to cluster 13539284.
01/22/19 15:51:03 	assigned HTCondor ID (13539284.0.0)
01/22/19 15:51:03 Sleeping for 1 s (DAGMAN_SUBMIT_DELAY) to throttle submissions...
01/22/19 15:51:04 Submitting HTCondor Node GRECO_Simulation_Processing_20190122_06_arg_2 job(s)...
01/22/19 15:51:04 Adding a DAGMan workflow log /home/apizzuto/Nova/scripts/pycondorScripts/condor/submit/Nova_GRECO_processing_20190122_06.submit.nodes.log
01/22/19 15:51:04 Masking the events recorded in the DAGMAN workflow log
01/22/19 15:51:04 Mask for workflow log is 0,1,2,4,5,7,9,10,11,12,13,16,17,24,27,35,36
01/22/19 15:51:04 submitting: /usr/bin/condor_submit -a dag_node_name' '=' 'GRECO_Simulation_Processing_20190122_06_arg_2 -a +DAGManJobId' '=' '13539216 -a DAGManJobId' '=' '13539216 -batch-name Nova_GRECO_processing_20190122_06.submit+13539216 -a submit_event_notes' '=' 'DAG' 'Node:' 'GRECO_Simulation_Processing_20190122_06_arg_2 -a dagman_log' '=' '/home/apizzuto/Nova/scripts/pycondorScripts/condor/submit/Nova_GRECO_processing_20190122_06.submit.nodes.log -a +DAGManNodesMask' '=' '"0,1,2,4,5,7,9,10,11,12,13,16,17,24,27,35,36" -a ARGS' '=' '/data/user/apizzuto/Nova/simulation/genie_nutau' '/data/ana/LE/NBI_nutau_appearance/level7_5July2017/genie/16640/Level7*bz2 -a DAG_STATUS' '=' '0 -a FAILED_COUNT' '=' '0 -a notification' '=' 'never -a +DAGParentNodeNames' '=' '"" condor/submit/GRECO_Simulation_Processing_20190122_06.submit
01/22/19 15:51:05 From submit: Submitting job(s).
01/22/19 15:51:05 From submit: 1 job(s) submitted to cluster 13539287.
01/22/19 15:51:05 	assigned HTCondor ID (13539287.0.0)
01/22/19 15:51:05 Warning: Submit cycle elapsed time (6 s) has exceeded log scan interval (5 s); bailing out of submit loop
01/22/19 15:51:05 Just submitted 3 jobs this cycle...
01/22/19 15:51:05 Currently monitoring 1 HTCondor log file(s)
01/22/19 15:51:05 Reassigning the id of job GRECO_Simulation_Processing_20190122_06_arg_0 from (13539280.0.0) to (13539280.0.0)
01/22/19 15:51:05 Event: ULOG_SUBMIT for HTCondor Node GRECO_Simulation_Processing_20190122_06_arg_0 (13539280.0.0) {01/22/19 15:51:01}
01/22/19 15:51:05 Number of idle job procs: 1
01/22/19 15:51:05 Reassigning the id of job GRECO_Simulation_Processing_20190122_06_arg_1 from (13539284.0.0) to (13539284.0.0)
01/22/19 15:51:05 Event: ULOG_SUBMIT for HTCondor Node GRECO_Simulation_Processing_20190122_06_arg_1 (13539284.0.0) {01/22/19 15:51:03}
01/22/19 15:51:05 Number of idle job procs: 2
01/22/19 15:51:05 Reassigning the id of job GRECO_Simulation_Processing_20190122_06_arg_2 from (13539287.0.0) to (13539287.0.0)
01/22/19 15:51:05 Event: ULOG_SUBMIT for HTCondor Node GRECO_Simulation_Processing_20190122_06_arg_2 (13539287.0.0) {01/22/19 15:51:04}
01/22/19 15:51:05 Number of idle job procs: 3
01/22/19 15:51:05 DAG status: 0 (DAG_STATUS_OK)
01/22/19 15:51:05 Of 9 nodes total:
01/22/19 15:51:05  Done     Pre   Queued    Post   Ready   Un-Ready   Failed
01/22/19 15:51:05   ===     ===      ===     ===     ===        ===      ===
01/22/19 15:51:05     0       0        3       0       6          0        0
01/22/19 15:51:05 0 job proc(s) currently held
01/22/19 15:51:05 DAGMan Runtime Statistics: [ EventCycleTimeCount = 0.0; SleepCycleTimeSum = 0.0; EventCycleTimeSum = 0.0; LogProcessCycleTimeCount = 1.0; LogProcessCycleTimeSum = 0.0003259181976318359; LogProcessCycleTimeMin = 0.0003259181976318359; LogProcessCycleTimeMax = 0.0003259181976318359; LogProcessCycleTimeAvg = 0.0003259181976318359; LogProcessCycleTimeStd = 0.0003259181976318359; SubmitCycleTimeMax = 5.105274200439453; SubmitCycleTimeCount = 1.0; SleepCycleTimeCount = 0.0; SubmitCycleTimeSum = 5.105274200439453; SubmitCycleTimeStd = 5.105274200439453; SubmitCycleTimeAvg = 5.105274200439453; SubmitCycleTimeMin = 5.105274200439453; ]
01/22/19 15:51:10 Sleeping for 1 s (DAGMAN_SUBMIT_DELAY) to throttle submissions...
01/22/19 15:51:11 Submitting HTCondor Node GRECO_Simulation_Processing_20190122_06_arg_3 job(s)...
01/22/19 15:51:11 Adding a DAGMan workflow log /home/apizzuto/Nova/scripts/pycondorScripts/condor/submit/Nova_GRECO_processing_20190122_06.submit.nodes.log
01/22/19 15:51:11 Masking the events recorded in the DAGMAN workflow log
01/22/19 15:51:11 Mask for workflow log is 0,1,2,4,5,7,9,10,11,12,13,16,17,24,27,35,36
01/22/19 15:51:11 submitting: /usr/bin/condor_submit -a dag_node_name' '=' 'GRECO_Simulation_Processing_20190122_06_arg_3 -a +DAGManJobId' '=' '13539216 -a DAGManJobId' '=' '13539216 -batch-name Nova_GRECO_processing_20190122_06.submit+13539216 -a submit_event_notes' '=' 'DAG' 'Node:' 'GRECO_Simulation_Processing_20190122_06_arg_3 -a dagman_log' '=' '/home/apizzuto/Nova/scripts/pycondorScripts/condor/submit/Nova_GRECO_processing_20190122_06.submit.nodes.log -a +DAGManNodesMask' '=' '"0,1,2,4,5,7,9,10,11,12,13,16,17,24,27,35,36" -a ARGS' '=' '/data/user/apizzuto/Nova/simulation/nugen_nue_LE' '/data/ana/LE/NBI_nutau_appearance/level7_5July2017/nugen/nue_LE/Level7*.bz2 -a DAG_STATUS' '=' '0 -a FAILED_COUNT' '=' '0 -a notification' '=' 'never -a +DAGParentNodeNames' '=' '"" condor/submit/GRECO_Simulation_Processing_20190122_06.submit
01/22/19 15:51:11 From submit: Submitting job(s).
01/22/19 15:51:11 From submit: 1 job(s) submitted to cluster 13539297.
01/22/19 15:51:11 	assigned HTCondor ID (13539297.0.0)
01/22/19 15:51:11 Sleeping for 1 s (DAGMAN_SUBMIT_DELAY) to throttle submissions...
01/22/19 15:51:12 Submitting HTCondor Node GRECO_Simulation_Processing_20190122_06_arg_4 job(s)...
01/22/19 15:51:12 Adding a DAGMan workflow log /home/apizzuto/Nova/scripts/pycondorScripts/condor/submit/Nova_GRECO_processing_20190122_06.submit.nodes.log
01/22/19 15:51:12 Masking the events recorded in the DAGMAN workflow log
01/22/19 15:51:12 Mask for workflow log is 0,1,2,4,5,7,9,10,11,12,13,16,17,24,27,35,36
01/22/19 15:51:12 submitting: /usr/bin/condor_submit -a dag_node_name' '=' 'GRECO_Simulation_Processing_20190122_06_arg_4 -a +DAGManJobId' '=' '13539216 -a DAGManJobId' '=' '13539216 -batch-name Nova_GRECO_processing_20190122_06.submit+13539216 -a submit_event_notes' '=' 'DAG' 'Node:' 'GRECO_Simulation_Processing_20190122_06_arg_4 -a dagman_log' '=' '/home/apizzuto/Nova/scripts/pycondorScripts/condor/submit/Nova_GRECO_processing_20190122_06.submit.nodes.log -a +DAGManNodesMask' '=' '"0,1,2,4,5,7,9,10,11,12,13,16,17,24,27,35,36" -a ARGS' '=' '/data/user/apizzuto/Nova/simulation/nugen_nue_ME' '/data/ana/LE/NBI_nutau_appearance/level7_5July2017/nugen/nue_ME/Level7*.bz2 -a DAG_STATUS' '=' '0 -a FAILED_COUNT' '=' '0 -a notification' '=' 'never -a +DAGParentNodeNames' '=' '"" condor/submit/GRECO_Simulation_Processing_20190122_06.submit
01/22/19 15:51:13 From submit: Submitting job(s).
01/22/19 15:51:13 From submit: 1 job(s) submitted to cluster 13539301.
01/22/19 15:51:13 	assigned HTCondor ID (13539301.0.0)
01/22/19 15:51:13 Sleeping for 1 s (DAGMAN_SUBMIT_DELAY) to throttle submissions...
01/22/19 15:51:14 Submitting HTCondor Node GRECO_Simulation_Processing_20190122_06_arg_5 job(s)...
01/22/19 15:51:14 Adding a DAGMan workflow log /home/apizzuto/Nova/scripts/pycondorScripts/condor/submit/Nova_GRECO_processing_20190122_06.submit.nodes.log
01/22/19 15:51:14 Masking the events recorded in the DAGMAN workflow log
01/22/19 15:51:14 Mask for workflow log is 0,1,2,4,5,7,9,10,11,12,13,16,17,24,27,35,36
01/22/19 15:51:14 submitting: /usr/bin/condor_submit -a dag_node_name' '=' 'GRECO_Simulation_Processing_20190122_06_arg_5 -a +DAGManJobId' '=' '13539216 -a DAGManJobId' '=' '13539216 -batch-name Nova_GRECO_processing_20190122_06.submit+13539216 -a submit_event_notes' '=' 'DAG' 'Node:' 'GRECO_Simulation_Processing_20190122_06_arg_5 -a dagman_log' '=' '/home/apizzuto/Nova/scripts/pycondorScripts/condor/submit/Nova_GRECO_processing_20190122_06.submit.nodes.log -a +DAGManNodesMask' '=' '"0,1,2,4,5,7,9,10,11,12,13,16,17,24,27,35,36" -a ARGS' '=' '/data/user/apizzuto/Nova/simulation/nugen_numu_LE' '/data/ana/LE/NBI_nutau_appearance/level7_5July2017/nugen/numu_LE/Level7*.bz2 -a DAG_STATUS' '=' '0 -a FAILED_COUNT' '=' '0 -a notification' '=' 'never -a +DAGParentNodeNames' '=' '"" condor/submit/GRECO_Simulation_Processing_20190122_06.submit
01/22/19 15:51:15 From submit: Submitting job(s).
01/22/19 15:51:15 From submit: 1 job(s) submitted to cluster 13539306.
01/22/19 15:51:15 	assigned HTCondor ID (13539306.0.0)
01/22/19 15:51:15 Sleeping for 1 s (DAGMAN_SUBMIT_DELAY) to throttle submissions...
01/22/19 15:51:16 Submitting HTCondor Node GRECO_Simulation_Processing_20190122_06_arg_6 job(s)...
01/22/19 15:51:16 Adding a DAGMan workflow log /home/apizzuto/Nova/scripts/pycondorScripts/condor/submit/Nova_GRECO_processing_20190122_06.submit.nodes.log
01/22/19 15:51:16 Masking the events recorded in the DAGMAN workflow log
01/22/19 15:51:16 Mask for workflow log is 0,1,2,4,5,7,9,10,11,12,13,16,17,24,27,35,36
01/22/19 15:51:16 submitting: /usr/bin/condor_submit -a dag_node_name' '=' 'GRECO_Simulation_Processing_20190122_06_arg_6 -a +DAGManJobId' '=' '13539216 -a DAGManJobId' '=' '13539216 -batch-name Nova_GRECO_processing_20190122_06.submit+13539216 -a submit_event_notes' '=' 'DAG' 'Node:' 'GRECO_Simulation_Processing_20190122_06_arg_6 -a dagman_log' '=' '/home/apizzuto/Nova/scripts/pycondorScripts/condor/submit/Nova_GRECO_processing_20190122_06.submit.nodes.log -a +DAGManNodesMask' '=' '"0,1,2,4,5,7,9,10,11,12,13,16,17,24,27,35,36" -a ARGS' '=' '/data/user/apizzuto/Nova/simulation/nugen_numu_ME' '/data/ana/LE/NBI_nutau_appearance/level7_5July2017/nugen/numu_ME/Level7*.bz2 -a DAG_STATUS' '=' '0 -a FAILED_COUNT' '=' '0 -a notification' '=' 'never -a +DAGParentNodeNames' '=' '"" condor/submit/GRECO_Simulation_Processing_20190122_06.submit
01/22/19 15:51:16 From submit: Submitting job(s).
01/22/19 15:51:16 From submit: 1 job(s) submitted to cluster 13539310.
01/22/19 15:51:16 	assigned HTCondor ID (13539310.0.0)
01/22/19 15:51:16 Warning: Submit cycle elapsed time (6 s) has exceeded log scan interval (5 s); bailing out of submit loop
01/22/19 15:51:16 Just submitted 4 jobs this cycle...
01/22/19 15:51:16 Currently monitoring 1 HTCondor log file(s)
01/22/19 15:51:16 Reassigning the id of job GRECO_Simulation_Processing_20190122_06_arg_3 from (13539297.0.0) to (13539297.0.0)
01/22/19 15:51:16 Event: ULOG_SUBMIT for HTCondor Node GRECO_Simulation_Processing_20190122_06_arg_3 (13539297.0.0) {01/22/19 15:51:11}
01/22/19 15:51:16 Number of idle job procs: 4
01/22/19 15:51:16 Reassigning the id of job GRECO_Simulation_Processing_20190122_06_arg_4 from (13539301.0.0) to (13539301.0.0)
01/22/19 15:51:16 Event: ULOG_SUBMIT for HTCondor Node GRECO_Simulation_Processing_20190122_06_arg_4 (13539301.0.0) {01/22/19 15:51:13}
01/22/19 15:51:16 Number of idle job procs: 5
01/22/19 15:51:16 Reassigning the id of job GRECO_Simulation_Processing_20190122_06_arg_5 from (13539306.0.0) to (13539306.0.0)
01/22/19 15:51:16 Event: ULOG_SUBMIT for HTCondor Node GRECO_Simulation_Processing_20190122_06_arg_5 (13539306.0.0) {01/22/19 15:51:14}
01/22/19 15:51:16 Number of idle job procs: 6
01/22/19 15:51:16 Reassigning the id of job GRECO_Simulation_Processing_20190122_06_arg_6 from (13539310.0.0) to (13539310.0.0)
01/22/19 15:51:16 Event: ULOG_SUBMIT for HTCondor Node GRECO_Simulation_Processing_20190122_06_arg_6 (13539310.0.0) {01/22/19 15:51:16}
01/22/19 15:51:16 Number of idle job procs: 7
01/22/19 15:51:16 DAG status: 0 (DAG_STATUS_OK)
01/22/19 15:51:16 Of 9 nodes total:
01/22/19 15:51:16  Done     Pre   Queued    Post   Ready   Un-Ready   Failed
01/22/19 15:51:16   ===     ===      ===     ===     ===        ===      ===
01/22/19 15:51:16     0       0        7       0       2          0        0
01/22/19 15:51:16 0 job proc(s) currently held
01/22/19 15:51:16 DAGMan Runtime Statistics: [ EventCycleTimeStd = 5.105813980102539; EventCycleTimeMax = 5.105813980102539; SubmitCycleTimeMin = 5.105274200439453; SubmitCycleTimeAvg = 5.828176617622375; SleepCycleTimeCount = 1.0; SubmitCycleTimeCount = 2.0; SubmitCycleTimeMax = 6.551079034805298; SleepCycleTimeMin = 5.005162000656128; SubmitCycleTimeSum = 11.65635323524475; LogProcessCycleTimeStd = 8.699109532648528E-05; SubmitCycleTimeStd = 1.022338402652382; LogProcessCycleTimeAvg = 0.0002644062042236328; EventCycleTimeMin = 5.105813980102539; LogProcessCycleTimeMax = 0.0003259181976318359; LogProcessCycleTimeMin = 0.0002028942108154297; LogProcessCycleTimeSum = 0.0005288124084472656; LogProcessCycleTimeCount = 2.0; EventCycleTimeSum = 5.105813980102539; SleepCycleTimeSum = 5.005162000656128; SleepCycleTimeAvg = 5.005162000656128; SleepCycleTimeStd = 5.005162000656128; SleepCycleTimeMax = 5.005162000656128; EventCycleTimeCount = 1.0; EventCycleTimeAvg = 5.105813980102539; ]
01/22/19 15:51:21 Sleeping for 1 s (DAGMAN_SUBMIT_DELAY) to throttle submissions...
01/22/19 15:51:22 Submitting HTCondor Node GRECO_Simulation_Processing_20190122_06_arg_7 job(s)...
01/22/19 15:51:22 Adding a DAGMan workflow log /home/apizzuto/Nova/scripts/pycondorScripts/condor/submit/Nova_GRECO_processing_20190122_06.submit.nodes.log
01/22/19 15:51:22 Masking the events recorded in the DAGMAN workflow log
01/22/19 15:51:22 Mask for workflow log is 0,1,2,4,5,7,9,10,11,12,13,16,17,24,27,35,36
01/22/19 15:51:22 submitting: /usr/bin/condor_submit -a dag_node_name' '=' 'GRECO_Simulation_Processing_20190122_06_arg_7 -a +DAGManJobId' '=' '13539216 -a DAGManJobId' '=' '13539216 -batch-name Nova_GRECO_processing_20190122_06.submit+13539216 -a submit_event_notes' '=' 'DAG' 'Node:' 'GRECO_Simulation_Processing_20190122_06_arg_7 -a dagman_log' '=' '/home/apizzuto/Nova/scripts/pycondorScripts/condor/submit/Nova_GRECO_processing_20190122_06.submit.nodes.log -a +DAGManNodesMask' '=' '"0,1,2,4,5,7,9,10,11,12,13,16,17,24,27,35,36" -a ARGS' '=' '/data/user/apizzuto/Nova/simulation/nugen_nutau_LE' '/data/ana/LE/NBI_nutau_appearance/level7_5July2017/nugen/nutau_LE/Level7*.bz2 -a DAG_STATUS' '=' '0 -a FAILED_COUNT' '=' '0 -a notification' '=' 'never -a +DAGParentNodeNames' '=' '"" condor/submit/GRECO_Simulation_Processing_20190122_06.submit
01/22/19 15:51:23 From submit: Submitting job(s).
01/22/19 15:51:23 From submit: 1 job(s) submitted to cluster 13539321.
01/22/19 15:51:23 	assigned HTCondor ID (13539321.0.0)
01/22/19 15:51:23 Sleeping for 1 s (DAGMAN_SUBMIT_DELAY) to throttle submissions...
01/22/19 15:51:24 Submitting HTCondor Node GRECO_Simulation_Processing_20190122_06_arg_8 job(s)...
01/22/19 15:51:24 Adding a DAGMan workflow log /home/apizzuto/Nova/scripts/pycondorScripts/condor/submit/Nova_GRECO_processing_20190122_06.submit.nodes.log
01/22/19 15:51:24 Masking the events recorded in the DAGMAN workflow log
01/22/19 15:51:24 Mask for workflow log is 0,1,2,4,5,7,9,10,11,12,13,16,17,24,27,35,36
01/22/19 15:51:24 submitting: /usr/bin/condor_submit -a dag_node_name' '=' 'GRECO_Simulation_Processing_20190122_06_arg_8 -a +DAGManJobId' '=' '13539216 -a DAGManJobId' '=' '13539216 -batch-name Nova_GRECO_processing_20190122_06.submit+13539216 -a submit_event_notes' '=' 'DAG' 'Node:' 'GRECO_Simulation_Processing_20190122_06_arg_8 -a dagman_log' '=' '/home/apizzuto/Nova/scripts/pycondorScripts/condor/submit/Nova_GRECO_processing_20190122_06.submit.nodes.log -a +DAGManNodesMask' '=' '"0,1,2,4,5,7,9,10,11,12,13,16,17,24,27,35,36" -a ARGS' '=' '/data/user/apizzuto/Nova/simulation/nugen_nutau_ME' '/data/ana/LE/NBI_nutau_appearance/level7_5July2017/nugen/nutau_ME/Level7*.bz2 -a DAG_STATUS' '=' '0 -a FAILED_COUNT' '=' '0 -a notification' '=' 'never -a +DAGParentNodeNames' '=' '"" condor/submit/GRECO_Simulation_Processing_20190122_06.submit
01/22/19 15:51:24 From submit: Submitting job(s).
01/22/19 15:51:24 From submit: 1 job(s) submitted to cluster 13539325.
01/22/19 15:51:24 	assigned HTCondor ID (13539325.0.0)
01/22/19 15:51:24 Just submitted 2 jobs this cycle...
01/22/19 15:51:24 Currently monitoring 1 HTCondor log file(s)
01/22/19 15:51:24 Reassigning the id of job GRECO_Simulation_Processing_20190122_06_arg_7 from (13539321.0.0) to (13539321.0.0)
01/22/19 15:51:24 Event: ULOG_SUBMIT for HTCondor Node GRECO_Simulation_Processing_20190122_06_arg_7 (13539321.0.0) {01/22/19 15:51:23}
01/22/19 15:51:24 Number of idle job procs: 8
01/22/19 15:51:24 Reassigning the id of job GRECO_Simulation_Processing_20190122_06_arg_8 from (13539325.0.0) to (13539325.0.0)
01/22/19 15:51:24 Event: ULOG_SUBMIT for HTCondor Node GRECO_Simulation_Processing_20190122_06_arg_8 (13539325.0.0) {01/22/19 15:51:24}
01/22/19 15:51:24 Number of idle job procs: 9
01/22/19 15:51:24 DAG status: 0 (DAG_STATUS_OK)
01/22/19 15:51:24 Of 9 nodes total:
01/22/19 15:51:24  Done     Pre   Queued    Post   Ready   Un-Ready   Failed
01/22/19 15:51:24   ===     ===      ===     ===     ===        ===      ===
01/22/19 15:51:24     0       0        9       0       0          0        0
01/22/19 15:51:24 0 job proc(s) currently held
01/22/19 15:51:24 DAGMan Runtime Statistics: [ EventCycleTimeStd = 1.022199318052296; EventCycleTimeMax = 6.551422119140625; SubmitCycleTimeMin = 3.343169927597046; SubmitCycleTimeAvg = 4.999841054280599; SleepCycleTimeCount = 2.0; SubmitCycleTimeCount = 3.0; SubmitCycleTimeMax = 6.551079034805298; SleepCycleTimeMin = 5.000684022903442; SubmitCycleTimeSum = 14.9995231628418; LogProcessCycleTimeStd = 0.0001093733375599395; SubmitCycleTimeStd = 1.606551375231782; LogProcessCycleTimeAvg = 0.0002121925354003906; EventCycleTimeMin = 5.105813980102539; LogProcessCycleTimeMax = 0.0003259181976318359; LogProcessCycleTimeMin = 0.0001077651977539062; LogProcessCycleTimeSum = 0.0006365776062011719; LogProcessCycleTimeCount = 3.0; EventCycleTimeSum = 11.65723609924316; SleepCycleTimeSum = 10.00584602355957; SleepCycleTimeAvg = 5.002923011779785; SleepCycleTimeStd = 0.003166408434926447; SleepCycleTimeMax = 5.005162000656128; EventCycleTimeCount = 2.0; EventCycleTimeAvg = 5.828618049621582; ]
01/22/19 15:53:01 Currently monitoring 1 HTCondor log file(s)
01/22/19 15:53:01 Event: ULOG_EXECUTE for HTCondor Node GRECO_Simulation_Processing_20190122_06_arg_6 (13539310.0.0) {01/22/19 15:52:56}
01/22/19 15:53:01 Number of idle job procs: 8
01/22/19 15:53:01 Event: ULOG_EXECUTE for HTCondor Node GRECO_Simulation_Processing_20190122_06_arg_8 (13539325.0.0) {01/22/19 15:52:56}
01/22/19 15:53:01 Number of idle job procs: 7
01/22/19 15:53:01 Event: ULOG_EXECUTE for HTCondor Node GRECO_Simulation_Processing_20190122_06_arg_3 (13539297.0.0) {01/22/19 15:52:56}
01/22/19 15:53:01 Number of idle job procs: 6
01/22/19 15:53:01 Event: ULOG_EXECUTE for HTCondor Node GRECO_Simulation_Processing_20190122_06_arg_1 (13539284.0.0) {01/22/19 15:52:56}
01/22/19 15:53:01 Number of idle job procs: 5
01/22/19 15:53:01 Event: ULOG_EXECUTE for HTCondor Node GRECO_Simulation_Processing_20190122_06_arg_7 (13539321.0.0) {01/22/19 15:52:56}
01/22/19 15:53:01 Number of idle job procs: 4
01/22/19 15:53:01 Event: ULOG_EXECUTE for HTCondor Node GRECO_Simulation_Processing_20190122_06_arg_2 (13539287.0.0) {01/22/19 15:52:56}
01/22/19 15:53:01 Number of idle job procs: 3
01/22/19 15:53:01 Event: ULOG_EXECUTE for HTCondor Node GRECO_Simulation_Processing_20190122_06_arg_0 (13539280.0.0) {01/22/19 15:52:56}
01/22/19 15:53:01 Number of idle job procs: 2
01/22/19 15:53:01 Event: ULOG_EXECUTE for HTCondor Node GRECO_Simulation_Processing_20190122_06_arg_4 (13539301.0.0) {01/22/19 15:52:57}
01/22/19 15:53:01 Number of idle job procs: 1
01/22/19 15:53:06 Currently monitoring 1 HTCondor log file(s)
01/22/19 15:53:06 Event: ULOG_EXECUTE for HTCondor Node GRECO_Simulation_Processing_20190122_06_arg_5 (13539306.0.0) {01/22/19 15:53:02}
01/22/19 15:53:06 Number of idle job procs: 0
01/22/19 15:55:53 Currently monitoring 1 HTCondor log file(s)
01/22/19 15:55:53 Event: ULOG_JOB_TERMINATED for HTCondor Node GRECO_Simulation_Processing_20190122_06_arg_2 (13539287.0.0) {01/22/19 15:55:49}
01/22/19 15:55:53 Number of idle job procs: 0
01/22/19 15:55:53 Node GRECO_Simulation_Processing_20190122_06_arg_2 job proc (13539287.0.0) failed with status 1.
01/22/19 15:55:53 Event: ULOG_JOB_TERMINATED for HTCondor Node GRECO_Simulation_Processing_20190122_06_arg_6 (13539310.0.0) {01/22/19 15:55:49}
01/22/19 15:55:53 Number of idle job procs: 0
01/22/19 15:55:53 Node GRECO_Simulation_Processing_20190122_06_arg_6 job proc (13539310.0.0) failed with status 1.
01/22/19 15:55:53 Event: ULOG_JOB_TERMINATED for HTCondor Node GRECO_Simulation_Processing_20190122_06_arg_8 (13539325.0.0) {01/22/19 15:55:49}
01/22/19 15:55:53 Number of idle job procs: 0
01/22/19 15:55:53 Node GRECO_Simulation_Processing_20190122_06_arg_8 job proc (13539325.0.0) failed with status 1.
01/22/19 15:55:53 DAG status: 2 (DAG_STATUS_NODE_FAILED)
01/22/19 15:55:53 Of 9 nodes total:
01/22/19 15:55:53  Done     Pre   Queued    Post   Ready   Un-Ready   Failed
01/22/19 15:55:53   ===     ===      ===     ===     ===        ===      ===
01/22/19 15:55:53     0       0        6       0       0          0        3
01/22/19 15:55:53 0 job proc(s) currently held
01/22/19 15:55:53 DAGMan Runtime Statistics: [ EventCycleTimeStd = 1.181035097368911; EventCycleTimeMax = 6.551422119140625; SubmitCycleTimeMin = 1.001358032226562E-05; SubmitCycleTimeAvg = 0.2843769405569349; SleepCycleTimeCount = 55.0; SubmitCycleTimeCount = 56.0; SubmitCycleTimeMax = 6.551079034805298; SleepCycleTimeMin = 5.000684022903442; SubmitCycleTimeSum = 15.92510867118835; LogProcessCycleTimeStd = 0.0326191643626584; SubmitCycleTimeStd = 1.17381221361371; LogProcessCycleTimeAvg = 0.02123626073201497; EventCycleTimeMin = 2.09808349609375E-05; LogProcessCycleTimeMax = 0.06441903114318848; LogProcessCycleTimeMin = 0.0001049041748046875; LogProcessCycleTimeSum = 0.1274175643920898; LogProcessCycleTimeCount = 6.0; EventCycleTimeSum = 16.7736132144928; SleepCycleTimeSum = 276.3739128112793; SleepCycleTimeAvg = 5.024980232932351; SleepCycleTimeStd = 0.09112291536335414; SleepCycleTimeMax = 5.5938560962677; EventCycleTimeCount = 55.0; EventCycleTimeAvg = 0.3049747857180509; ]
01/22/19 15:55:58 Currently monitoring 1 HTCondor log file(s)
01/22/19 15:55:58 Event: ULOG_JOB_TERMINATED for HTCondor Node GRECO_Simulation_Processing_20190122_06_arg_0 (13539280.0.0) {01/22/19 15:55:54}
01/22/19 15:55:58 Number of idle job procs: 0
01/22/19 15:55:58 Node GRECO_Simulation_Processing_20190122_06_arg_0 job proc (13539280.0.0) failed with status 1.
01/22/19 15:55:58 DAG status: 2 (DAG_STATUS_NODE_FAILED)
01/22/19 15:55:58 Of 9 nodes total:
01/22/19 15:55:58  Done     Pre   Queued    Post   Ready   Un-Ready   Failed
01/22/19 15:55:58   ===     ===      ===     ===     ===        ===      ===
01/22/19 15:55:58     0       0        5       0       0          0        4
01/22/19 15:55:58 0 job proc(s) currently held
01/22/19 15:55:58 DAGMan Runtime Statistics: [ EventCycleTimeStd = 1.17047343044953; EventCycleTimeMax = 6.551422119140625; SubmitCycleTimeMin = 1.001358032226562E-05; SubmitCycleTimeAvg = 0.2793880471012049; SleepCycleTimeCount = 56.0; SubmitCycleTimeCount = 57.0; SubmitCycleTimeMax = 6.551079034805298; SleepCycleTimeMin = 5.000684022903442; SubmitCycleTimeSum = 15.92511868476868; LogProcessCycleTimeStd = 0.03082677430727403; SubmitCycleTimeStd = 1.163894149262023; LogProcessCycleTimeAvg = 0.01822165080479213; EventCycleTimeMin = 2.09808349609375E-05; LogProcessCycleTimeMax = 0.06441903114318848; LogProcessCycleTimeMin = 0.0001049041748046875; LogProcessCycleTimeSum = 0.1275515556335449; LogProcessCycleTimeCount = 7.0; EventCycleTimeSum = 16.90713214874268; SleepCycleTimeSum = 281.7028079032898; SleepCycleTimeAvg = 5.030407283987318; SleepCycleTimeStd = 0.09900392169874005; SleepCycleTimeMax = 5.5938560962677; EventCycleTimeCount = 56.0; EventCycleTimeAvg = 0.3019130740846906; ]
01/22/19 15:56:03 Currently monitoring 1 HTCondor log file(s)
01/22/19 15:56:03 Event: ULOG_JOB_TERMINATED for HTCondor Node GRECO_Simulation_Processing_20190122_06_arg_3 (13539297.0.0) {01/22/19 15:56:00}
01/22/19 15:56:03 Number of idle job procs: 0
01/22/19 15:56:03 Node GRECO_Simulation_Processing_20190122_06_arg_3 job proc (13539297.0.0) failed with status 1.
01/22/19 15:56:03 DAG status: 2 (DAG_STATUS_NODE_FAILED)
01/22/19 15:56:03 Of 9 nodes total:
01/22/19 15:56:03  Done     Pre   Queued    Post   Ready   Un-Ready   Failed
01/22/19 15:56:03   ===     ===      ===     ===     ===        ===      ===
01/22/19 15:56:03     0       0        4       0       0          0        5
01/22/19 15:56:03 0 job proc(s) currently held
01/22/19 15:56:03 DAGMan Runtime Statistics: [ EventCycleTimeStd = 1.15998563487167; EventCycleTimeMax = 6.551422119140625; SubmitCycleTimeMin = 1.001358032226562E-05; SubmitCycleTimeAvg = 0.2745712502249356; SleepCycleTimeCount = 57.0; SubmitCycleTimeCount = 58.0; SubmitCycleTimeMax = 6.551079034805298; SleepCycleTimeMin = 5.000684022903442; SubmitCycleTimeSum = 15.92513251304626; LogProcessCycleTimeStd = 0.03171457142766704; SubmitCycleTimeStd = 1.154222464370783; LogProcessCycleTimeAvg = 0.02311143279075623; EventCycleTimeMin = 2.09808349609375E-05; LogProcessCycleTimeMax = 0.06441903114318848; LogProcessCycleTimeMin = 0.0001049041748046875; LogProcessCycleTimeSum = 0.1848914623260498; LogProcessCycleTimeCount = 8.0; EventCycleTimeSum = 17.17279720306396; SleepCycleTimeSum = 286.707879781723; SleepCycleTimeAvg = 5.029962803188123; SleepCycleTimeStd = 0.09817334612618145; SleepCycleTimeMax = 5.5938560962677; EventCycleTimeCount = 57.0; EventCycleTimeAvg = 0.3012771439134029; ]
01/22/19 15:56:08 Currently monitoring 1 HTCondor log file(s)
01/22/19 15:56:08 Event: ULOG_JOB_TERMINATED for HTCondor Node GRECO_Simulation_Processing_20190122_06_arg_5 (13539306.0.0) {01/22/19 15:56:06}
01/22/19 15:56:08 Number of idle job procs: 0
01/22/19 15:56:08 Node GRECO_Simulation_Processing_20190122_06_arg_5 job proc (13539306.0.0) failed with status 1.
01/22/19 15:56:08 DAG status: 2 (DAG_STATUS_NODE_FAILED)
01/22/19 15:56:08 Of 9 nodes total:
01/22/19 15:56:08  Done     Pre   Queued    Post   Ready   Un-Ready   Failed
01/22/19 15:56:08   ===     ===      ===     ===     ===        ===      ===
01/22/19 15:56:08     0       0        3       0       0          0        6
01/22/19 15:56:08 0 job proc(s) currently held
01/22/19 15:56:08 DAGMan Runtime Statistics: [ EventCycleTimeStd = 1.149982623971649; EventCycleTimeMax = 6.551422119140625; SubmitCycleTimeMin = 1.001358032226562E-05; SubmitCycleTimeAvg = 0.2699177548036737; SleepCycleTimeCount = 58.0; SubmitCycleTimeCount = 59.0; SubmitCycleTimeMax = 6.551079034805298; SleepCycleTimeMin = 5.000684022903442; SubmitCycleTimeSum = 15.92514753341675; LogProcessCycleTimeStd = 0.0306398391781031; SubmitCycleTimeStd = 1.144787172065626; LogProcessCycleTimeAvg = 0.02055729760064019; EventCycleTimeMin = 2.09808349609375E-05; LogProcessCycleTimeMax = 0.06441903114318848; LogProcessCycleTimeMin = 0.0001049041748046875; LogProcessCycleTimeSum = 0.1850156784057617; LogProcessCycleTimeCount = 9.0; EventCycleTimeSum = 17.30381536483765; SleepCycleTimeSum = 291.7129397392273; SleepCycleTimeAvg = 5.029533443779781; SleepCycleTimeStd = 0.0973632905055898; SleepCycleTimeMax = 5.5938560962677; EventCycleTimeCount = 58.0; EventCycleTimeAvg = 0.2983416442213387; ]
01/22/19 15:56:29 Currently monitoring 1 HTCondor log file(s)
01/22/19 15:56:29 Event: ULOG_JOB_TERMINATED for HTCondor Node GRECO_Simulation_Processing_20190122_06_arg_1 (13539284.0.0) {01/22/19 15:56:28}
01/22/19 15:56:29 Number of idle job procs: 0
01/22/19 15:56:29 Node GRECO_Simulation_Processing_20190122_06_arg_1 job proc (13539284.0.0) failed with status 1.
01/22/19 15:56:29 DAG status: 2 (DAG_STATUS_NODE_FAILED)
01/22/19 15:56:29 Of 9 nodes total:
01/22/19 15:56:29  Done     Pre   Queued    Post   Ready   Un-Ready   Failed
01/22/19 15:56:29   ===     ===      ===     ===     ===        ===      ===
01/22/19 15:56:29     0       0        2       0       0          0        7
01/22/19 15:56:29 0 job proc(s) currently held
01/22/19 15:56:29 DAGMan Runtime Statistics: [ EventCycleTimeStd = 1.113739854613859; EventCycleTimeMax = 6.551422119140625; SubmitCycleTimeMin = 1.001358032226562E-05; SubmitCycleTimeAvg = 0.2537452228485592; SleepCycleTimeCount = 62.0; SubmitCycleTimeCount = 63.0; SubmitCycleTimeMax = 6.551079034805298; SleepCycleTimeMin = 5.000684022903442; SubmitCycleTimeSum = 15.98594903945923; LogProcessCycleTimeStd = 0.03147450513539382; SubmitCycleTimeStd = 1.109031826589194; LogProcessCycleTimeAvg = 0.02450895309448242; EventCycleTimeMin = 2.09808349609375E-05; LogProcessCycleTimeMax = 0.06441903114318848; LogProcessCycleTimeMin = 0.0001049041748046875; LogProcessCycleTimeSum = 0.2450895309448242; LogProcessCycleTimeCount = 10.0; EventCycleTimeSum = 17.39717507362366; SleepCycleTimeSum = 311.7330949306488; SleepCycleTimeAvg = 5.027953144042723; SleepCycleTimeStd = 0.09431225648941911; SleepCycleTimeMax = 5.5938560962677; EventCycleTimeCount = 62.0; EventCycleTimeAvg = 0.2805995979616719; ]
01/22/19 15:56:34 Currently monitoring 1 HTCondor log file(s)
01/22/19 15:56:34 Event: ULOG_JOB_TERMINATED for HTCondor Node GRECO_Simulation_Processing_20190122_06_arg_7 (13539321.0.0) {01/22/19 15:56:29}
01/22/19 15:56:34 Number of idle job procs: 0
01/22/19 15:56:34 Node GRECO_Simulation_Processing_20190122_06_arg_7 job proc (13539321.0.0) failed with status 1.
01/22/19 15:56:34 DAG status: 2 (DAG_STATUS_NODE_FAILED)
01/22/19 15:56:34 Of 9 nodes total:
01/22/19 15:56:34  Done     Pre   Queued    Post   Ready   Un-Ready   Failed
01/22/19 15:56:34   ===     ===      ===     ===     ===        ===      ===
01/22/19 15:56:34     0       0        1       0       0          0        8
01/22/19 15:56:34 0 job proc(s) currently held
01/22/19 15:56:34 DAGMan Runtime Statistics: [ EventCycleTimeStd = 1.104904616556344; EventCycleTimeMax = 6.551422119140625; SubmitCycleTimeMin = 1.001358032226562E-05; SubmitCycleTimeAvg = 0.2497806586325169; SleepCycleTimeCount = 63.0; SubmitCycleTimeCount = 64.0; SubmitCycleTimeMax = 6.551079034805298; SleepCycleTimeMin = 5.000684022903442; SubmitCycleTimeSum = 15.98596215248108; LogProcessCycleTimeStd = 0.03075207138616928; SubmitCycleTimeStd = 1.100651847080553; LogProcessCycleTimeAvg = 0.022291053425182; EventCycleTimeMin = 2.09808349609375E-05; LogProcessCycleTimeMax = 0.06441903114318848; LogProcessCycleTimeMin = 0.0001049041748046875; LogProcessCycleTimeSum = 0.245201587677002; LogProcessCycleTimeCount = 11.0; EventCycleTimeSum = 17.51814603805542; SleepCycleTimeSum = 316.7373690605164; SleepCycleTimeAvg = 5.027577286674862; SleepCycleTimeStd = 0.09359613833984295; SleepCycleTimeMax = 5.5938560962677; EventCycleTimeCount = 63.0; EventCycleTimeAvg = 0.2780658101278638; ]
01/22/19 15:58:41 Currently monitoring 1 HTCondor log file(s)
01/22/19 15:58:41 Event: ULOG_JOB_TERMINATED for HTCondor Node GRECO_Simulation_Processing_20190122_06_arg_4 (13539301.0.0) {01/22/19 15:58:37}
01/22/19 15:58:41 Number of idle job procs: 0
01/22/19 15:58:41 Node GRECO_Simulation_Processing_20190122_06_arg_4 job proc (13539301.0.0) failed with status 1.
01/22/19 15:58:41 DAG status: 2 (DAG_STATUS_NODE_FAILED)
01/22/19 15:58:41 Of 9 nodes total:
01/22/19 15:58:41  Done     Pre   Queued    Post   Ready   Un-Ready   Failed
01/22/19 15:58:41   ===     ===      ===     ===     ===        ===      ===
01/22/19 15:58:41     0       0        0       0       0          0        9
01/22/19 15:58:41 0 job proc(s) currently held
01/22/19 15:58:41 DAGMan Runtime Statistics: [ EventCycleTimeStd = 0.9452556466211888; EventCycleTimeMax = 6.551422119140625; SubmitCycleTimeMin = 9.059906005859375E-06; SubmitCycleTimeAvg = 0.1936937798275037; SleepCycleTimeCount = 88.0; SubmitCycleTimeCount = 89.0; SubmitCycleTimeMax = 6.551079034805298; SleepCycleTimeMin = 5.000684022903442; SubmitCycleTimeSum = 17.23874640464783; LogProcessCycleTimeStd = 0.03240864939573028; SubmitCycleTimeStd = 0.9430987997050415; LogProcessCycleTimeAvg = 0.02627646923065186; EventCycleTimeMin = 2.002716064453125E-05; LogProcessCycleTimeMax = 0.07011604309082031; LogProcessCycleTimeMin = 0.0001049041748046875; LogProcessCycleTimeSum = 0.3153176307678223; LogProcessCycleTimeCount = 12.0; EventCycleTimeSum = 19.09628129005432; SleepCycleTimeSum = 442.5912806987762; SleepCycleTimeAvg = 5.029446371577003; SleepCycleTimeStd = 0.09930856655166688; SleepCycleTimeMax = 5.5938560962677; EventCycleTimeCount = 88.0; EventCycleTimeAvg = 0.21700319647789; ]
01/22/19 15:58:41 ERROR: the following job(s) failed:
01/22/19 15:58:41 ---------------------- Job ----------------------
01/22/19 15:58:41       Node Name: GRECO_Simulation_Processing_20190122_06_arg_0
01/22/19 15:58:41            Noop: false
01/22/19 15:58:41          NodeID: 0
01/22/19 15:58:41     Node Status: STATUS_ERROR    
01/22/19 15:58:41 Node return val: 1
01/22/19 15:58:41           Error: Job proc (13539280.0.0) failed with status 1
01/22/19 15:58:41 Job Submit File: condor/submit/GRECO_Simulation_Processing_20190122_06.submit
01/22/19 15:58:41  HTCondor Job ID: (13539280.0.0)
01/22/19 15:58:41       Q_PARENTS: <END>
01/22/19 15:58:41       Q_WAITING: <END>
01/22/19 15:58:41      Q_CHILDREN: <END>
01/22/19 15:58:41 ---------------------- Job ----------------------
01/22/19 15:58:41       Node Name: GRECO_Simulation_Processing_20190122_06_arg_1
01/22/19 15:58:41            Noop: false
01/22/19 15:58:41          NodeID: 1
01/22/19 15:58:41     Node Status: STATUS_ERROR    
01/22/19 15:58:41 Node return val: 1
01/22/19 15:58:41           Error: Job proc (13539284.0.0) failed with status 1
01/22/19 15:58:41 Job Submit File: condor/submit/GRECO_Simulation_Processing_20190122_06.submit
01/22/19 15:58:41  HTCondor Job ID: (13539284.0.0)
01/22/19 15:58:41       Q_PARENTS: <END>
01/22/19 15:58:41       Q_WAITING: <END>
01/22/19 15:58:41      Q_CHILDREN: <END>
01/22/19 15:58:41 ---------------------- Job ----------------------
01/22/19 15:58:41       Node Name: GRECO_Simulation_Processing_20190122_06_arg_2
01/22/19 15:58:41            Noop: false
01/22/19 15:58:41          NodeID: 2
01/22/19 15:58:41     Node Status: STATUS_ERROR    
01/22/19 15:58:41 Node return val: 1
01/22/19 15:58:41           Error: Job proc (13539287.0.0) failed with status 1
01/22/19 15:58:41 Job Submit File: condor/submit/GRECO_Simulation_Processing_20190122_06.submit
01/22/19 15:58:41  HTCondor Job ID: (13539287.0.0)
01/22/19 15:58:41       Q_PARENTS: <END>
01/22/19 15:58:41       Q_WAITING: <END>
01/22/19 15:58:41      Q_CHILDREN: <END>
01/22/19 15:58:41 ---------------------- Job ----------------------
01/22/19 15:58:41       Node Name: GRECO_Simulation_Processing_20190122_06_arg_3
01/22/19 15:58:41            Noop: false
01/22/19 15:58:41          NodeID: 3
01/22/19 15:58:41     Node Status: STATUS_ERROR    
01/22/19 15:58:41 Node return val: 1
01/22/19 15:58:41           Error: Job proc (13539297.0.0) failed with status 1
01/22/19 15:58:41 Job Submit File: condor/submit/GRECO_Simulation_Processing_20190122_06.submit
01/22/19 15:58:41  HTCondor Job ID: (13539297.0.0)
01/22/19 15:58:41       Q_PARENTS: <END>
01/22/19 15:58:41       Q_WAITING: <END>
01/22/19 15:58:41      Q_CHILDREN: <END>
01/22/19 15:58:41 ---------------------- Job ----------------------
01/22/19 15:58:41       Node Name: GRECO_Simulation_Processing_20190122_06_arg_4
01/22/19 15:58:41            Noop: false
01/22/19 15:58:41          NodeID: 4
01/22/19 15:58:41     Node Status: STATUS_ERROR    
01/22/19 15:58:41 Node return val: 1
01/22/19 15:58:41           Error: Job proc (13539301.0.0) failed with status 1
01/22/19 15:58:41 Job Submit File: condor/submit/GRECO_Simulation_Processing_20190122_06.submit
01/22/19 15:58:41  HTCondor Job ID: (13539301.0.0)
01/22/19 15:58:41       Q_PARENTS: <END>
01/22/19 15:58:41       Q_WAITING: <END>
01/22/19 15:58:41      Q_CHILDREN: <END>
01/22/19 15:58:41 ---------------------- Job ----------------------
01/22/19 15:58:41       Node Name: GRECO_Simulation_Processing_20190122_06_arg_5
01/22/19 15:58:41            Noop: false
01/22/19 15:58:41          NodeID: 5
01/22/19 15:58:41     Node Status: STATUS_ERROR    
01/22/19 15:58:41 Node return val: 1
01/22/19 15:58:41           Error: Job proc (13539306.0.0) failed with status 1
01/22/19 15:58:41 Job Submit File: condor/submit/GRECO_Simulation_Processing_20190122_06.submit
01/22/19 15:58:41  HTCondor Job ID: (13539306.0.0)
01/22/19 15:58:41       Q_PARENTS: <END>
01/22/19 15:58:41       Q_WAITING: <END>
01/22/19 15:58:41      Q_CHILDREN: <END>
01/22/19 15:58:41 ---------------------- Job ----------------------
01/22/19 15:58:41       Node Name: GRECO_Simulation_Processing_20190122_06_arg_6
01/22/19 15:58:41            Noop: false
01/22/19 15:58:41          NodeID: 6
01/22/19 15:58:41     Node Status: STATUS_ERROR    
01/22/19 15:58:41 Node return val: 1
01/22/19 15:58:41           Error: Job proc (13539310.0.0) failed with status 1
01/22/19 15:58:41 Job Submit File: condor/submit/GRECO_Simulation_Processing_20190122_06.submit
01/22/19 15:58:41  HTCondor Job ID: (13539310.0.0)
01/22/19 15:58:41       Q_PARENTS: <END>
01/22/19 15:58:41       Q_WAITING: <END>
01/22/19 15:58:41      Q_CHILDREN: <END>
01/22/19 15:58:41 ---------------------- Job ----------------------
01/22/19 15:58:41       Node Name: GRECO_Simulation_Processing_20190122_06_arg_7
01/22/19 15:58:41            Noop: false
01/22/19 15:58:41          NodeID: 7
01/22/19 15:58:41     Node Status: STATUS_ERROR    
01/22/19 15:58:41 Node return val: 1
01/22/19 15:58:41           Error: Job proc (13539321.0.0) failed with status 1
01/22/19 15:58:41 Job Submit File: condor/submit/GRECO_Simulation_Processing_20190122_06.submit
01/22/19 15:58:41  HTCondor Job ID: (13539321.0.0)
01/22/19 15:58:41       Q_PARENTS: <END>
01/22/19 15:58:41       Q_WAITING: <END>
01/22/19 15:58:41      Q_CHILDREN: <END>
01/22/19 15:58:41 ---------------------- Job ----------------------
01/22/19 15:58:41       Node Name: GRECO_Simulation_Processing_20190122_06_arg_8
01/22/19 15:58:41            Noop: false
01/22/19 15:58:41          NodeID: 8
01/22/19 15:58:41     Node Status: STATUS_ERROR    
01/22/19 15:58:41 Node return val: 1
01/22/19 15:58:41           Error: Job proc (13539325.0.0) failed with status 1
01/22/19 15:58:41 Job Submit File: condor/submit/GRECO_Simulation_Processing_20190122_06.submit
01/22/19 15:58:41  HTCondor Job ID: (13539325.0.0)
01/22/19 15:58:41       Q_PARENTS: <END>
01/22/19 15:58:41       Q_WAITING: <END>
01/22/19 15:58:41      Q_CHILDREN: <END>
01/22/19 15:58:41 ---------------------------------------	<END>
01/22/19 15:58:41 Aborting DAG...
01/22/19 15:58:41 Writing Rescue DAG to condor/submit/Nova_GRECO_processing_20190122_06.submit.rescue001...
01/22/19 15:58:41 Removing submitted jobs...
01/22/19 15:58:41 Removing any/all submitted HTCondor jobs...
01/22/19 15:58:41 Running: /usr/bin/condor_rm -const DAGManJobId' '=?=' '13539216
01/22/19 15:58:42 Note: 0 total job deferrals because of -MaxJobs limit (0)
01/22/19 15:58:42 Note: 0 total job deferrals because of -MaxIdle limit (1000)
01/22/19 15:58:42 Note: 0 total job deferrals because of node category throttles
01/22/19 15:58:42 Note: 0 total PRE script deferrals because of -MaxPre limit (20) or DEFER
01/22/19 15:58:42 Note: 0 total POST script deferrals because of -MaxPost limit (20) or DEFER
01/22/19 15:58:42 DAG status: 2 (DAG_STATUS_NODE_FAILED)
01/22/19 15:58:42 Of 9 nodes total:
01/22/19 15:58:42  Done     Pre   Queued    Post   Ready   Un-Ready   Failed
01/22/19 15:58:42   ===     ===      ===     ===     ===        ===      ===
01/22/19 15:58:42     0       0        0       0       0          0        9
01/22/19 15:58:42 0 job proc(s) currently held
01/22/19 15:58:42 DAGMan Runtime Statistics: [ EventCycleTimeStd = 0.9452556466211888; EventCycleTimeMax = 6.551422119140625; SubmitCycleTimeMin = 9.059906005859375E-06; SubmitCycleTimeAvg = 0.1936937798275037; SleepCycleTimeCount = 88.0; SubmitCycleTimeCount = 89.0; SubmitCycleTimeMax = 6.551079034805298; SleepCycleTimeMin = 5.000684022903442; SubmitCycleTimeSum = 17.23874640464783; LogProcessCycleTimeStd = 0.03240864939573028; SubmitCycleTimeStd = 0.9430987997050415; LogProcessCycleTimeAvg = 0.02627646923065186; EventCycleTimeMin = 2.002716064453125E-05; LogProcessCycleTimeMax = 0.07011604309082031; LogProcessCycleTimeMin = 0.0001049041748046875; LogProcessCycleTimeSum = 0.3153176307678223; LogProcessCycleTimeCount = 12.0; EventCycleTimeSum = 19.09628129005432; SleepCycleTimeSum = 442.5912806987762; SleepCycleTimeAvg = 5.029446371577003; SleepCycleTimeStd = 0.09930856655166688; SleepCycleTimeMax = 5.5938560962677; EventCycleTimeCount = 88.0; EventCycleTimeAvg = 0.21700319647789; ]
01/22/19 15:58:43 Wrote metrics file condor/submit/Nova_GRECO_processing_20190122_06.submit.metrics.
01/22/19 15:58:43 Metrics not sent because of PEGASUS_METRICS or CONDOR_DEVELOPERS setting.
01/22/19 15:58:43 DAGMan Runtime Statistics: [ EventCycleTimeStd = 0.9452556466211888; EventCycleTimeMax = 6.551422119140625; SubmitCycleTimeMin = 9.059906005859375E-06; SubmitCycleTimeAvg = 0.1936937798275037; SleepCycleTimeCount = 88.0; SubmitCycleTimeCount = 89.0; SubmitCycleTimeMax = 6.551079034805298; SleepCycleTimeMin = 5.000684022903442; SubmitCycleTimeSum = 17.23874640464783; LogProcessCycleTimeStd = 0.03240864939573028; SubmitCycleTimeStd = 0.9430987997050415; LogProcessCycleTimeAvg = 0.02627646923065186; EventCycleTimeMin = 2.002716064453125E-05; LogProcessCycleTimeMax = 0.07011604309082031; LogProcessCycleTimeMin = 0.0001049041748046875; LogProcessCycleTimeSum = 0.3153176307678223; LogProcessCycleTimeCount = 12.0; EventCycleTimeSum = 19.09628129005432; SleepCycleTimeSum = 442.5912806987762; SleepCycleTimeAvg = 5.029446371577003; SleepCycleTimeStd = 0.09930856655166688; SleepCycleTimeMax = 5.5938560962677; EventCycleTimeCount = 88.0; EventCycleTimeAvg = 0.21700319647789; ]
01/22/19 15:58:43 **** condor_scheduniv_exec.13539216.0 (condor_DAGMAN) pid 34324 EXITING WITH STATUS 1
