01/22/19 15:33:52 Setting maximum file descriptors to 80000.
01/22/19 15:33:52 ******************************************************
01/22/19 15:33:52 ** condor_scheduniv_exec.13537332.0 (CONDOR_DAGMAN) STARTING UP
01/22/19 15:33:52 ** /usr/bin/condor_dagman
01/22/19 15:33:52 ** SubsystemInfo: name=DAGMAN type=DAGMAN(10) class=DAEMON(1)
01/22/19 15:33:52 ** Configuration: subsystem:DAGMAN local:<NONE> class:DAEMON
01/22/19 15:33:52 ** $CondorVersion: 8.7.7 Mar 13 2018 BuildID: 435313 $
01/22/19 15:33:52 ** $CondorPlatform: x86_64_RedHat7 $
01/22/19 15:33:52 ** PID = 3556
01/22/19 15:33:52 ** Log last touched time unavailable (No such file or directory)
01/22/19 15:33:52 ******************************************************
01/22/19 15:33:52 Using config source: /etc/condor/condor_config
01/22/19 15:33:52 Using local config sources: 
01/22/19 15:33:52    /etc/condor/config.d/00_logging
01/22/19 15:33:52    /etc/condor/config.d/00_security
01/22/19 15:33:52    /etc/condor/config.d/20_ganglia
01/22/19 15:33:52    /etc/condor/config.d/20_master_daemons
01/22/19 15:33:52    /etc/condor/config.d/20_schedd
01/22/19 15:33:52    /etc/condor/config.d/20_schedd_limit_num_jobs
01/22/19 15:33:52    /etc/condor/config.d/20_schedd_stats
01/22/19 15:33:52    /etc/condor/config.d/20_schedd_stats_rss
01/22/19 15:33:52    /etc/condor/config.d/20_shared_port
01/22/19 15:33:52    /etc/condor/config.d/20_submit
01/22/19 15:33:52    /etc/condor/config.d/21_submit_singularity
01/22/19 15:33:52    /etc/condor/config.d/60_npx_submit
01/22/19 15:33:52    /etc/condor/config.d/60_npx_submit_sane_reqs
01/22/19 15:33:52    /etc/condor/config.d/99_block_submissions_group_long
01/22/19 15:33:52    /etc/condor/condor_config.local
01/22/19 15:33:52 config Macros = 134, Sorted = 134, StringBytes = 5426, TablesBytes = 4984
01/22/19 15:33:52 CLASSAD_CACHING is ENABLED
01/22/19 15:33:52 Daemon Log is logging: D_ALWAYS D_ERROR
01/22/19 15:33:52 DaemonCore: No command port requested.
01/22/19 15:33:52 DAGMAN_USE_STRICT setting: 1
01/22/19 15:33:52 DAGMAN_VERBOSITY setting: 3
01/22/19 15:33:52 DAGMAN_DEBUG_CACHE_SIZE setting: 5242880
01/22/19 15:33:52 DAGMAN_DEBUG_CACHE_ENABLE setting: False
01/22/19 15:33:52 DAGMAN_SUBMIT_DELAY setting: 1
01/22/19 15:33:52 DAGMAN_MAX_SUBMIT_ATTEMPTS setting: 6
01/22/19 15:33:52 DAGMAN_STARTUP_CYCLE_DETECT setting: False
01/22/19 15:33:52 DAGMAN_MAX_SUBMITS_PER_INTERVAL setting: 5
01/22/19 15:33:52 DAGMAN_AGGRESSIVE_SUBMIT setting: False
01/22/19 15:33:52 DAGMAN_USER_LOG_SCAN_INTERVAL setting: 5
01/22/19 15:33:52 DAGMAN_QUEUE_UPDATE_INTERVAL setting: 300
01/22/19 15:33:52 DAGMAN_DEFAULT_PRIORITY setting: 0
01/22/19 15:33:52 DAGMAN_SUPPRESS_NOTIFICATION setting: True
01/22/19 15:33:52 allow_events (DAGMAN_ALLOW_EVENTS) setting: 114
01/22/19 15:33:52 DAGMAN_RETRY_SUBMIT_FIRST setting: True
01/22/19 15:33:52 DAGMAN_RETRY_NODE_FIRST setting: False
01/22/19 15:33:52 DAGMAN_MAX_JOBS_IDLE setting: 1000
01/22/19 15:33:52 DAGMAN_MAX_JOBS_SUBMITTED setting: 0
01/22/19 15:33:52 DAGMAN_MAX_PRE_SCRIPTS setting: 20
01/22/19 15:33:52 DAGMAN_MAX_POST_SCRIPTS setting: 20
01/22/19 15:33:52 DAGMAN_MUNGE_NODE_NAMES setting: True
01/22/19 15:33:52 DAGMAN_PROHIBIT_MULTI_JOBS setting: False
01/22/19 15:33:52 DAGMAN_SUBMIT_DEPTH_FIRST setting: False
01/22/19 15:33:52 DAGMAN_ALWAYS_RUN_POST setting: False
01/22/19 15:33:52 DAGMAN_ABORT_DUPLICATES setting: True
01/22/19 15:33:52 DAGMAN_ABORT_ON_SCARY_SUBMIT setting: True
01/22/19 15:33:52 DAGMAN_PENDING_REPORT_INTERVAL setting: 600
01/22/19 15:33:52 DAGMAN_AUTO_RESCUE setting: True
01/22/19 15:33:52 DAGMAN_MAX_RESCUE_NUM setting: 100
01/22/19 15:33:52 DAGMAN_WRITE_PARTIAL_RESCUE setting: True
01/22/19 15:33:52 DAGMAN_DEFAULT_NODE_LOG setting: @(DAG_DIR)/@(DAG_FILE).nodes.log
01/22/19 15:33:52 DAGMAN_GENERATE_SUBDAG_SUBMITS setting: True
01/22/19 15:33:52 DAGMAN_MAX_JOB_HOLDS setting: 100
01/22/19 15:33:52 DAGMAN_HOLD_CLAIM_TIME setting: 20
01/22/19 15:33:52 ALL_DEBUG setting: 
01/22/19 15:33:52 DAGMAN_DEBUG setting: 
01/22/19 15:33:52 DAGMAN_SUPPRESS_JOB_LOGS setting: False
01/22/19 15:33:52 DAGMAN_REMOVE_NODE_JOBS setting: True
01/22/19 15:33:52 argv[0] == "condor_scheduniv_exec.13537332.0"
01/22/19 15:33:52 argv[1] == "-Lockfile"
01/22/19 15:33:52 argv[2] == "condor/submit/Nova_GRECO_processing_20190122_04.submit.lock"
01/22/19 15:33:52 argv[3] == "-AutoRescue"
01/22/19 15:33:52 argv[4] == "1"
01/22/19 15:33:52 argv[5] == "-DoRescueFrom"
01/22/19 15:33:52 argv[6] == "0"
01/22/19 15:33:52 argv[7] == "-Dag"
01/22/19 15:33:52 argv[8] == "condor/submit/Nova_GRECO_processing_20190122_04.submit"
01/22/19 15:33:52 argv[9] == "-Suppress_notification"
01/22/19 15:33:52 argv[10] == "-CsdVersion"
01/22/19 15:33:52 argv[11] == "$CondorVersion: 8.7.7 Mar 13 2018 BuildID: 435313 $"
01/22/19 15:33:52 argv[12] == "-Dagman"
01/22/19 15:33:52 argv[13] == "/usr/bin/condor_dagman"
01/22/19 15:33:53 Workflow batch-name: <Nova_GRECO_processing_20190122_04.submit+13537332>
01/22/19 15:33:53 Workflow accounting_group: <>
01/22/19 15:33:53 Workflow accounting_group_user: <>
01/22/19 15:33:53 Warning: failed to get attribute DAGNodeName
01/22/19 15:33:53 DAGMAN_LOG_ON_NFS_IS_ERROR setting: False
01/22/19 15:33:53 Default node log file is: </home/apizzuto/Nova/scripts/pycondorScripts/condor/submit/Nova_GRECO_processing_20190122_04.submit.nodes.log>
01/22/19 15:33:53 DAG Lockfile will be written to condor/submit/Nova_GRECO_processing_20190122_04.submit.lock
01/22/19 15:33:53 DAG Input file is condor/submit/Nova_GRECO_processing_20190122_04.submit
01/22/19 15:33:53 Parsing 1 dagfiles
01/22/19 15:33:53 Parsing condor/submit/Nova_GRECO_processing_20190122_04.submit ...
01/22/19 15:33:53 Dag contains 9 total jobs
01/22/19 15:33:53 Sleeping for 3 seconds to ensure ProcessId uniqueness
01/22/19 15:33:57 Bootstrapping...
01/22/19 15:33:57 Number of pre-completed nodes: 0
01/22/19 15:33:57 MultiLogFiles: truncating log file /home/apizzuto/Nova/scripts/pycondorScripts/condor/submit/Nova_GRECO_processing_20190122_04.submit.nodes.log
01/22/19 15:33:57 DAG status: 0 (DAG_STATUS_OK)
01/22/19 15:33:57 Of 9 nodes total:
01/22/19 15:33:57  Done     Pre   Queued    Post   Ready   Un-Ready   Failed
01/22/19 15:33:57   ===     ===      ===     ===     ===        ===      ===
01/22/19 15:33:57     0       0        0       0       9          0        0
01/22/19 15:33:57 0 job proc(s) currently held
01/22/19 15:33:57 DAGMan Runtime Statistics: [ EventCycleTimeSum = 0.0; EventCycleTimeCount = 0.0; SleepCycleTimeCount = 0.0; SubmitCycleTimeSum = 0.0; SubmitCycleTimeCount = 0.0; LogProcessCycleTimeSum = 0.0; SleepCycleTimeSum = 0.0; LogProcessCycleTimeCount = 0.0; ]
01/22/19 15:33:57 Registering condor_event_timer...
01/22/19 15:33:58 Sleeping for 1 s (DAGMAN_SUBMIT_DELAY) to throttle submissions...
01/22/19 15:33:59 Submitting HTCondor Node GRECO_Simulation_Processing_20190122_04_arg_0 job(s)...
01/22/19 15:33:59 Adding a DAGMan workflow log /home/apizzuto/Nova/scripts/pycondorScripts/condor/submit/Nova_GRECO_processing_20190122_04.submit.nodes.log
01/22/19 15:33:59 Masking the events recorded in the DAGMAN workflow log
01/22/19 15:33:59 Mask for workflow log is 0,1,2,4,5,7,9,10,11,12,13,16,17,24,27,35,36
01/22/19 15:33:59 submitting: /usr/bin/condor_submit -a dag_node_name' '=' 'GRECO_Simulation_Processing_20190122_04_arg_0 -a +DAGManJobId' '=' '13537332 -a DAGManJobId' '=' '13537332 -batch-name Nova_GRECO_processing_20190122_04.submit+13537332 -a submit_event_notes' '=' 'DAG' 'Node:' 'GRECO_Simulation_Processing_20190122_04_arg_0 -a dagman_log' '=' '/home/apizzuto/Nova/scripts/pycondorScripts/condor/submit/Nova_GRECO_processing_20190122_04.submit.nodes.log -a +DAGManNodesMask' '=' '"0,1,2,4,5,7,9,10,11,12,13,16,17,24,27,35,36" -a ARGS' '=' '/data/user/apizzuto/Nova/simulation/genie_nue' '/data/ana/LE/NBI_nutau_appearance/level7_5July2017/genie/12640/Level7*bz2 -a DAG_STATUS' '=' '0 -a FAILED_COUNT' '=' '0 -a notification' '=' 'never -a +DAGParentNodeNames' '=' '"" condor/submit/GRECO_Simulation_Processing_20190122_04.submit
01/22/19 15:34:00 From submit: Submitting job(s).
01/22/19 15:34:00 From submit: 1 job(s) submitted to cluster 13537433.
01/22/19 15:34:00 	assigned HTCondor ID (13537433.0.0)
01/22/19 15:34:00 Sleeping for 1 s (DAGMAN_SUBMIT_DELAY) to throttle submissions...
01/22/19 15:34:01 Submitting HTCondor Node GRECO_Simulation_Processing_20190122_04_arg_1 job(s)...
01/22/19 15:34:01 Adding a DAGMan workflow log /home/apizzuto/Nova/scripts/pycondorScripts/condor/submit/Nova_GRECO_processing_20190122_04.submit.nodes.log
01/22/19 15:34:01 Masking the events recorded in the DAGMAN workflow log
01/22/19 15:34:01 Mask for workflow log is 0,1,2,4,5,7,9,10,11,12,13,16,17,24,27,35,36
01/22/19 15:34:01 submitting: /usr/bin/condor_submit -a dag_node_name' '=' 'GRECO_Simulation_Processing_20190122_04_arg_1 -a +DAGManJobId' '=' '13537332 -a DAGManJobId' '=' '13537332 -batch-name Nova_GRECO_processing_20190122_04.submit+13537332 -a submit_event_notes' '=' 'DAG' 'Node:' 'GRECO_Simulation_Processing_20190122_04_arg_1 -a dagman_log' '=' '/home/apizzuto/Nova/scripts/pycondorScripts/condor/submit/Nova_GRECO_processing_20190122_04.submit.nodes.log -a +DAGManNodesMask' '=' '"0,1,2,4,5,7,9,10,11,12,13,16,17,24,27,35,36" -a ARGS' '=' '/data/user/apizzuto/Nova/simulation/genie_numu' '/data/ana/LE/NBI_nutau_appearance/level7_5July2017/genie/14640/Level7*bz2 -a DAG_STATUS' '=' '0 -a FAILED_COUNT' '=' '0 -a notification' '=' 'never -a +DAGParentNodeNames' '=' '"" condor/submit/GRECO_Simulation_Processing_20190122_04.submit
01/22/19 15:34:02 From submit: Submitting job(s).
01/22/19 15:34:02 From submit: 1 job(s) submitted to cluster 13537436.
01/22/19 15:34:02 	assigned HTCondor ID (13537436.0.0)
01/22/19 15:34:02 Sleeping for 1 s (DAGMAN_SUBMIT_DELAY) to throttle submissions...
01/22/19 15:34:03 Submitting HTCondor Node GRECO_Simulation_Processing_20190122_04_arg_2 job(s)...
01/22/19 15:34:03 Adding a DAGMan workflow log /home/apizzuto/Nova/scripts/pycondorScripts/condor/submit/Nova_GRECO_processing_20190122_04.submit.nodes.log
01/22/19 15:34:03 Masking the events recorded in the DAGMAN workflow log
01/22/19 15:34:03 Mask for workflow log is 0,1,2,4,5,7,9,10,11,12,13,16,17,24,27,35,36
01/22/19 15:34:03 submitting: /usr/bin/condor_submit -a dag_node_name' '=' 'GRECO_Simulation_Processing_20190122_04_arg_2 -a +DAGManJobId' '=' '13537332 -a DAGManJobId' '=' '13537332 -batch-name Nova_GRECO_processing_20190122_04.submit+13537332 -a submit_event_notes' '=' 'DAG' 'Node:' 'GRECO_Simulation_Processing_20190122_04_arg_2 -a dagman_log' '=' '/home/apizzuto/Nova/scripts/pycondorScripts/condor/submit/Nova_GRECO_processing_20190122_04.submit.nodes.log -a +DAGManNodesMask' '=' '"0,1,2,4,5,7,9,10,11,12,13,16,17,24,27,35,36" -a ARGS' '=' '/data/user/apizzuto/Nova/simulation/genie_nutau' '/data/ana/LE/NBI_nutau_appearance/level7_5July2017/genie/16640/Level7*bz2 -a DAG_STATUS' '=' '0 -a FAILED_COUNT' '=' '0 -a notification' '=' 'never -a +DAGParentNodeNames' '=' '"" condor/submit/GRECO_Simulation_Processing_20190122_04.submit
01/22/19 15:34:04 From submit: Submitting job(s).
01/22/19 15:34:04 From submit: 1 job(s) submitted to cluster 13537441.
01/22/19 15:34:04 	assigned HTCondor ID (13537441.0.0)
01/22/19 15:34:04 Warning: Submit cycle elapsed time (6 s) has exceeded log scan interval (5 s); bailing out of submit loop
01/22/19 15:34:04 Just submitted 3 jobs this cycle...
01/22/19 15:34:04 Currently monitoring 1 HTCondor log file(s)
01/22/19 15:34:04 Reassigning the id of job GRECO_Simulation_Processing_20190122_04_arg_0 from (13537433.0.0) to (13537433.0.0)
01/22/19 15:34:04 Event: ULOG_SUBMIT for HTCondor Node GRECO_Simulation_Processing_20190122_04_arg_0 (13537433.0.0) {01/22/19 15:34:00}
01/22/19 15:34:04 Number of idle job procs: 1
01/22/19 15:34:04 Reassigning the id of job GRECO_Simulation_Processing_20190122_04_arg_1 from (13537436.0.0) to (13537436.0.0)
01/22/19 15:34:04 Event: ULOG_SUBMIT for HTCondor Node GRECO_Simulation_Processing_20190122_04_arg_1 (13537436.0.0) {01/22/19 15:34:02}
01/22/19 15:34:04 Number of idle job procs: 2
01/22/19 15:34:04 Reassigning the id of job GRECO_Simulation_Processing_20190122_04_arg_2 from (13537441.0.0) to (13537441.0.0)
01/22/19 15:34:04 Event: ULOG_SUBMIT for HTCondor Node GRECO_Simulation_Processing_20190122_04_arg_2 (13537441.0.0) {01/22/19 15:34:04}
01/22/19 15:34:04 Number of idle job procs: 3
01/22/19 15:34:04 DAG status: 0 (DAG_STATUS_OK)
01/22/19 15:34:04 Of 9 nodes total:
01/22/19 15:34:04  Done     Pre   Queued    Post   Ready   Un-Ready   Failed
01/22/19 15:34:04   ===     ===      ===     ===     ===        ===      ===
01/22/19 15:34:04     0       0        3       0       6          0        0
01/22/19 15:34:04 0 job proc(s) currently held
01/22/19 15:34:04 DAGMan Runtime Statistics: [ EventCycleTimeCount = 0.0; SleepCycleTimeSum = 0.0; EventCycleTimeSum = 0.0; LogProcessCycleTimeCount = 1.0; LogProcessCycleTimeSum = 0.0002028942108154297; LogProcessCycleTimeMin = 0.0002028942108154297; LogProcessCycleTimeMax = 0.0002028942108154297; LogProcessCycleTimeAvg = 0.0002028942108154297; LogProcessCycleTimeStd = 0.0002028942108154297; SubmitCycleTimeMax = 5.800704956054688; SubmitCycleTimeCount = 1.0; SleepCycleTimeCount = 0.0; SubmitCycleTimeSum = 5.800704956054688; SubmitCycleTimeStd = 5.800704956054688; SubmitCycleTimeAvg = 5.800704956054688; SubmitCycleTimeMin = 5.800704956054688; ]
01/22/19 15:34:09 Sleeping for 1 s (DAGMAN_SUBMIT_DELAY) to throttle submissions...
01/22/19 15:34:10 Submitting HTCondor Node GRECO_Simulation_Processing_20190122_04_arg_3 job(s)...
01/22/19 15:34:10 Adding a DAGMan workflow log /home/apizzuto/Nova/scripts/pycondorScripts/condor/submit/Nova_GRECO_processing_20190122_04.submit.nodes.log
01/22/19 15:34:10 Masking the events recorded in the DAGMAN workflow log
01/22/19 15:34:10 Mask for workflow log is 0,1,2,4,5,7,9,10,11,12,13,16,17,24,27,35,36
01/22/19 15:34:10 submitting: /usr/bin/condor_submit -a dag_node_name' '=' 'GRECO_Simulation_Processing_20190122_04_arg_3 -a +DAGManJobId' '=' '13537332 -a DAGManJobId' '=' '13537332 -batch-name Nova_GRECO_processing_20190122_04.submit+13537332 -a submit_event_notes' '=' 'DAG' 'Node:' 'GRECO_Simulation_Processing_20190122_04_arg_3 -a dagman_log' '=' '/home/apizzuto/Nova/scripts/pycondorScripts/condor/submit/Nova_GRECO_processing_20190122_04.submit.nodes.log -a +DAGManNodesMask' '=' '"0,1,2,4,5,7,9,10,11,12,13,16,17,24,27,35,36" -a ARGS' '=' '/data/user/apizzuto/Nova/simulation/nugen_nue_LE' '/data/ana/LE/NBI_nutau_appearance/level7_5July2017/nugen/nue_LE/Level7*.bz2 -a DAG_STATUS' '=' '0 -a FAILED_COUNT' '=' '0 -a notification' '=' 'never -a +DAGParentNodeNames' '=' '"" condor/submit/GRECO_Simulation_Processing_20190122_04.submit
01/22/19 15:34:11 From submit: Submitting job(s).
01/22/19 15:34:11 From submit: 1 job(s) submitted to cluster 13537457.
01/22/19 15:34:11 	assigned HTCondor ID (13537457.0.0)
01/22/19 15:34:11 Sleeping for 1 s (DAGMAN_SUBMIT_DELAY) to throttle submissions...
01/22/19 15:34:12 Submitting HTCondor Node GRECO_Simulation_Processing_20190122_04_arg_4 job(s)...
01/22/19 15:34:12 Adding a DAGMan workflow log /home/apizzuto/Nova/scripts/pycondorScripts/condor/submit/Nova_GRECO_processing_20190122_04.submit.nodes.log
01/22/19 15:34:12 Masking the events recorded in the DAGMAN workflow log
01/22/19 15:34:12 Mask for workflow log is 0,1,2,4,5,7,9,10,11,12,13,16,17,24,27,35,36
01/22/19 15:34:12 submitting: /usr/bin/condor_submit -a dag_node_name' '=' 'GRECO_Simulation_Processing_20190122_04_arg_4 -a +DAGManJobId' '=' '13537332 -a DAGManJobId' '=' '13537332 -batch-name Nova_GRECO_processing_20190122_04.submit+13537332 -a submit_event_notes' '=' 'DAG' 'Node:' 'GRECO_Simulation_Processing_20190122_04_arg_4 -a dagman_log' '=' '/home/apizzuto/Nova/scripts/pycondorScripts/condor/submit/Nova_GRECO_processing_20190122_04.submit.nodes.log -a +DAGManNodesMask' '=' '"0,1,2,4,5,7,9,10,11,12,13,16,17,24,27,35,36" -a ARGS' '=' '/data/user/apizzuto/Nova/simulation/nugen_nue_ME' '/data/ana/LE/NBI_nutau_appearance/level7_5July2017/nugen/nue_ME/Level7*.bz2 -a DAG_STATUS' '=' '0 -a FAILED_COUNT' '=' '0 -a notification' '=' 'never -a +DAGParentNodeNames' '=' '"" condor/submit/GRECO_Simulation_Processing_20190122_04.submit
01/22/19 15:34:12 From submit: Submitting job(s).
01/22/19 15:34:12 From submit: 1 job(s) submitted to cluster 13537459.
01/22/19 15:34:12 	assigned HTCondor ID (13537459.0.0)
01/22/19 15:34:12 Sleeping for 1 s (DAGMAN_SUBMIT_DELAY) to throttle submissions...
01/22/19 15:34:13 Submitting HTCondor Node GRECO_Simulation_Processing_20190122_04_arg_5 job(s)...
01/22/19 15:34:13 Adding a DAGMan workflow log /home/apizzuto/Nova/scripts/pycondorScripts/condor/submit/Nova_GRECO_processing_20190122_04.submit.nodes.log
01/22/19 15:34:13 Masking the events recorded in the DAGMAN workflow log
01/22/19 15:34:13 Mask for workflow log is 0,1,2,4,5,7,9,10,11,12,13,16,17,24,27,35,36
01/22/19 15:34:13 submitting: /usr/bin/condor_submit -a dag_node_name' '=' 'GRECO_Simulation_Processing_20190122_04_arg_5 -a +DAGManJobId' '=' '13537332 -a DAGManJobId' '=' '13537332 -batch-name Nova_GRECO_processing_20190122_04.submit+13537332 -a submit_event_notes' '=' 'DAG' 'Node:' 'GRECO_Simulation_Processing_20190122_04_arg_5 -a dagman_log' '=' '/home/apizzuto/Nova/scripts/pycondorScripts/condor/submit/Nova_GRECO_processing_20190122_04.submit.nodes.log -a +DAGManNodesMask' '=' '"0,1,2,4,5,7,9,10,11,12,13,16,17,24,27,35,36" -a ARGS' '=' '/data/user/apizzuto/Nova/simulation/nugen_numu_LE' '/data/ana/LE/NBI_nutau_appearance/level7_5July2017/nugen/numu_LE/Level7*.bz2 -a DAG_STATUS' '=' '0 -a FAILED_COUNT' '=' '0 -a notification' '=' 'never -a +DAGParentNodeNames' '=' '"" condor/submit/GRECO_Simulation_Processing_20190122_04.submit
01/22/19 15:34:14 From submit: Submitting job(s).
01/22/19 15:34:14 From submit: 1 job(s) submitted to cluster 13537464.
01/22/19 15:34:14 	assigned HTCondor ID (13537464.0.0)
01/22/19 15:34:14 Sleeping for 1 s (DAGMAN_SUBMIT_DELAY) to throttle submissions...
01/22/19 15:34:15 Submitting HTCondor Node GRECO_Simulation_Processing_20190122_04_arg_6 job(s)...
01/22/19 15:34:15 Adding a DAGMan workflow log /home/apizzuto/Nova/scripts/pycondorScripts/condor/submit/Nova_GRECO_processing_20190122_04.submit.nodes.log
01/22/19 15:34:15 Masking the events recorded in the DAGMAN workflow log
01/22/19 15:34:15 Mask for workflow log is 0,1,2,4,5,7,9,10,11,12,13,16,17,24,27,35,36
01/22/19 15:34:15 submitting: /usr/bin/condor_submit -a dag_node_name' '=' 'GRECO_Simulation_Processing_20190122_04_arg_6 -a +DAGManJobId' '=' '13537332 -a DAGManJobId' '=' '13537332 -batch-name Nova_GRECO_processing_20190122_04.submit+13537332 -a submit_event_notes' '=' 'DAG' 'Node:' 'GRECO_Simulation_Processing_20190122_04_arg_6 -a dagman_log' '=' '/home/apizzuto/Nova/scripts/pycondorScripts/condor/submit/Nova_GRECO_processing_20190122_04.submit.nodes.log -a +DAGManNodesMask' '=' '"0,1,2,4,5,7,9,10,11,12,13,16,17,24,27,35,36" -a ARGS' '=' '/data/user/apizzuto/Nova/simulation/nugen_numu_ME' '/data/ana/LE/NBI_nutau_appearance/level7_5July2017/nugen/numu_ME/Level7*.bz2 -a DAG_STATUS' '=' '0 -a FAILED_COUNT' '=' '0 -a notification' '=' 'never -a +DAGParentNodeNames' '=' '"" condor/submit/GRECO_Simulation_Processing_20190122_04.submit
01/22/19 15:34:15 From submit: Submitting job(s).
01/22/19 15:34:15 From submit: 1 job(s) submitted to cluster 13537468.
01/22/19 15:34:15 	assigned HTCondor ID (13537468.0.0)
01/22/19 15:34:15 Warning: Submit cycle elapsed time (6 s) has exceeded log scan interval (5 s); bailing out of submit loop
01/22/19 15:34:15 Just submitted 4 jobs this cycle...
01/22/19 15:34:15 Currently monitoring 1 HTCondor log file(s)
01/22/19 15:34:15 Reassigning the id of job GRECO_Simulation_Processing_20190122_04_arg_3 from (13537457.0.0) to (13537457.0.0)
01/22/19 15:34:15 Event: ULOG_SUBMIT for HTCondor Node GRECO_Simulation_Processing_20190122_04_arg_3 (13537457.0.0) {01/22/19 15:34:11}
01/22/19 15:34:15 Number of idle job procs: 4
01/22/19 15:34:15 Reassigning the id of job GRECO_Simulation_Processing_20190122_04_arg_4 from (13537459.0.0) to (13537459.0.0)
01/22/19 15:34:15 Event: ULOG_SUBMIT for HTCondor Node GRECO_Simulation_Processing_20190122_04_arg_4 (13537459.0.0) {01/22/19 15:34:12}
01/22/19 15:34:15 Number of idle job procs: 5
01/22/19 15:34:15 Reassigning the id of job GRECO_Simulation_Processing_20190122_04_arg_5 from (13537464.0.0) to (13537464.0.0)
01/22/19 15:34:15 Event: ULOG_SUBMIT for HTCondor Node GRECO_Simulation_Processing_20190122_04_arg_5 (13537464.0.0) {01/22/19 15:34:14}
01/22/19 15:34:15 Number of idle job procs: 6
01/22/19 15:34:15 Reassigning the id of job GRECO_Simulation_Processing_20190122_04_arg_6 from (13537468.0.0) to (13537468.0.0)
01/22/19 15:34:15 Event: ULOG_SUBMIT for HTCondor Node GRECO_Simulation_Processing_20190122_04_arg_6 (13537468.0.0) {01/22/19 15:34:15}
01/22/19 15:34:15 Number of idle job procs: 7
01/22/19 15:34:15 DAG status: 0 (DAG_STATUS_OK)
01/22/19 15:34:15 Of 9 nodes total:
01/22/19 15:34:15  Done     Pre   Queued    Post   Ready   Un-Ready   Failed
01/22/19 15:34:15   ===     ===      ===     ===     ===        ===      ===
01/22/19 15:34:15     0       0        7       0       2          0        0
01/22/19 15:34:15 0 job proc(s) currently held
01/22/19 15:34:15 DAGMan Runtime Statistics: [ EventCycleTimeStd = 5.801063060760498; EventCycleTimeMax = 5.801063060760498; SubmitCycleTimeMin = 5.800704956054688; SubmitCycleTimeAvg = 6.051120519638062; SleepCycleTimeCount = 1.0; SubmitCycleTimeCount = 2.0; SubmitCycleTimeMax = 6.301536083221436; SleepCycleTimeMin = 5.004940986633301; SubmitCycleTimeSum = 12.10224103927612; LogProcessCycleTimeStd = 6.237733579612317E-06; SubmitCycleTimeStd = 0.3541410862489097; LogProcessCycleTimeAvg = 0.0001984834671020508; EventCycleTimeMin = 5.801063060760498; LogProcessCycleTimeMax = 0.0002028942108154297; LogProcessCycleTimeMin = 0.0001940727233886719; LogProcessCycleTimeSum = 0.0003969669342041016; LogProcessCycleTimeCount = 2.0; EventCycleTimeSum = 5.801063060760498; SleepCycleTimeSum = 5.004940986633301; SleepCycleTimeAvg = 5.004940986633301; SleepCycleTimeStd = 5.004940986633301; SleepCycleTimeMax = 5.004940986633301; EventCycleTimeCount = 1.0; EventCycleTimeAvg = 5.801063060760498; ]
01/22/19 15:34:20 Sleeping for 1 s (DAGMAN_SUBMIT_DELAY) to throttle submissions...
01/22/19 15:34:21 Submitting HTCondor Node GRECO_Simulation_Processing_20190122_04_arg_7 job(s)...
01/22/19 15:34:21 Adding a DAGMan workflow log /home/apizzuto/Nova/scripts/pycondorScripts/condor/submit/Nova_GRECO_processing_20190122_04.submit.nodes.log
01/22/19 15:34:21 Masking the events recorded in the DAGMAN workflow log
01/22/19 15:34:21 Mask for workflow log is 0,1,2,4,5,7,9,10,11,12,13,16,17,24,27,35,36
01/22/19 15:34:21 submitting: /usr/bin/condor_submit -a dag_node_name' '=' 'GRECO_Simulation_Processing_20190122_04_arg_7 -a +DAGManJobId' '=' '13537332 -a DAGManJobId' '=' '13537332 -batch-name Nova_GRECO_processing_20190122_04.submit+13537332 -a submit_event_notes' '=' 'DAG' 'Node:' 'GRECO_Simulation_Processing_20190122_04_arg_7 -a dagman_log' '=' '/home/apizzuto/Nova/scripts/pycondorScripts/condor/submit/Nova_GRECO_processing_20190122_04.submit.nodes.log -a +DAGManNodesMask' '=' '"0,1,2,4,5,7,9,10,11,12,13,16,17,24,27,35,36" -a ARGS' '=' '/data/user/apizzuto/Nova/simulation/nugen_nutau_LE' '/data/ana/LE/NBI_nutau_appearance/level7_5July2017/nugen/nutau_LE/Level7*.bz2 -a DAG_STATUS' '=' '0 -a FAILED_COUNT' '=' '0 -a notification' '=' 'never -a +DAGParentNodeNames' '=' '"" condor/submit/GRECO_Simulation_Processing_20190122_04.submit
01/22/19 15:34:22 From submit: Submitting job(s).
01/22/19 15:34:22 From submit: 1 job(s) submitted to cluster 13537483.
01/22/19 15:34:22 	assigned HTCondor ID (13537483.0.0)
01/22/19 15:34:22 Sleeping for 1 s (DAGMAN_SUBMIT_DELAY) to throttle submissions...
01/22/19 15:34:23 Submitting HTCondor Node GRECO_Simulation_Processing_20190122_04_arg_8 job(s)...
01/22/19 15:34:23 Adding a DAGMan workflow log /home/apizzuto/Nova/scripts/pycondorScripts/condor/submit/Nova_GRECO_processing_20190122_04.submit.nodes.log
01/22/19 15:34:23 Masking the events recorded in the DAGMAN workflow log
01/22/19 15:34:23 Mask for workflow log is 0,1,2,4,5,7,9,10,11,12,13,16,17,24,27,35,36
01/22/19 15:34:23 submitting: /usr/bin/condor_submit -a dag_node_name' '=' 'GRECO_Simulation_Processing_20190122_04_arg_8 -a +DAGManJobId' '=' '13537332 -a DAGManJobId' '=' '13537332 -batch-name Nova_GRECO_processing_20190122_04.submit+13537332 -a submit_event_notes' '=' 'DAG' 'Node:' 'GRECO_Simulation_Processing_20190122_04_arg_8 -a dagman_log' '=' '/home/apizzuto/Nova/scripts/pycondorScripts/condor/submit/Nova_GRECO_processing_20190122_04.submit.nodes.log -a +DAGManNodesMask' '=' '"0,1,2,4,5,7,9,10,11,12,13,16,17,24,27,35,36" -a ARGS' '=' '/data/user/apizzuto/Nova/simulation/nugen_nutau_ME' '/data/ana/LE/NBI_nutau_appearance/level7_5July2017/nugen/nutau_ME/Level7*.bz2 -a DAG_STATUS' '=' '0 -a FAILED_COUNT' '=' '0 -a notification' '=' 'never -a +DAGParentNodeNames' '=' '"" condor/submit/GRECO_Simulation_Processing_20190122_04.submit
01/22/19 15:34:23 From submit: Submitting job(s).
01/22/19 15:34:23 From submit: 1 job(s) submitted to cluster 13537485.
01/22/19 15:34:23 	assigned HTCondor ID (13537485.0.0)
01/22/19 15:34:23 Just submitted 2 jobs this cycle...
01/22/19 15:34:23 Currently monitoring 1 HTCondor log file(s)
01/22/19 15:34:23 Reassigning the id of job GRECO_Simulation_Processing_20190122_04_arg_7 from (13537483.0.0) to (13537483.0.0)
01/22/19 15:34:23 Event: ULOG_SUBMIT for HTCondor Node GRECO_Simulation_Processing_20190122_04_arg_7 (13537483.0.0) {01/22/19 15:34:22}
01/22/19 15:34:23 Number of idle job procs: 8
01/22/19 15:34:23 Reassigning the id of job GRECO_Simulation_Processing_20190122_04_arg_8 from (13537485.0.0) to (13537485.0.0)
01/22/19 15:34:23 Event: ULOG_SUBMIT for HTCondor Node GRECO_Simulation_Processing_20190122_04_arg_8 (13537485.0.0) {01/22/19 15:34:23}
01/22/19 15:34:23 Number of idle job procs: 9
01/22/19 15:34:23 DAG status: 0 (DAG_STATUS_OK)
01/22/19 15:34:23 Of 9 nodes total:
01/22/19 15:34:23  Done     Pre   Queued    Post   Ready   Un-Ready   Failed
01/22/19 15:34:23   ===     ===      ===     ===     ===        ===      ===
01/22/19 15:34:23     0       0        9       0       0          0        0
01/22/19 15:34:23 0 job proc(s) currently held
01/22/19 15:34:23 DAGMan Runtime Statistics: [ EventCycleTimeStd = 0.3541247332716874; EventCycleTimeMax = 6.301871061325073; SubmitCycleTimeMin = 3.067625999450684; SubmitCycleTimeAvg = 5.056622346242269; SleepCycleTimeCount = 2.0; SubmitCycleTimeCount = 3.0; SubmitCycleTimeMax = 6.301536083221436; SleepCycleTimeMin = 5.004940986633301; SubmitCycleTimeSum = 15.16986703872681; LogProcessCycleTimeStd = 5.009306169518687E-05; SubmitCycleTimeStd = 1.740628566106935; LogProcessCycleTimeAvg = 0.000169674555460612; EventCycleTimeMin = 5.801063060760498; LogProcessCycleTimeMax = 0.0002028942108154297; LogProcessCycleTimeMin = 0.0001120567321777344; LogProcessCycleTimeSum = 0.0005090236663818359; LogProcessCycleTimeCount = 3.0; EventCycleTimeSum = 12.10293412208557; SleepCycleTimeSum = 10.01001977920532; SleepCycleTimeAvg = 5.005009889602661; SleepCycleTimeStd = 9.7443513757187E-05; SleepCycleTimeMax = 5.005078792572021; EventCycleTimeCount = 2.0; EventCycleTimeAvg = 6.051467061042786; ]
01/22/19 15:35:54 Currently monitoring 1 HTCondor log file(s)
01/22/19 15:35:54 Event: ULOG_EXECUTE for HTCondor Node GRECO_Simulation_Processing_20190122_04_arg_0 (13537433.0.0) {01/22/19 15:35:52}
01/22/19 15:35:54 Number of idle job procs: 8
01/22/19 15:35:54 Event: ULOG_EXECUTE for HTCondor Node GRECO_Simulation_Processing_20190122_04_arg_3 (13537457.0.0) {01/22/19 15:35:52}
01/22/19 15:35:54 Number of idle job procs: 7
01/22/19 15:35:54 Event: ULOG_EXECUTE for HTCondor Node GRECO_Simulation_Processing_20190122_04_arg_2 (13537441.0.0) {01/22/19 15:35:52}
01/22/19 15:35:54 Number of idle job procs: 6
01/22/19 15:35:54 Event: ULOG_EXECUTE for HTCondor Node GRECO_Simulation_Processing_20190122_04_arg_4 (13537459.0.0) {01/22/19 15:35:53}
01/22/19 15:35:54 Number of idle job procs: 5
01/22/19 15:35:54 Event: ULOG_EXECUTE for HTCondor Node GRECO_Simulation_Processing_20190122_04_arg_5 (13537464.0.0) {01/22/19 15:35:53}
01/22/19 15:35:54 Number of idle job procs: 4
01/22/19 15:35:54 Event: ULOG_EXECUTE for HTCondor Node GRECO_Simulation_Processing_20190122_04_arg_6 (13537468.0.0) {01/22/19 15:35:53}
01/22/19 15:35:54 Number of idle job procs: 3
01/22/19 15:35:59 Currently monitoring 1 HTCondor log file(s)
01/22/19 15:35:59 Event: ULOG_EXECUTE for HTCondor Node GRECO_Simulation_Processing_20190122_04_arg_1 (13537436.0.0) {01/22/19 15:35:55}
01/22/19 15:35:59 Number of idle job procs: 2
01/22/19 15:35:59 Event: ULOG_JOB_TERMINATED for HTCondor Node GRECO_Simulation_Processing_20190122_04_arg_0 (13537433.0.0) {01/22/19 15:35:57}
01/22/19 15:35:59 Number of idle job procs: 2
01/22/19 15:35:59 Node GRECO_Simulation_Processing_20190122_04_arg_0 job proc (13537433.0.0) failed with status 1.
01/22/19 15:35:59 Event: ULOG_JOB_TERMINATED for HTCondor Node GRECO_Simulation_Processing_20190122_04_arg_3 (13537457.0.0) {01/22/19 15:35:57}
01/22/19 15:35:59 Number of idle job procs: 2
01/22/19 15:35:59 Node GRECO_Simulation_Processing_20190122_04_arg_3 job proc (13537457.0.0) failed with status 1.
01/22/19 15:35:59 Event: ULOG_JOB_TERMINATED for HTCondor Node GRECO_Simulation_Processing_20190122_04_arg_2 (13537441.0.0) {01/22/19 15:35:57}
01/22/19 15:35:59 Number of idle job procs: 2
01/22/19 15:35:59 Node GRECO_Simulation_Processing_20190122_04_arg_2 job proc (13537441.0.0) failed with status 1.
01/22/19 15:35:59 Event: ULOG_EXECUTE for HTCondor Node GRECO_Simulation_Processing_20190122_04_arg_8 (13537485.0.0) {01/22/19 15:35:58}
01/22/19 15:35:59 Number of idle job procs: 1
01/22/19 15:35:59 Event: ULOG_EXECUTE for HTCondor Node GRECO_Simulation_Processing_20190122_04_arg_7 (13537483.0.0) {01/22/19 15:35:58}
01/22/19 15:35:59 Number of idle job procs: 0
01/22/19 15:35:59 Event: ULOG_JOB_TERMINATED for HTCondor Node GRECO_Simulation_Processing_20190122_04_arg_6 (13537468.0.0) {01/22/19 15:35:58}
01/22/19 15:35:59 Number of idle job procs: 0
01/22/19 15:35:59 Node GRECO_Simulation_Processing_20190122_04_arg_6 job proc (13537468.0.0) failed with status 1.
01/22/19 15:35:59 Event: ULOG_JOB_TERMINATED for HTCondor Node GRECO_Simulation_Processing_20190122_04_arg_5 (13537464.0.0) {01/22/19 15:35:58}
01/22/19 15:35:59 Number of idle job procs: 0
01/22/19 15:35:59 Node GRECO_Simulation_Processing_20190122_04_arg_5 job proc (13537464.0.0) failed with status 1.
01/22/19 15:35:59 Event: ULOG_JOB_TERMINATED for HTCondor Node GRECO_Simulation_Processing_20190122_04_arg_4 (13537459.0.0) {01/22/19 15:35:58}
01/22/19 15:35:59 Number of idle job procs: 0
01/22/19 15:35:59 Node GRECO_Simulation_Processing_20190122_04_arg_4 job proc (13537459.0.0) failed with status 1.
01/22/19 15:35:59 Event: ULOG_JOB_TERMINATED for HTCondor Node GRECO_Simulation_Processing_20190122_04_arg_8 (13537485.0.0) {01/22/19 15:35:58}
01/22/19 15:35:59 Number of idle job procs: 0
01/22/19 15:35:59 Node GRECO_Simulation_Processing_20190122_04_arg_8 job proc (13537485.0.0) failed with status 1.
01/22/19 15:35:59 Event: ULOG_JOB_TERMINATED for HTCondor Node GRECO_Simulation_Processing_20190122_04_arg_7 (13537483.0.0) {01/22/19 15:35:59}
01/22/19 15:35:59 Number of idle job procs: 0
01/22/19 15:35:59 Node GRECO_Simulation_Processing_20190122_04_arg_7 job proc (13537483.0.0) failed with status 1.
01/22/19 15:35:59 Event: ULOG_JOB_TERMINATED for HTCondor Node GRECO_Simulation_Processing_20190122_04_arg_1 (13537436.0.0) {01/22/19 15:35:59}
01/22/19 15:35:59 Number of idle job procs: 0
01/22/19 15:35:59 Node GRECO_Simulation_Processing_20190122_04_arg_1 job proc (13537436.0.0) failed with status 1.
01/22/19 15:35:59 DAG status: 2 (DAG_STATUS_NODE_FAILED)
01/22/19 15:35:59 Of 9 nodes total:
01/22/19 15:35:59  Done     Pre   Queued    Post   Ready   Un-Ready   Failed
01/22/19 15:35:59   ===     ===      ===     ===     ===        ===      ===
01/22/19 15:35:59     0       0        0       0       0          0        9
01/22/19 15:35:59 0 job proc(s) currently held
01/22/19 15:35:59 DAGMan Runtime Statistics: [ EventCycleTimeStd = 1.885528496357787; EventCycleTimeMax = 6.301871061325073; SubmitCycleTimeMin = 1.001358032226562E-05; SubmitCycleTimeAvg = 0.6895516243847933; SleepCycleTimeCount = 21.0; SubmitCycleTimeCount = 22.0; SubmitCycleTimeMax = 6.301536083221436; SleepCycleTimeMin = 5.00068211555481; SubmitCycleTimeSum = 15.17013573646545; LogProcessCycleTimeStd = 0.02990526516923885; SubmitCycleTimeStd = 1.855587091444211; LogProcessCycleTimeAvg = 0.01363883018493652; EventCycleTimeMin = 2.408027648925781E-05; LogProcessCycleTimeMax = 0.06713414192199707; LogProcessCycleTimeMin = 0.0001120567321777344; LogProcessCycleTimeSum = 0.06819415092468262; LogProcessCycleTimeCount = 5.0; EventCycleTimeSum = 15.71480178833008; SleepCycleTimeSum = 105.4792501926422; SleepCycleTimeAvg = 5.022821437744867; SleepCycleTimeStd = 0.06355302474976984; SleepCycleTimeMax = 5.271452903747559; EventCycleTimeCount = 21.0; EventCycleTimeAvg = 0.7483238946823847; ]
01/22/19 15:35:59 ERROR: the following job(s) failed:
01/22/19 15:35:59 ---------------------- Job ----------------------
01/22/19 15:35:59       Node Name: GRECO_Simulation_Processing_20190122_04_arg_0
01/22/19 15:35:59            Noop: false
01/22/19 15:35:59          NodeID: 0
01/22/19 15:35:59     Node Status: STATUS_ERROR    
01/22/19 15:35:59 Node return val: 1
01/22/19 15:35:59           Error: Job proc (13537433.0.0) failed with status 1
01/22/19 15:35:59 Job Submit File: condor/submit/GRECO_Simulation_Processing_20190122_04.submit
01/22/19 15:35:59  HTCondor Job ID: (13537433.0.0)
01/22/19 15:35:59       Q_PARENTS: <END>
01/22/19 15:35:59       Q_WAITING: <END>
01/22/19 15:35:59      Q_CHILDREN: <END>
01/22/19 15:35:59 ---------------------- Job ----------------------
01/22/19 15:35:59       Node Name: GRECO_Simulation_Processing_20190122_04_arg_1
01/22/19 15:35:59            Noop: false
01/22/19 15:35:59          NodeID: 1
01/22/19 15:35:59     Node Status: STATUS_ERROR    
01/22/19 15:35:59 Node return val: 1
01/22/19 15:35:59           Error: Job proc (13537436.0.0) failed with status 1
01/22/19 15:35:59 Job Submit File: condor/submit/GRECO_Simulation_Processing_20190122_04.submit
01/22/19 15:35:59  HTCondor Job ID: (13537436.0.0)
01/22/19 15:35:59       Q_PARENTS: <END>
01/22/19 15:35:59       Q_WAITING: <END>
01/22/19 15:35:59      Q_CHILDREN: <END>
01/22/19 15:35:59 ---------------------- Job ----------------------
01/22/19 15:35:59       Node Name: GRECO_Simulation_Processing_20190122_04_arg_2
01/22/19 15:35:59            Noop: false
01/22/19 15:35:59          NodeID: 2
01/22/19 15:35:59     Node Status: STATUS_ERROR    
01/22/19 15:35:59 Node return val: 1
01/22/19 15:35:59           Error: Job proc (13537441.0.0) failed with status 1
01/22/19 15:35:59 Job Submit File: condor/submit/GRECO_Simulation_Processing_20190122_04.submit
01/22/19 15:35:59  HTCondor Job ID: (13537441.0.0)
01/22/19 15:35:59       Q_PARENTS: <END>
01/22/19 15:35:59       Q_WAITING: <END>
01/22/19 15:35:59      Q_CHILDREN: <END>
01/22/19 15:35:59 ---------------------- Job ----------------------
01/22/19 15:35:59       Node Name: GRECO_Simulation_Processing_20190122_04_arg_3
01/22/19 15:35:59            Noop: false
01/22/19 15:35:59          NodeID: 3
01/22/19 15:35:59     Node Status: STATUS_ERROR    
01/22/19 15:35:59 Node return val: 1
01/22/19 15:35:59           Error: Job proc (13537457.0.0) failed with status 1
01/22/19 15:35:59 Job Submit File: condor/submit/GRECO_Simulation_Processing_20190122_04.submit
01/22/19 15:35:59  HTCondor Job ID: (13537457.0.0)
01/22/19 15:35:59       Q_PARENTS: <END>
01/22/19 15:35:59       Q_WAITING: <END>
01/22/19 15:35:59      Q_CHILDREN: <END>
01/22/19 15:35:59 ---------------------- Job ----------------------
01/22/19 15:35:59       Node Name: GRECO_Simulation_Processing_20190122_04_arg_4
01/22/19 15:35:59            Noop: false
01/22/19 15:35:59          NodeID: 4
01/22/19 15:35:59     Node Status: STATUS_ERROR    
01/22/19 15:35:59 Node return val: 1
01/22/19 15:35:59           Error: Job proc (13537459.0.0) failed with status 1
01/22/19 15:35:59 Job Submit File: condor/submit/GRECO_Simulation_Processing_20190122_04.submit
01/22/19 15:35:59  HTCondor Job ID: (13537459.0.0)
01/22/19 15:35:59       Q_PARENTS: <END>
01/22/19 15:35:59       Q_WAITING: <END>
01/22/19 15:35:59      Q_CHILDREN: <END>
01/22/19 15:35:59 ---------------------- Job ----------------------
01/22/19 15:35:59       Node Name: GRECO_Simulation_Processing_20190122_04_arg_5
01/22/19 15:35:59            Noop: false
01/22/19 15:35:59          NodeID: 5
01/22/19 15:35:59     Node Status: STATUS_ERROR    
01/22/19 15:35:59 Node return val: 1
01/22/19 15:35:59           Error: Job proc (13537464.0.0) failed with status 1
01/22/19 15:35:59 Job Submit File: condor/submit/GRECO_Simulation_Processing_20190122_04.submit
01/22/19 15:35:59  HTCondor Job ID: (13537464.0.0)
01/22/19 15:35:59       Q_PARENTS: <END>
01/22/19 15:35:59       Q_WAITING: <END>
01/22/19 15:35:59      Q_CHILDREN: <END>
01/22/19 15:35:59 ---------------------- Job ----------------------
01/22/19 15:35:59       Node Name: GRECO_Simulation_Processing_20190122_04_arg_6
01/22/19 15:35:59            Noop: false
01/22/19 15:35:59          NodeID: 6
01/22/19 15:35:59     Node Status: STATUS_ERROR    
01/22/19 15:35:59 Node return val: 1
01/22/19 15:35:59           Error: Job proc (13537468.0.0) failed with status 1
01/22/19 15:35:59 Job Submit File: condor/submit/GRECO_Simulation_Processing_20190122_04.submit
01/22/19 15:35:59  HTCondor Job ID: (13537468.0.0)
01/22/19 15:35:59       Q_PARENTS: <END>
01/22/19 15:35:59       Q_WAITING: <END>
01/22/19 15:35:59      Q_CHILDREN: <END>
01/22/19 15:35:59 ---------------------- Job ----------------------
01/22/19 15:35:59       Node Name: GRECO_Simulation_Processing_20190122_04_arg_7
01/22/19 15:35:59            Noop: false
01/22/19 15:35:59          NodeID: 7
01/22/19 15:35:59     Node Status: STATUS_ERROR    
01/22/19 15:35:59 Node return val: 1
01/22/19 15:35:59           Error: Job proc (13537483.0.0) failed with status 1
01/22/19 15:35:59 Job Submit File: condor/submit/GRECO_Simulation_Processing_20190122_04.submit
01/22/19 15:35:59  HTCondor Job ID: (13537483.0.0)
01/22/19 15:35:59       Q_PARENTS: <END>
01/22/19 15:35:59       Q_WAITING: <END>
01/22/19 15:35:59      Q_CHILDREN: <END>
01/22/19 15:35:59 ---------------------- Job ----------------------
01/22/19 15:35:59       Node Name: GRECO_Simulation_Processing_20190122_04_arg_8
01/22/19 15:35:59            Noop: false
01/22/19 15:35:59          NodeID: 8
01/22/19 15:35:59     Node Status: STATUS_ERROR    
01/22/19 15:35:59 Node return val: 1
01/22/19 15:35:59           Error: Job proc (13537485.0.0) failed with status 1
01/22/19 15:35:59 Job Submit File: condor/submit/GRECO_Simulation_Processing_20190122_04.submit
01/22/19 15:35:59  HTCondor Job ID: (13537485.0.0)
01/22/19 15:35:59       Q_PARENTS: <END>
01/22/19 15:35:59       Q_WAITING: <END>
01/22/19 15:35:59      Q_CHILDREN: <END>
01/22/19 15:35:59 ---------------------------------------	<END>
01/22/19 15:35:59 Aborting DAG...
01/22/19 15:35:59 Writing Rescue DAG to condor/submit/Nova_GRECO_processing_20190122_04.submit.rescue001...
01/22/19 15:36:00 Removing submitted jobs...
01/22/19 15:36:00 Removing any/all submitted HTCondor jobs...
01/22/19 15:36:00 Running: /usr/bin/condor_rm -const DAGManJobId' '=?=' '13537332
01/22/19 15:36:01 Note: 0 total job deferrals because of -MaxJobs limit (0)
01/22/19 15:36:01 Note: 0 total job deferrals because of -MaxIdle limit (1000)
01/22/19 15:36:01 Note: 0 total job deferrals because of node category throttles
01/22/19 15:36:01 Note: 0 total PRE script deferrals because of -MaxPre limit (20) or DEFER
01/22/19 15:36:01 Note: 0 total POST script deferrals because of -MaxPost limit (20) or DEFER
01/22/19 15:36:01 DAG status: 2 (DAG_STATUS_NODE_FAILED)
01/22/19 15:36:01 Of 9 nodes total:
01/22/19 15:36:01  Done     Pre   Queued    Post   Ready   Un-Ready   Failed
01/22/19 15:36:01   ===     ===      ===     ===     ===        ===      ===
01/22/19 15:36:01     0       0        0       0       0          0        9
01/22/19 15:36:01 0 job proc(s) currently held
01/22/19 15:36:01 DAGMan Runtime Statistics: [ EventCycleTimeStd = 1.885528496357787; EventCycleTimeMax = 6.301871061325073; SubmitCycleTimeMin = 1.001358032226562E-05; SubmitCycleTimeAvg = 0.6895516243847933; SleepCycleTimeCount = 21.0; SubmitCycleTimeCount = 22.0; SubmitCycleTimeMax = 6.301536083221436; SleepCycleTimeMin = 5.00068211555481; SubmitCycleTimeSum = 15.17013573646545; LogProcessCycleTimeStd = 0.02990526516923885; SubmitCycleTimeStd = 1.855587091444211; LogProcessCycleTimeAvg = 0.01363883018493652; EventCycleTimeMin = 2.408027648925781E-05; LogProcessCycleTimeMax = 0.06713414192199707; LogProcessCycleTimeMin = 0.0001120567321777344; LogProcessCycleTimeSum = 0.06819415092468262; LogProcessCycleTimeCount = 5.0; EventCycleTimeSum = 15.71480178833008; SleepCycleTimeSum = 105.4792501926422; SleepCycleTimeAvg = 5.022821437744867; SleepCycleTimeStd = 0.06355302474976984; SleepCycleTimeMax = 5.271452903747559; EventCycleTimeCount = 21.0; EventCycleTimeAvg = 0.7483238946823847; ]
01/22/19 15:36:01 Wrote metrics file condor/submit/Nova_GRECO_processing_20190122_04.submit.metrics.
01/22/19 15:36:01 Metrics not sent because of PEGASUS_METRICS or CONDOR_DEVELOPERS setting.
01/22/19 15:36:01 DAGMan Runtime Statistics: [ EventCycleTimeStd = 1.885528496357787; EventCycleTimeMax = 6.301871061325073; SubmitCycleTimeMin = 1.001358032226562E-05; SubmitCycleTimeAvg = 0.6895516243847933; SleepCycleTimeCount = 21.0; SubmitCycleTimeCount = 22.0; SubmitCycleTimeMax = 6.301536083221436; SleepCycleTimeMin = 5.00068211555481; SubmitCycleTimeSum = 15.17013573646545; LogProcessCycleTimeStd = 0.02990526516923885; SubmitCycleTimeStd = 1.855587091444211; LogProcessCycleTimeAvg = 0.01363883018493652; EventCycleTimeMin = 2.408027648925781E-05; LogProcessCycleTimeMax = 0.06713414192199707; LogProcessCycleTimeMin = 0.0001120567321777344; LogProcessCycleTimeSum = 0.06819415092468262; LogProcessCycleTimeCount = 5.0; EventCycleTimeSum = 15.71480178833008; SleepCycleTimeSum = 105.4792501926422; SleepCycleTimeAvg = 5.022821437744867; SleepCycleTimeStd = 0.06355302474976984; SleepCycleTimeMax = 5.271452903747559; EventCycleTimeCount = 21.0; EventCycleTimeAvg = 0.7483238946823847; ]
01/22/19 15:36:01 **** condor_scheduniv_exec.13537332.0 (condor_DAGMAN) pid 3556 EXITING WITH STATUS 1
