000 (13539280.000.000) 01/22 15:51:01 Job submitted from host: <10.128.11.86:41047?addrs=10.128.11.86-41047>
    DAG Node: GRECO_Simulation_Processing_20190122_06_arg_0
...
000 (13539284.000.000) 01/22 15:51:03 Job submitted from host: <10.128.11.86:41047?addrs=10.128.11.86-41047>
    DAG Node: GRECO_Simulation_Processing_20190122_06_arg_1
...
000 (13539287.000.000) 01/22 15:51:04 Job submitted from host: <10.128.11.86:41047?addrs=10.128.11.86-41047>
    DAG Node: GRECO_Simulation_Processing_20190122_06_arg_2
...
000 (13539297.000.000) 01/22 15:51:11 Job submitted from host: <10.128.11.86:41047?addrs=10.128.11.86-41047>
    DAG Node: GRECO_Simulation_Processing_20190122_06_arg_3
...
000 (13539301.000.000) 01/22 15:51:13 Job submitted from host: <10.128.11.86:41047?addrs=10.128.11.86-41047>
    DAG Node: GRECO_Simulation_Processing_20190122_06_arg_4
...
000 (13539306.000.000) 01/22 15:51:14 Job submitted from host: <10.128.11.86:41047?addrs=10.128.11.86-41047>
    DAG Node: GRECO_Simulation_Processing_20190122_06_arg_5
...
000 (13539310.000.000) 01/22 15:51:16 Job submitted from host: <10.128.11.86:41047?addrs=10.128.11.86-41047>
    DAG Node: GRECO_Simulation_Processing_20190122_06_arg_6
...
000 (13539321.000.000) 01/22 15:51:23 Job submitted from host: <10.128.11.86:41047?addrs=10.128.11.86-41047>
    DAG Node: GRECO_Simulation_Processing_20190122_06_arg_7
...
000 (13539325.000.000) 01/22 15:51:24 Job submitted from host: <10.128.11.86:41047?addrs=10.128.11.86-41047>
    DAG Node: GRECO_Simulation_Processing_20190122_06_arg_8
...
001 (13539310.000.000) 01/22 15:52:56 Job executing on host: <10.128.10.245:59297?addrs=10.128.10.245-59297>
...
001 (13539325.000.000) 01/22 15:52:56 Job executing on host: <10.128.10.245:59297?addrs=10.128.10.245-59297>
...
001 (13539297.000.000) 01/22 15:52:56 Job executing on host: <10.128.10.11:53524?addrs=10.128.10.11-53524>
...
001 (13539284.000.000) 01/22 15:52:56 Job executing on host: <10.128.10.213:56369?addrs=10.128.10.213-56369>
...
001 (13539321.000.000) 01/22 15:52:56 Job executing on host: <10.128.10.213:56369?addrs=10.128.10.213-56369>
...
001 (13539287.000.000) 01/22 15:52:56 Job executing on host: <10.128.10.245:59297?addrs=10.128.10.245-59297>
...
001 (13539280.000.000) 01/22 15:52:56 Job executing on host: <10.128.10.122:52178?addrs=10.128.10.122-52178>
...
001 (13539301.000.000) 01/22 15:52:57 Job executing on host: <10.128.11.31:35531?addrs=10.128.11.31-35531>
...
001 (13539306.000.000) 01/22 15:53:02 Job executing on host: <10.128.11.42:46860?addrs=10.128.11.42-46860>
...
006 (13539280.000.000) 01/22 15:53:05 Image size of job updated: 16028
	3  -  MemoryUsage of job (MB)
	2516  -  ResidentSetSize of job (KB)
...
006 (13539297.000.000) 01/22 15:53:05 Image size of job updated: 2796
	3  -  MemoryUsage of job (MB)
	2576  -  ResidentSetSize of job (KB)
...
006 (13539310.000.000) 01/22 15:53:05 Image size of job updated: 3948
	3  -  MemoryUsage of job (MB)
	2800  -  ResidentSetSize of job (KB)
...
006 (13539321.000.000) 01/22 15:53:05 Image size of job updated: 2644
	3  -  MemoryUsage of job (MB)
	2512  -  ResidentSetSize of job (KB)
...
006 (13539284.000.000) 01/22 15:53:05 Image size of job updated: 6372
	3  -  MemoryUsage of job (MB)
	2512  -  ResidentSetSize of job (KB)
...
006 (13539325.000.000) 01/22 15:53:05 Image size of job updated: 11460
	3  -  MemoryUsage of job (MB)
	2512  -  ResidentSetSize of job (KB)
...
006 (13539287.000.000) 01/22 15:53:05 Image size of job updated: 2640
	3  -  MemoryUsage of job (MB)
	2512  -  ResidentSetSize of job (KB)
...
006 (13539301.000.000) 01/22 15:53:06 Image size of job updated: 2724
	3  -  MemoryUsage of job (MB)
	2508  -  ResidentSetSize of job (KB)
...
006 (13539306.000.000) 01/22 15:53:11 Image size of job updated: 3032
	3  -  MemoryUsage of job (MB)
	2576  -  ResidentSetSize of job (KB)
...
005 (13539287.000.000) 01/22 15:55:49 Job terminated.
	(1) Normal termination (return value 1)
		Usr 0 00:00:00, Sys 0 00:00:00  -  Run Remote Usage
		Usr 0 00:00:00, Sys 0 00:00:00  -  Run Local Usage
		Usr 0 00:00:00, Sys 0 00:00:00  -  Total Remote Usage
		Usr 0 00:00:00, Sys 0 00:00:00  -  Total Local Usage
	0  -  Run Bytes Sent By Job
	0  -  Run Bytes Received By Job
	0  -  Total Bytes Sent By Job
	0  -  Total Bytes Received By Job
	Partitionable Resources :    Usage  Request Allocated 
	   Admin_mutex_1         :                           0 
	   Admin_mutex_2         :                           0 
	   Admin_mutex_3         :                           0 
	   Cpus                  :        0        1         1 
	   Disk (KB)             :        1  1000000   1606058 
	   Gpus                  :                           0 
	   Machine_token         :                           0 
	   Memory (MB)           :        3     4000      4096 
...
005 (13539310.000.000) 01/22 15:55:49 Job terminated.
	(1) Normal termination (return value 1)
		Usr 0 00:00:00, Sys 0 00:00:00  -  Run Remote Usage
		Usr 0 00:00:00, Sys 0 00:00:00  -  Run Local Usage
		Usr 0 00:00:00, Sys 0 00:00:00  -  Total Remote Usage
		Usr 0 00:00:00, Sys 0 00:00:00  -  Total Local Usage
	0  -  Run Bytes Sent By Job
	0  -  Run Bytes Received By Job
	0  -  Total Bytes Sent By Job
	0  -  Total Bytes Received By Job
	Partitionable Resources :    Usage  Request Allocated 
	   Admin_mutex_1         :                           0 
	   Admin_mutex_2         :                           0 
	   Admin_mutex_3         :                           0 
	   Cpus                  :        0        1         1 
	   Disk (KB)             :        1  1000000   1606057 
	   Gpus                  :                           0 
	   Machine_token         :                           0 
	   Memory (MB)           :        3     4000      4096 
...
005 (13539325.000.000) 01/22 15:55:49 Job terminated.
	(1) Normal termination (return value 1)
		Usr 0 00:00:01, Sys 0 00:00:00  -  Run Remote Usage
		Usr 0 00:00:00, Sys 0 00:00:00  -  Run Local Usage
		Usr 0 00:00:01, Sys 0 00:00:00  -  Total Remote Usage
		Usr 0 00:00:00, Sys 0 00:00:00  -  Total Local Usage
	0  -  Run Bytes Sent By Job
	0  -  Run Bytes Received By Job
	0  -  Total Bytes Sent By Job
	0  -  Total Bytes Received By Job
	Partitionable Resources :    Usage  Request Allocated 
	   Admin_mutex_1         :                           0 
	   Admin_mutex_2         :                           0 
	   Admin_mutex_3         :                           0 
	   Cpus                  :        0        1         1 
	   Disk (KB)             :        1  1000000   1606053 
	   Gpus                  :                           0 
	   Machine_token         :                           0 
	   Memory (MB)           :        3     4000      4096 
...
005 (13539280.000.000) 01/22 15:55:54 Job terminated.
	(1) Normal termination (return value 1)
		Usr 0 00:00:00, Sys 0 00:00:00  -  Run Remote Usage
		Usr 0 00:00:00, Sys 0 00:00:00  -  Run Local Usage
		Usr 0 00:00:00, Sys 0 00:00:00  -  Total Remote Usage
		Usr 0 00:00:00, Sys 0 00:00:00  -  Total Local Usage
	0  -  Run Bytes Sent By Job
	0  -  Run Bytes Received By Job
	0  -  Total Bytes Sent By Job
	0  -  Total Bytes Received By Job
	Partitionable Resources :    Usage  Request Allocated 
	   Admin_mutex_1         :                           0 
	   Admin_mutex_2         :                           0 
	   Admin_mutex_3         :                           0 
	   Cpus                  :     0.01        1         1 
	   Disk (KB)             :     1     1000000   1153821 
	   Gpus                  :                           0 
	   Machine_token         :                           0 
	   Memory (MB)           :     3        4000      4096 
...
005 (13539297.000.000) 01/22 15:56:00 Job terminated.
	(1) Normal termination (return value 1)
		Usr 0 00:00:00, Sys 0 00:00:00  -  Run Remote Usage
		Usr 0 00:00:00, Sys 0 00:00:00  -  Run Local Usage
		Usr 0 00:00:00, Sys 0 00:00:00  -  Total Remote Usage
		Usr 0 00:00:00, Sys 0 00:00:00  -  Total Local Usage
	0  -  Run Bytes Sent By Job
	0  -  Run Bytes Received By Job
	0  -  Total Bytes Sent By Job
	0  -  Total Bytes Received By Job
	Partitionable Resources :    Usage  Request Allocated 
	   Admin_mutex_1         :                           0 
	   Admin_mutex_2         :                           0 
	   Admin_mutex_3         :                           0 
	   Cpus                  :     0.01        1         1 
	   Disk (KB)             :     1     1000000   1612152 
	   Gpus                  :                           0 
	   Machine_token         :                           0 
	   Memory (MB)           :     3        4000      4096 
...
005 (13539306.000.000) 01/22 15:56:06 Job terminated.
	(1) Normal termination (return value 1)
		Usr 0 00:00:00, Sys 0 00:00:00  -  Run Remote Usage
		Usr 0 00:00:00, Sys 0 00:00:00  -  Run Local Usage
		Usr 0 00:00:00, Sys 0 00:00:00  -  Total Remote Usage
		Usr 0 00:00:00, Sys 0 00:00:00  -  Total Local Usage
	0  -  Run Bytes Sent By Job
	0  -  Run Bytes Received By Job
	0  -  Total Bytes Sent By Job
	0  -  Total Bytes Received By Job
	Partitionable Resources :    Usage  Request Allocated 
	   Admin_mutex_1         :                           0 
	   Admin_mutex_2         :                           0 
	   Admin_mutex_3         :                           0 
	   Cpus                  :        0        1         1 
	   Disk (KB)             :        1  1000000   3321388 
	   Gpus                  :                           0 
	   Machine_token         :                           0 
	   Memory (MB)           :        3     4000      4096 
...
005 (13539284.000.000) 01/22 15:56:28 Job terminated.
	(1) Normal termination (return value 1)
		Usr 0 00:00:00, Sys 0 00:00:01  -  Run Remote Usage
		Usr 0 00:00:00, Sys 0 00:00:00  -  Run Local Usage
		Usr 0 00:00:00, Sys 0 00:00:01  -  Total Remote Usage
		Usr 0 00:00:00, Sys 0 00:00:00  -  Total Local Usage
	0  -  Run Bytes Sent By Job
	0  -  Run Bytes Received By Job
	0  -  Total Bytes Sent By Job
	0  -  Total Bytes Received By Job
	Partitionable Resources :    Usage  Request Allocated 
	   Admin_mutex_1         :                           0 
	   Admin_mutex_2         :                           0 
	   Admin_mutex_3         :                           0 
	   Cpus                  :     0.00        1         1 
	   Disk (KB)             :     1     1000000   1599567 
	   Gpus                  :                           0 
	   Machine_token         :                           0 
	   Memory (MB)           :     3        4000      4096 
...
005 (13539321.000.000) 01/22 15:56:29 Job terminated.
	(1) Normal termination (return value 1)
		Usr 0 00:00:01, Sys 0 00:00:00  -  Run Remote Usage
		Usr 0 00:00:00, Sys 0 00:00:00  -  Run Local Usage
		Usr 0 00:00:01, Sys 0 00:00:00  -  Total Remote Usage
		Usr 0 00:00:00, Sys 0 00:00:00  -  Total Local Usage
	0  -  Run Bytes Sent By Job
	0  -  Run Bytes Received By Job
	0  -  Total Bytes Sent By Job
	0  -  Total Bytes Received By Job
	Partitionable Resources :    Usage  Request Allocated 
	   Admin_mutex_1         :                           0 
	   Admin_mutex_2         :                           0 
	   Admin_mutex_3         :                           0 
	   Cpus                  :     0.00        1         1 
	   Disk (KB)             :     1     1000000   1599566 
	   Gpus                  :                           0 
	   Machine_token         :                           0 
	   Memory (MB)           :     3        4000      4096 
...
006 (13539301.000.000) 01/22 15:58:07 Image size of job updated: 54716
	30  -  MemoryUsage of job (MB)
	29832  -  ResidentSetSize of job (KB)
...
005 (13539301.000.000) 01/22 15:58:37 Job terminated.
	(1) Normal termination (return value 1)
		Usr 0 00:00:00, Sys 0 00:00:00  -  Run Remote Usage
		Usr 0 00:00:00, Sys 0 00:00:00  -  Run Local Usage
		Usr 0 00:00:00, Sys 0 00:00:00  -  Total Remote Usage
		Usr 0 00:00:00, Sys 0 00:00:00  -  Total Local Usage
	0  -  Run Bytes Sent By Job
	0  -  Run Bytes Received By Job
	0  -  Total Bytes Sent By Job
	0  -  Total Bytes Received By Job
	Partitionable Resources :    Usage  Request Allocated 
	   Admin_mutex_1         :                           0 
	   Admin_mutex_2         :                           0 
	   Admin_mutex_3         :                           0 
	   Cpus                  :     0.00        1         1 
	   Disk (KB)             :     1     1000000   3321011 
	   Gpus                  :                           0 
	   Machine_token         :                           0 
	   Memory (MB)           :    30        4000      4096 
...
