000 (13540532.000.000) 01/22 16:04:59 Job submitted from host: <10.128.11.86:41047?addrs=10.128.11.86-41047>
    DAG Node: GRECO_Simulation_Processing_20190122_07_arg_0
...
000 (13540535.000.000) 01/22 16:05:00 Job submitted from host: <10.128.11.86:41047?addrs=10.128.11.86-41047>
    DAG Node: GRECO_Simulation_Processing_20190122_07_arg_1
...
000 (13540538.000.000) 01/22 16:05:01 Job submitted from host: <10.128.11.86:41047?addrs=10.128.11.86-41047>
    DAG Node: GRECO_Simulation_Processing_20190122_07_arg_2
...
000 (13540619.000.000) 01/22 16:05:58 Job submitted from host: <10.128.11.86:41047?addrs=10.128.11.86-41047>
    DAG Node: GRECO_Simulation_Processing_20190122_07_arg_4
...
000 (13540704.000.000) 01/22 16:06:57 Job submitted from host: <10.128.11.86:41047?addrs=10.128.11.86-41047>
    DAG Node: GRECO_Simulation_Processing_20190122_07_arg_6
...
000 (13540787.000.000) 01/22 16:07:53 Job submitted from host: <10.128.11.86:41047?addrs=10.128.11.86-41047>
    DAG Node: GRECO_Simulation_Processing_20190122_07_arg_8
...
001 (13540535.000.000) 01/22 16:09:55 Job executing on host: <10.128.10.149:55568?addrs=10.128.10.149-55568>
...
001 (13540532.000.000) 01/22 16:09:56 Job executing on host: <10.128.10.144:45086?addrs=10.128.10.144-45086>
...
001 (13540538.000.000) 01/22 16:09:56 Job executing on host: <10.128.10.128:59136?addrs=10.128.10.128-59136>
...
001 (13540787.000.000) 01/22 16:09:56 Job executing on host: <10.128.10.211:59172?addrs=10.128.10.211-59172>
...
001 (13540704.000.000) 01/22 16:09:56 Job executing on host: <10.128.10.139:54672?addrs=10.128.10.139-54672>
...
001 (13540619.000.000) 01/22 16:09:56 Job executing on host: <10.128.10.155:56437?addrs=10.128.10.155-56437>
...
006 (13540535.000.000) 01/22 16:10:04 Image size of job updated: 51588
	27  -  MemoryUsage of job (MB)
	26636  -  ResidentSetSize of job (KB)
...
006 (13540538.000.000) 01/22 16:10:04 Image size of job updated: 49236
	25  -  MemoryUsage of job (MB)
	25544  -  ResidentSetSize of job (KB)
...
006 (13540787.000.000) 01/22 16:10:04 Image size of job updated: 47520
	25  -  MemoryUsage of job (MB)
	25312  -  ResidentSetSize of job (KB)
...
006 (13540532.000.000) 01/22 16:10:04 Image size of job updated: 51244
	25  -  MemoryUsage of job (MB)
	25332  -  ResidentSetSize of job (KB)
...
006 (13540704.000.000) 01/22 16:10:04 Image size of job updated: 51536
	27  -  MemoryUsage of job (MB)
	27244  -  ResidentSetSize of job (KB)
...
006 (13540619.000.000) 01/22 16:10:05 Image size of job updated: 64744
	35  -  MemoryUsage of job (MB)
	35504  -  ResidentSetSize of job (KB)
...
005 (13540787.000.000) 01/22 16:10:21 Job terminated.
	(1) Normal termination (return value 0)
		Usr 0 00:00:09, Sys 0 00:00:01  -  Run Remote Usage
		Usr 0 00:00:00, Sys 0 00:00:00  -  Run Local Usage
		Usr 0 00:00:09, Sys 0 00:00:01  -  Total Remote Usage
		Usr 0 00:00:00, Sys 0 00:00:00  -  Total Local Usage
	0  -  Run Bytes Sent By Job
	0  -  Run Bytes Received By Job
	0  -  Total Bytes Sent By Job
	0  -  Total Bytes Received By Job
	Partitionable Resources :    Usage  Request Allocated 
	   Admin_mutex_1         :                           0 
	   Admin_mutex_2         :                           0 
	   Admin_mutex_3         :                           0 
	   Cpus                  :     0.22        1         1 
	   Disk (KB)             :     1     1000000   1595336 
	   Gpus                  :                           0 
	   Machine_token         :                           0 
	   Memory (MB)           :    25        4000      4096 
...
005 (13540704.000.000) 01/22 16:10:51 Job terminated.
	(1) Normal termination (return value 0)
		Usr 0 00:00:21, Sys 0 00:00:01  -  Run Remote Usage
		Usr 0 00:00:00, Sys 0 00:00:00  -  Run Local Usage
		Usr 0 00:00:21, Sys 0 00:00:01  -  Total Remote Usage
		Usr 0 00:00:00, Sys 0 00:00:00  -  Total Local Usage
	0  -  Run Bytes Sent By Job
	0  -  Run Bytes Received By Job
	0  -  Total Bytes Sent By Job
	0  -  Total Bytes Received By Job
	Partitionable Resources :    Usage  Request Allocated 
	   Admin_mutex_1         :                           0 
	   Admin_mutex_2         :                           0 
	   Admin_mutex_3         :                           0 
	   Cpus                  :        0        1         1 
	   Disk (KB)             :        1  1000000   1165413 
	   Gpus                  :                           0 
	   Machine_token         :                           0 
	   Memory (MB)           :       27     4000      4096 
...
006 (13540619.000.000) 01/22 16:11:04 Image size of job updated: 625912
	35  -  MemoryUsage of job (MB)
	35828  -  ResidentSetSize of job (KB)
...
005 (13540619.000.000) 01/22 16:11:04 Job terminated.
	(1) Normal termination (return value 0)
		Usr 0 00:00:42, Sys 0 00:00:02  -  Run Remote Usage
		Usr 0 00:00:00, Sys 0 00:00:00  -  Run Local Usage
		Usr 0 00:00:42, Sys 0 00:00:02  -  Total Remote Usage
		Usr 0 00:00:00, Sys 0 00:00:00  -  Total Local Usage
	0  -  Run Bytes Sent By Job
	0  -  Run Bytes Received By Job
	0  -  Total Bytes Sent By Job
	0  -  Total Bytes Received By Job
	Partitionable Resources :    Usage  Request Allocated 
	   Admin_mutex_1         :                           0 
	   Admin_mutex_2         :                           0 
	   Admin_mutex_3         :                           0 
	   Cpus                  :     0.70        1         1 
	   Disk (KB)             :     1     1000000   1165412 
	   Gpus                  :                           0 
	   Machine_token         :                           0 
	   Memory (MB)           :    35        4000      4096 
...
006 (13540535.000.000) 01/22 16:15:04 Image size of job updated: 83996
	54  -  MemoryUsage of job (MB)
	54632  -  ResidentSetSize of job (KB)
...
006 (13540538.000.000) 01/22 16:15:04 Image size of job updated: 83292
	54  -  MemoryUsage of job (MB)
	55036  -  ResidentSetSize of job (KB)
...
006 (13540532.000.000) 01/22 16:15:04 Image size of job updated: 85988
	55  -  MemoryUsage of job (MB)
	55528  -  ResidentSetSize of job (KB)
...
006 (13540535.000.000) 01/22 16:20:04 Image size of job updated: 95972
	66  -  MemoryUsage of job (MB)
	66580  -  ResidentSetSize of job (KB)
...
006 (13540538.000.000) 01/22 16:20:04 Image size of job updated: 94488
	65  -  MemoryUsage of job (MB)
	66300  -  ResidentSetSize of job (KB)
...
006 (13540532.000.000) 01/22 16:20:04 Image size of job updated: 99236
	68  -  MemoryUsage of job (MB)
	68744  -  ResidentSetSize of job (KB)
...
006 (13540535.000.000) 01/22 16:25:05 Image size of job updated: 165920
	79  -  MemoryUsage of job (MB)
	80180  -  ResidentSetSize of job (KB)
...
006 (13540538.000.000) 01/22 16:25:05 Image size of job updated: 109972
	80  -  MemoryUsage of job (MB)
	81712  -  ResidentSetSize of job (KB)
...
006 (13540532.000.000) 01/22 16:25:05 Image size of job updated: 112372
	81  -  MemoryUsage of job (MB)
	81944  -  ResidentSetSize of job (KB)
...
005 (13540538.000.000) 01/22 16:26:44 Job terminated.
	(1) Normal termination (return value 0)
		Usr 0 00:16:11, Sys 0 00:00:08  -  Run Remote Usage
		Usr 0 00:00:00, Sys 0 00:00:00  -  Run Local Usage
		Usr 0 00:16:11, Sys 0 00:00:08  -  Total Remote Usage
		Usr 0 00:00:00, Sys 0 00:00:00  -  Total Local Usage
	0  -  Run Bytes Sent By Job
	0  -  Run Bytes Received By Job
	0  -  Total Bytes Sent By Job
	0  -  Total Bytes Received By Job
	Partitionable Resources :    Usage  Request Allocated 
	   Admin_mutex_1         :                           0 
	   Admin_mutex_2         :                           0 
	   Admin_mutex_3         :                           0 
	   Cpus                  :     0.98        1         1 
	   Disk (KB)             :     1     1000000   1757317 
	   Gpus                  :                           0 
	   Machine_token         :                           0 
	   Memory (MB)           :    80        4000      4096 
...
006 (13540535.000.000) 01/22 16:30:06 Image size of job updated: 165920
	91  -  MemoryUsage of job (MB)
	92300  -  ResidentSetSize of job (KB)
...
006 (13540532.000.000) 01/22 16:30:06 Image size of job updated: 124160
	92  -  MemoryUsage of job (MB)
	93732  -  ResidentSetSize of job (KB)
...
006 (13540535.000.000) 01/22 16:35:06 Image size of job updated: 192988
	103  -  MemoryUsage of job (MB)
	104988  -  ResidentSetSize of job (KB)
...
006 (13540532.000.000) 01/22 16:35:06 Image size of job updated: 138764
	106  -  MemoryUsage of job (MB)
	108344  -  ResidentSetSize of job (KB)
...
006 (13540532.000.000) 01/22 16:40:06 Image size of job updated: 146500
	120  -  MemoryUsage of job (MB)
	122176  -  ResidentSetSize of job (KB)
...
006 (13540535.000.000) 01/22 16:40:06 Image size of job updated: 192988
	115  -  MemoryUsage of job (MB)
	117424  -  ResidentSetSize of job (KB)
...
006 (13540535.000.000) 01/22 16:45:07 Image size of job updated: 192988
	127  -  MemoryUsage of job (MB)
	129548  -  ResidentSetSize of job (KB)
...
006 (13540532.000.000) 01/22 16:45:08 Image size of job updated: 158352
	131  -  MemoryUsage of job (MB)
	134028  -  ResidentSetSize of job (KB)
...
006 (13540535.000.000) 01/22 16:50:07 Image size of job updated: 192988
	138  -  MemoryUsage of job (MB)
	141108  -  ResidentSetSize of job (KB)
...
006 (13540532.000.000) 01/22 16:50:08 Image size of job updated: 171800
	145  -  MemoryUsage of job (MB)
	147496  -  ResidentSetSize of job (KB)
...
006 (13540535.000.000) 01/22 16:55:07 Image size of job updated: 192988
	150  -  MemoryUsage of job (MB)
	153004  -  ResidentSetSize of job (KB)
...
006 (13540532.000.000) 01/22 16:55:08 Image size of job updated: 186684
	159  -  MemoryUsage of job (MB)
	162568  -  ResidentSetSize of job (KB)
...
006 (13540532.000.000) 01/22 16:56:54 Image size of job updated: 190716
	159  -  MemoryUsage of job (MB)
	162568  -  ResidentSetSize of job (KB)
...
005 (13540532.000.000) 01/22 16:56:54 Job terminated.
	(1) Normal termination (return value 0)
		Usr 0 00:45:07, Sys 0 00:00:27  -  Run Remote Usage
		Usr 0 00:00:00, Sys 0 00:00:00  -  Run Local Usage
		Usr 0 00:45:07, Sys 0 00:00:27  -  Total Remote Usage
		Usr 0 00:00:00, Sys 0 00:00:00  -  Total Local Usage
	0  -  Run Bytes Sent By Job
	0  -  Run Bytes Received By Job
	0  -  Total Bytes Sent By Job
	0  -  Total Bytes Received By Job
	Partitionable Resources :    Usage  Request Allocated 
	   Admin_mutex_1         :                           0 
	   Admin_mutex_2         :                           0 
	   Admin_mutex_3         :                           0 
	   Cpus                  :     0.96        1         1 
	   Disk (KB)             :     1     1000000   1162640 
	   Gpus                  :                           0 
	   Machine_token         :                           0 
	   Memory (MB)           :   159        4000      4096 
...
006 (13540535.000.000) 01/22 17:00:08 Image size of job updated: 193264
	161  -  MemoryUsage of job (MB)
	164108  -  ResidentSetSize of job (KB)
...
006 (13540535.000.000) 01/22 17:05:09 Image size of job updated: 193264
	172  -  MemoryUsage of job (MB)
	176084  -  ResidentSetSize of job (KB)
...
006 (13540535.000.000) 01/22 17:10:09 Image size of job updated: 203708
	184  -  MemoryUsage of job (MB)
	187912  -  ResidentSetSize of job (KB)
...
006 (13540535.000.000) 01/22 17:15:10 Image size of job updated: 205148
	196  -  MemoryUsage of job (MB)
	200068  -  ResidentSetSize of job (KB)
...
006 (13540535.000.000) 01/22 17:20:11 Image size of job updated: 217128
	208  -  MemoryUsage of job (MB)
	211988  -  ResidentSetSize of job (KB)
...
006 (13540535.000.000) 01/22 17:25:11 Image size of job updated: 229796
	220  -  MemoryUsage of job (MB)
	224656  -  ResidentSetSize of job (KB)
...
006 (13540535.000.000) 01/22 17:30:11 Image size of job updated: 241852
	232  -  MemoryUsage of job (MB)
	236708  -  ResidentSetSize of job (KB)
...
006 (13540535.000.000) 01/22 17:35:13 Image size of job updated: 254156
	244  -  MemoryUsage of job (MB)
	249012  -  ResidentSetSize of job (KB)
...
006 (13540535.000.000) 01/22 17:40:13 Image size of job updated: 270664
	260  -  MemoryUsage of job (MB)
	265512  -  ResidentSetSize of job (KB)
...
006 (13540535.000.000) 01/22 17:45:13 Image size of job updated: 284136
	273  -  MemoryUsage of job (MB)
	278984  -  ResidentSetSize of job (KB)
...
006 (13540535.000.000) 01/22 17:50:13 Image size of job updated: 299676
	288  -  MemoryUsage of job (MB)
	294536  -  ResidentSetSize of job (KB)
...
006 (13540535.000.000) 01/22 17:55:14 Image size of job updated: 315204
	303  -  MemoryUsage of job (MB)
	310064  -  ResidentSetSize of job (KB)
...
006 (13540535.000.000) 01/22 18:00:15 Image size of job updated: 330708
	318  -  MemoryUsage of job (MB)
	325568  -  ResidentSetSize of job (KB)
...
006 (13540535.000.000) 01/22 18:05:15 Image size of job updated: 346448
	334  -  MemoryUsage of job (MB)
	341316  -  ResidentSetSize of job (KB)
...
006 (13540535.000.000) 01/22 18:07:21 Image size of job updated: 580112
	334  -  MemoryUsage of job (MB)
	341316  -  ResidentSetSize of job (KB)
...
005 (13540535.000.000) 01/22 18:07:21 Job terminated.
	(1) Normal termination (return value 0)
		Usr 0 01:53:09, Sys 0 00:00:54  -  Run Remote Usage
		Usr 0 00:00:00, Sys 0 00:00:00  -  Run Local Usage
		Usr 0 01:53:09, Sys 0 00:00:54  -  Total Remote Usage
		Usr 0 00:00:00, Sys 0 00:00:00  -  Total Local Usage
	0  -  Run Bytes Sent By Job
	0  -  Run Bytes Received By Job
	0  -  Total Bytes Sent By Job
	0  -  Total Bytes Received By Job
	Partitionable Resources :    Usage  Request Allocated 
	   Admin_mutex_1         :                           0 
	   Admin_mutex_2         :                           0 
	   Admin_mutex_3         :                           0 
	   Cpus                  :     0.97        1         1 
	   Disk (KB)             :     1     1000000   1427943 
	   Gpus                  :                           0 
	   Machine_token         :                           0 
	   Memory (MB)           :   334        4000      4096 
...
